[2.152s] Invoking command in '/home/ml_nd/ROS2Level3_ws/src/executors_py': PYTHONPATH=/home/ml_nd/ROS2Level3_ws/build/executors_py/prefix_override:/home/ml_nd/ROS2Level3_ws/install/executors_py/lib/python3.10/site-packages:${PYTHONPATH} /usr/bin/python3 setup.py egg_info --egg-base ../../build/executors_py build --build-base /home/ml_nd/ROS2Level3_ws/build/executors_py/build install --record /home/ml_nd/ROS2Level3_ws/build/executors_py/install.log --single-version-externally-managed
[2.699s] running egg_info
[2.699s] creating ../../build/executors_py/executors_py.egg-info
[2.699s] writing ../../build/executors_py/executors_py.egg-info/PKG-INFO
[2.705s] writing dependency_links to ../../build/executors_py/executors_py.egg-info/dependency_links.txt
[2.705s] writing entry points to ../../build/executors_py/executors_py.egg-info/entry_points.txt
[2.705s] writing requirements to ../../build/executors_py/executors_py.egg-info/requires.txt
[2.706s] writing top-level names to ../../build/executors_py/executors_py.egg-info/top_level.txt
[2.706s] writing manifest file '../../build/executors_py/executors_py.egg-info/SOURCES.txt'
[2.706s] reading manifest file '../../build/executors_py/executors_py.egg-info/SOURCES.txt'
[2.707s] writing manifest file '../../build/executors_py/executors_py.egg-info/SOURCES.txt'
[2.707s] running build
[2.708s] running build_py
[2.708s] creating /home/ml_nd/ROS2Level3_ws/build/executors_py/build
[2.708s] creating /home/ml_nd/ROS2Level3_ws/build/executors_py/build/lib
[2.708s] creating /home/ml_nd/ROS2Level3_ws/build/executors_py/build/lib/executors_py
[2.708s] copying executors_py/single_threaded_executor.py -> /home/ml_nd/ROS2Level3_ws/build/executors_py/build/lib/executors_py
[2.708s] copying executors_py/multi_threaded_executor.py -> /home/ml_nd/ROS2Level3_ws/build/executors_py/build/lib/executors_py
[2.708s] copying executors_py/__init__.py -> /home/ml_nd/ROS2Level3_ws/build/executors_py/build/lib/executors_py
[2.709s] copying executors_py/number_publisher.py -> /home/ml_nd/ROS2Level3_ws/build/executors_py/build/lib/executors_py
[2.709s] running install
[2.710s] /usr/lib/python3/dist-packages/setuptools/command/install.py:34: SetuptoolsDeprecationWarning: setup.py install is deprecated. Use build and pip and other standards-based tools.
[2.710s]   warnings.warn(
[2.710s] running install_lib
[2.711s] creating /home/ml_nd/ROS2Level3_ws/install/executors_py/lib/python3.10/site-packages/executors_py
[2.711s] copying /home/ml_nd/ROS2Level3_ws/build/executors_py/build/lib/executors_py/single_threaded_executor.py -> /home/ml_nd/ROS2Level3_ws/install/executors_py/lib/python3.10/site-packages/executors_py
[2.711s] copying /home/ml_nd/ROS2Level3_ws/build/executors_py/build/lib/executors_py/multi_threaded_executor.py -> /home/ml_nd/ROS2Level3_ws/install/executors_py/lib/python3.10/site-packages/executors_py
[2.712s] copying /home/ml_nd/ROS2Level3_ws/build/executors_py/build/lib/executors_py/__init__.py -> /home/ml_nd/ROS2Level3_ws/install/executors_py/lib/python3.10/site-packages/executors_py
[2.712s] copying /home/ml_nd/ROS2Level3_ws/build/executors_py/build/lib/executors_py/number_publisher.py -> /home/ml_nd/ROS2Level3_ws/install/executors_py/lib/python3.10/site-packages/executors_py
[2.712s] byte-compiling /home/ml_nd/ROS2Level3_ws/install/executors_py/lib/python3.10/site-packages/executors_py/single_threaded_executor.py to single_threaded_executor.cpython-310.pyc
[2.713s] byte-compiling /home/ml_nd/ROS2Level3_ws/install/executors_py/lib/python3.10/site-packages/executors_py/multi_threaded_executor.py to multi_threaded_executor.cpython-310.pyc
[2.713s] byte-compiling /home/ml_nd/ROS2Level3_ws/install/executors_py/lib/python3.10/site-packages/executors_py/__init__.py to __init__.cpython-310.pyc
[2.713s] byte-compiling /home/ml_nd/ROS2Level3_ws/install/executors_py/lib/python3.10/site-packages/executors_py/number_publisher.py to number_publisher.cpython-310.pyc
[2.714s] running install_data
[2.715s] creating /home/ml_nd/ROS2Level3_ws/install/executors_py/share/ament_index
[2.715s] creating /home/ml_nd/ROS2Level3_ws/install/executors_py/share/ament_index/resource_index
[2.716s] creating /home/ml_nd/ROS2Level3_ws/install/executors_py/share/ament_index/resource_index/packages
[2.716s] copying resource/executors_py -> /home/ml_nd/ROS2Level3_ws/install/executors_py/share/ament_index/resource_index/packages
[2.716s] copying package.xml -> /home/ml_nd/ROS2Level3_ws/install/executors_py/share/executors_py
[2.716s] running install_egg_info
[2.718s] Copying ../../build/executors_py/executors_py.egg-info to /home/ml_nd/ROS2Level3_ws/install/executors_py/lib/python3.10/site-packages/executors_py-0.0.0-py3.10.egg-info
[2.721s] running install_scripts
[2.759s] Installing multi_threaded_executor script to /home/ml_nd/ROS2Level3_ws/install/executors_py/lib/executors_py
[2.759s] Installing single_threaded_executor script to /home/ml_nd/ROS2Level3_ws/install/executors_py/lib/executors_py
[2.761s] writing list of installed files to '/home/ml_nd/ROS2Level3_ws/build/executors_py/install.log'
[2.966s] Invoked command in '/home/ml_nd/ROS2Level3_ws/src/executors_py' returned '0': PYTHONPATH=/home/ml_nd/ROS2Level3_ws/build/executors_py/prefix_override:/home/ml_nd/ROS2Level3_ws/install/executors_py/lib/python3.10/site-packages:${PYTHONPATH} /usr/bin/python3 setup.py egg_info --egg-base ../../build/executors_py build --build-base /home/ml_nd/ROS2Level3_ws/build/executors_py/build install --record /home/ml_nd/ROS2Level3_ws/build/executors_py/install.log --single-version-externally-managed
