[0.131s] Invoking command in '/home/ml_nd/ROS2Level3_ws/build/lifecycle_cpp': CMAKE_PREFIX_PATH=/opt/ros/humble /usr/bin/cmake /home/ml_nd/ROS2Level3_ws/src/lifecycle_cpp -DCMAKE_INSTALL_PREFIX=/home/ml_nd/ROS2Level3_ws/install/lifecycle_cpp
[0.205s] -- The C compiler identification is GNU 11.4.0
[0.283s] -- The CXX compiler identification is GNU 11.4.0
[0.295s] -- Detecting C compiler ABI info
[0.389s] -- Detecting C compiler ABI info - done
[0.404s] -- Check for working C compiler: /usr/bin/cc - skipped
[0.404s] -- Detecting C compile features
[0.405s] -- Detecting C compile features - done
[0.410s] -- Detecting CXX compiler ABI info
[0.531s] -- Detecting CXX compiler ABI info - done
[0.540s] -- Check for working CXX compiler: /usr/bin/c++ - skipped
[0.540s] -- Detecting CXX compile features
[0.541s] -- Detecting CXX compile features - done
[0.545s] -- Found ament_cmake: 1.3.7 (/opt/ros/humble/share/ament_cmake/cmake)
[0.768s] -- Found Python3: /usr/bin/python3.10 (found version "3.10.12") found components: Interpreter 
[0.895s] -- Found rclcpp: 16.0.8 (/opt/ros/humble/share/rclcpp/cmake)
[0.937s] -- Found rosidl_generator_c: 3.1.5 (/opt/ros/humble/share/rosidl_generator_c/cmake)
[0.942s] -- Found rosidl_adapter: 3.1.5 (/opt/ros/humble/share/rosidl_adapter/cmake)
[0.950s] -- Found rosidl_generator_cpp: 3.1.5 (/opt/ros/humble/share/rosidl_generator_cpp/cmake)
[0.965s] -- Using all available rosidl_typesupport_c: rosidl_typesupport_fastrtps_c;rosidl_typesupport_introspection_c
[0.988s] -- Using all available rosidl_typesupport_cpp: rosidl_typesupport_fastrtps_cpp;rosidl_typesupport_introspection_cpp
[1.087s] -- Found rmw_implementation_cmake: 6.1.1 (/opt/ros/humble/share/rmw_implementation_cmake/cmake)
[1.091s] -- Found rmw_fastrtps_cpp: 6.2.6 (/opt/ros/humble/share/rmw_fastrtps_cpp/cmake)
[1.253s] -- Found OpenSSL: /usr/lib/x86_64-linux-gnu/libcrypto.so (found version "3.0.2")  
[1.295s] -- Found FastRTPS: /opt/ros/humble/include  
[1.368s] -- Using RMW implementation 'rmw_fastrtps_cpp' as default
[1.384s] -- Looking for pthread.h
[1.485s] -- Looking for pthread.h - found
[1.486s] -- Performing Test CMAKE_HAVE_LIBC_PTHREAD
[1.580s] -- Performing Test CMAKE_HAVE_LIBC_PTHREAD - Success
[1.581s] -- Found Threads: TRUE  
[1.792s] -- Found example_interfaces: 0.9.3 (/opt/ros/humble/share/example_interfaces/cmake)
[2.011s] -- Configuring done
[2.021s] -- Generating done
[2.022s] -- Build files have been written to: /home/ml_nd/ROS2Level3_ws/build/lifecycle_cpp
[2.033s] Invoked command in '/home/ml_nd/ROS2Level3_ws/build/lifecycle_cpp' returned '0': CMAKE_PREFIX_PATH=/opt/ros/humble /usr/bin/cmake /home/ml_nd/ROS2Level3_ws/src/lifecycle_cpp -DCMAKE_INSTALL_PREFIX=/home/ml_nd/ROS2Level3_ws/install/lifecycle_cpp
[2.036s] Invoking command in '/home/ml_nd/ROS2Level3_ws/build/lifecycle_cpp': CMAKE_PREFIX_PATH=/opt/ros/humble /usr/bin/cmake --build /home/ml_nd/ROS2Level3_ws/build/lifecycle_cpp -- -j4 -l4
[2.087s] [ 50%] [32mBuilding CXX object CMakeFiles/number_publisher.dir/src/number_publisher.cpp.o[0m
[8.513s] [100%] [32m[1mLinking CXX executable number_publisher[0m
[8.732s] [100%] Built target number_publisher
[8.744s] Invoked command in '/home/ml_nd/ROS2Level3_ws/build/lifecycle_cpp' returned '0': CMAKE_PREFIX_PATH=/opt/ros/humble /usr/bin/cmake --build /home/ml_nd/ROS2Level3_ws/build/lifecycle_cpp -- -j4 -l4
[8.779s] Invoking command in '/home/ml_nd/ROS2Level3_ws/build/lifecycle_cpp': CMAKE_PREFIX_PATH=/opt/ros/humble /usr/bin/cmake --install /home/ml_nd/ROS2Level3_ws/build/lifecycle_cpp
[8.786s] -- Install configuration: ""
[8.786s] -- Installing: /home/ml_nd/ROS2Level3_ws/install/lifecycle_cpp/lib/lifecycle_cpp/number_publisher
[8.787s] -- Set runtime path of "/home/ml_nd/ROS2Level3_ws/install/lifecycle_cpp/lib/lifecycle_cpp/number_publisher" to ""
[8.788s] -- Installing: /home/ml_nd/ROS2Level3_ws/install/lifecycle_cpp/share/ament_index/resource_index/package_run_dependencies/lifecycle_cpp
[8.788s] -- Installing: /home/ml_nd/ROS2Level3_ws/install/lifecycle_cpp/share/ament_index/resource_index/parent_prefix_path/lifecycle_cpp
[8.788s] -- Installing: /home/ml_nd/ROS2Level3_ws/install/lifecycle_cpp/share/lifecycle_cpp/environment/ament_prefix_path.sh
[8.788s] -- Installing: /home/ml_nd/ROS2Level3_ws/install/lifecycle_cpp/share/lifecycle_cpp/environment/ament_prefix_path.dsv
[8.788s] -- Installing: /home/ml_nd/ROS2Level3_ws/install/lifecycle_cpp/share/lifecycle_cpp/environment/path.sh
[8.789s] -- Installing: /home/ml_nd/ROS2Level3_ws/install/lifecycle_cpp/share/lifecycle_cpp/environment/path.dsv
[8.789s] -- Installing: /home/ml_nd/ROS2Level3_ws/install/lifecycle_cpp/share/lifecycle_cpp/local_setup.bash
[8.789s] -- Installing: /home/ml_nd/ROS2Level3_ws/install/lifecycle_cpp/share/lifecycle_cpp/local_setup.sh
[8.789s] -- Installing: /home/ml_nd/ROS2Level3_ws/install/lifecycle_cpp/share/lifecycle_cpp/local_setup.zsh
[8.789s] -- Installing: /home/ml_nd/ROS2Level3_ws/install/lifecycle_cpp/share/lifecycle_cpp/local_setup.dsv
[8.789s] -- Installing: /home/ml_nd/ROS2Level3_ws/install/lifecycle_cpp/share/lifecycle_cpp/package.dsv
[8.789s] -- Installing: /home/ml_nd/ROS2Level3_ws/install/lifecycle_cpp/share/ament_index/resource_index/packages/lifecycle_cpp
[8.790s] -- Installing: /home/ml_nd/ROS2Level3_ws/install/lifecycle_cpp/share/lifecycle_cpp/cmake/lifecycle_cppConfig.cmake
[8.790s] -- Installing: /home/ml_nd/ROS2Level3_ws/install/lifecycle_cpp/share/lifecycle_cpp/cmake/lifecycle_cppConfig-version.cmake
[8.790s] -- Installing: /home/ml_nd/ROS2Level3_ws/install/lifecycle_cpp/share/lifecycle_cpp/package.xml
[8.792s] Invoked command in '/home/ml_nd/ROS2Level3_ws/build/lifecycle_cpp' returned '0': CMAKE_PREFIX_PATH=/opt/ros/humble /usr/bin/cmake --install /home/ml_nd/ROS2Level3_ws/build/lifecycle_cpp
