[0.150s] Invoking command in '/home/ml_nd/ROS2Level3_ws/build/my_robot_bringup': AMENT_PREFIX_PATH=/home/ml_nd/ROS2Level3_ws/install/lifecycle_cpp:/home/ml_nd/ROS2Level3_ws/install/my_robot_interfaces:/home/ml_nd/ROS2Level3_ws/install/lifecycle_py:${AMENT_PREFIX_PATH} CMAKE_PREFIX_PATH=/home/ml_nd/ROS2Level3_ws/install/lifecycle_cpp:/home/ml_nd/ROS2Level3_ws/install/my_robot_interfaces:/opt/ros/humble LD_LIBRARY_PATH=/home/ml_nd/ROS2Level3_ws/install/my_robot_interfaces/lib:${LD_LIBRARY_PATH} PYTHONPATH=/home/ml_nd/ROS2Level3_ws/install/my_robot_interfaces/local/lib/python3.10/dist-packages:/home/ml_nd/ROS2Level3_ws/install/lifecycle_py/lib/python3.10/site-packages:${PYTHONPATH} /usr/bin/cmake /home/ml_nd/ROS2Level3_ws/src/my_robot_bringup -DCMAKE_INSTALL_PREFIX=/home/ml_nd/ROS2Level3_ws/install/my_robot_bringup
[0.239s] -- The C compiler identification is GNU 11.4.0
[0.344s] -- The CXX compiler identification is GNU 11.4.0
[0.357s] -- Detecting C compiler ABI info
[0.432s] -- Detecting C compiler ABI info - done
[0.440s] -- Check for working C compiler: /usr/bin/cc - skipped
[0.440s] -- Detecting C compile features
[0.440s] -- Detecting C compile features - done
[0.444s] -- Detecting CXX compiler ABI info
[0.527s] -- Detecting CXX compiler ABI info - done
[0.535s] -- Check for working CXX compiler: /usr/bin/c++ - skipped
[0.535s] -- Detecting CXX compile features
[0.536s] -- Detecting CXX compile features - done
[0.539s] -- Found ament_cmake: 1.3.7 (/opt/ros/humble/share/ament_cmake/cmake)
[0.725s] -- Found Python3: /usr/bin/python3.10 (found version "3.10.12") found components: Interpreter 
[0.885s] -- Configuring done
[0.888s] -- Generating done
[0.889s] -- Build files have been written to: /home/ml_nd/ROS2Level3_ws/build/my_robot_bringup
[0.893s] Invoked command in '/home/ml_nd/ROS2Level3_ws/build/my_robot_bringup' returned '0': AMENT_PREFIX_PATH=/home/ml_nd/ROS2Level3_ws/install/lifecycle_cpp:/home/ml_nd/ROS2Level3_ws/install/my_robot_interfaces:/home/ml_nd/ROS2Level3_ws/install/lifecycle_py:${AMENT_PREFIX_PATH} CMAKE_PREFIX_PATH=/home/ml_nd/ROS2Level3_ws/install/lifecycle_cpp:/home/ml_nd/ROS2Level3_ws/install/my_robot_interfaces:/opt/ros/humble LD_LIBRARY_PATH=/home/ml_nd/ROS2Level3_ws/install/my_robot_interfaces/lib:${LD_LIBRARY_PATH} PYTHONPATH=/home/ml_nd/ROS2Level3_ws/install/my_robot_interfaces/local/lib/python3.10/dist-packages:/home/ml_nd/ROS2Level3_ws/install/lifecycle_py/lib/python3.10/site-packages:${PYTHONPATH} /usr/bin/cmake /home/ml_nd/ROS2Level3_ws/src/my_robot_bringup -DCMAKE_INSTALL_PREFIX=/home/ml_nd/ROS2Level3_ws/install/my_robot_bringup
[0.895s] Invoking command in '/home/ml_nd/ROS2Level3_ws/build/my_robot_bringup': AMENT_PREFIX_PATH=/home/ml_nd/ROS2Level3_ws/install/lifecycle_cpp:/home/ml_nd/ROS2Level3_ws/install/my_robot_interfaces:/home/ml_nd/ROS2Level3_ws/install/lifecycle_py:${AMENT_PREFIX_PATH} CMAKE_PREFIX_PATH=/home/ml_nd/ROS2Level3_ws/install/lifecycle_cpp:/home/ml_nd/ROS2Level3_ws/install/my_robot_interfaces:/opt/ros/humble LD_LIBRARY_PATH=/home/ml_nd/ROS2Level3_ws/install/my_robot_interfaces/lib:${LD_LIBRARY_PATH} PYTHONPATH=/home/ml_nd/ROS2Level3_ws/install/my_robot_interfaces/local/lib/python3.10/dist-packages:/home/ml_nd/ROS2Level3_ws/install/lifecycle_py/lib/python3.10/site-packages:${PYTHONPATH} /usr/bin/cmake --build /home/ml_nd/ROS2Level3_ws/build/my_robot_bringup -- -j4 -l4
[0.932s] Invoked command in '/home/ml_nd/ROS2Level3_ws/build/my_robot_bringup' returned '0': AMENT_PREFIX_PATH=/home/ml_nd/ROS2Level3_ws/install/lifecycle_cpp:/home/ml_nd/ROS2Level3_ws/install/my_robot_interfaces:/home/ml_nd/ROS2Level3_ws/install/lifecycle_py:${AMENT_PREFIX_PATH} CMAKE_PREFIX_PATH=/home/ml_nd/ROS2Level3_ws/install/lifecycle_cpp:/home/ml_nd/ROS2Level3_ws/install/my_robot_interfaces:/opt/ros/humble LD_LIBRARY_PATH=/home/ml_nd/ROS2Level3_ws/install/my_robot_interfaces/lib:${LD_LIBRARY_PATH} PYTHONPATH=/home/ml_nd/ROS2Level3_ws/install/my_robot_interfaces/local/lib/python3.10/dist-packages:/home/ml_nd/ROS2Level3_ws/install/lifecycle_py/lib/python3.10/site-packages:${PYTHONPATH} /usr/bin/cmake --build /home/ml_nd/ROS2Level3_ws/build/my_robot_bringup -- -j4 -l4
[0.955s] Invoking command in '/home/ml_nd/ROS2Level3_ws/build/my_robot_bringup': AMENT_PREFIX_PATH=/home/ml_nd/ROS2Level3_ws/install/lifecycle_cpp:/home/ml_nd/ROS2Level3_ws/install/my_robot_interfaces:/home/ml_nd/ROS2Level3_ws/install/lifecycle_py:${AMENT_PREFIX_PATH} CMAKE_PREFIX_PATH=/home/ml_nd/ROS2Level3_ws/install/lifecycle_cpp:/home/ml_nd/ROS2Level3_ws/install/my_robot_interfaces:/opt/ros/humble LD_LIBRARY_PATH=/home/ml_nd/ROS2Level3_ws/install/my_robot_interfaces/lib:${LD_LIBRARY_PATH} PYTHONPATH=/home/ml_nd/ROS2Level3_ws/install/my_robot_interfaces/local/lib/python3.10/dist-packages:/home/ml_nd/ROS2Level3_ws/install/lifecycle_py/lib/python3.10/site-packages:${PYTHONPATH} /usr/bin/cmake --install /home/ml_nd/ROS2Level3_ws/build/my_robot_bringup
[0.962s] -- Install configuration: ""
[0.962s] -- Installing: /home/ml_nd/ROS2Level3_ws/install/my_robot_bringup/share/my_robot_bringup//launch
[0.963s] -- Installing: /home/ml_nd/ROS2Level3_ws/install/my_robot_bringup/share/my_robot_bringup//launch/move_robot.launch.xml
[0.963s] -- Installing: /home/ml_nd/ROS2Level3_ws/install/my_robot_bringup/share/my_robot_bringup//launch/lifecycle_test.launch.xml
[0.963s] -- Installing: /home/ml_nd/ROS2Level3_ws/install/my_robot_bringup/share/my_robot_bringup//launch/lifecycle_test.launch.py
[0.963s] -- Installing: /home/ml_nd/ROS2Level3_ws/install/my_robot_bringup/share/ament_index/resource_index/package_run_dependencies/my_robot_bringup
[0.963s] -- Installing: /home/ml_nd/ROS2Level3_ws/install/my_robot_bringup/share/ament_index/resource_index/parent_prefix_path/my_robot_bringup
[0.963s] -- Installing: /home/ml_nd/ROS2Level3_ws/install/my_robot_bringup/share/my_robot_bringup/environment/ament_prefix_path.sh
[0.964s] -- Installing: /home/ml_nd/ROS2Level3_ws/install/my_robot_bringup/share/my_robot_bringup/environment/ament_prefix_path.dsv
[0.964s] -- Installing: /home/ml_nd/ROS2Level3_ws/install/my_robot_bringup/share/my_robot_bringup/environment/path.sh
[0.964s] -- Installing: /home/ml_nd/ROS2Level3_ws/install/my_robot_bringup/share/my_robot_bringup/environment/path.dsv
[0.964s] -- Installing: /home/ml_nd/ROS2Level3_ws/install/my_robot_bringup/share/my_robot_bringup/local_setup.bash
[0.964s] -- Installing: /home/ml_nd/ROS2Level3_ws/install/my_robot_bringup/share/my_robot_bringup/local_setup.sh
[0.965s] -- Installing: /home/ml_nd/ROS2Level3_ws/install/my_robot_bringup/share/my_robot_bringup/local_setup.zsh
[0.965s] -- Installing: /home/ml_nd/ROS2Level3_ws/install/my_robot_bringup/share/my_robot_bringup/local_setup.dsv
[0.965s] -- Installing: /home/ml_nd/ROS2Level3_ws/install/my_robot_bringup/share/my_robot_bringup/package.dsv
[0.965s] -- Installing: /home/ml_nd/ROS2Level3_ws/install/my_robot_bringup/share/ament_index/resource_index/packages/my_robot_bringup
[0.965s] -- Installing: /home/ml_nd/ROS2Level3_ws/install/my_robot_bringup/share/my_robot_bringup/cmake/my_robot_bringupConfig.cmake
[0.966s] -- Installing: /home/ml_nd/ROS2Level3_ws/install/my_robot_bringup/share/my_robot_bringup/cmake/my_robot_bringupConfig-version.cmake
[0.966s] -- Installing: /home/ml_nd/ROS2Level3_ws/install/my_robot_bringup/share/my_robot_bringup/package.xml
[0.968s] Invoked command in '/home/ml_nd/ROS2Level3_ws/build/my_robot_bringup' returned '0': AMENT_PREFIX_PATH=/home/ml_nd/ROS2Level3_ws/install/lifecycle_cpp:/home/ml_nd/ROS2Level3_ws/install/my_robot_interfaces:/home/ml_nd/ROS2Level3_ws/install/lifecycle_py:${AMENT_PREFIX_PATH} CMAKE_PREFIX_PATH=/home/ml_nd/ROS2Level3_ws/install/lifecycle_cpp:/home/ml_nd/ROS2Level3_ws/install/my_robot_interfaces:/opt/ros/humble LD_LIBRARY_PATH=/home/ml_nd/ROS2Level3_ws/install/my_robot_interfaces/lib:${LD_LIBRARY_PATH} PYTHONPATH=/home/ml_nd/ROS2Level3_ws/install/my_robot_interfaces/local/lib/python3.10/dist-packages:/home/ml_nd/ROS2Level3_ws/install/lifecycle_py/lib/python3.10/site-packages:${PYTHONPATH} /usr/bin/cmake --install /home/ml_nd/ROS2Level3_ws/build/my_robot_bringup
