[0.126s] Invoking command in '/home/ml_nd/ROS2Level3_ws/build/actions_cpp': AMENT_PREFIX_PATH=/home/ml_nd/ROS2Level3_ws/install/my_robot_interfaces:${AMENT_PREFIX_PATH} CMAKE_PREFIX_PATH=/home/ml_nd/ROS2Level3_ws/install/my_robot_interfaces:/opt/ros/humble LD_LIBRARY_PATH=/home/ml_nd/ROS2Level3_ws/install/my_robot_interfaces/lib:${LD_LIBRARY_PATH} PYTHONPATH=/home/ml_nd/ROS2Level3_ws/install/my_robot_interfaces/local/lib/python3.10/dist-packages:${PYTHONPATH} /usr/bin/cmake /home/ml_nd/ROS2Level3_ws/src/actions_cpp -DCMAKE_INSTALL_PREFIX=/home/ml_nd/ROS2Level3_ws/install/actions_cpp
[0.184s] -- The C compiler identification is GNU 11.4.0
[0.241s] -- The CXX compiler identification is GNU 11.4.0
[0.249s] -- Detecting C compiler ABI info
[0.320s] -- Detecting C compiler ABI info - done
[0.327s] -- Check for working C compiler: /usr/bin/cc - skipped
[0.327s] -- Detecting C compile features
[0.328s] -- Detecting C compile features - done
[0.331s] -- Detecting CXX compiler ABI info
[0.415s] -- Detecting CXX compiler ABI info - done
[0.426s] -- Check for working CXX compiler: /usr/bin/c++ - skipped
[0.426s] -- Detecting CXX compile features
[0.427s] -- Detecting CXX compile features - done
[0.431s] -- Found ament_cmake: 1.3.7 (/opt/ros/humble/share/ament_cmake/cmake)
[0.621s] -- Found Python3: /usr/bin/python3.10 (found version "3.10.12") found components: Interpreter 
[0.723s] -- Found rclcpp: 16.0.8 (/opt/ros/humble/share/rclcpp/cmake)
[0.770s] -- Found rosidl_generator_c: 3.1.5 (/opt/ros/humble/share/rosidl_generator_c/cmake)
[0.775s] -- Found rosidl_adapter: 3.1.5 (/opt/ros/humble/share/rosidl_adapter/cmake)
[0.784s] -- Found rosidl_generator_cpp: 3.1.5 (/opt/ros/humble/share/rosidl_generator_cpp/cmake)
[0.798s] -- Using all available rosidl_typesupport_c: rosidl_typesupport_fastrtps_c;rosidl_typesupport_introspection_c
[0.829s] -- Using all available rosidl_typesupport_cpp: rosidl_typesupport_fastrtps_cpp;rosidl_typesupport_introspection_cpp
[0.949s] -- Found rmw_implementation_cmake: 6.1.1 (/opt/ros/humble/share/rmw_implementation_cmake/cmake)
[0.952s] -- Found rmw_fastrtps_cpp: 6.2.6 (/opt/ros/humble/share/rmw_fastrtps_cpp/cmake)
[1.066s] -- Found OpenSSL: /usr/lib/x86_64-linux-gnu/libcrypto.so (found version "3.0.2")  
[1.094s] -- Found FastRTPS: /opt/ros/humble/include  
[1.142s] -- Using RMW implementation 'rmw_fastrtps_cpp' as default
[1.152s] -- Looking for pthread.h
[1.225s] -- Looking for pthread.h - found
[1.226s] -- Performing Test CMAKE_HAVE_LIBC_PTHREAD
[1.305s] -- Performing Test CMAKE_HAVE_LIBC_PTHREAD - Success
[1.306s] -- Found Threads: TRUE  
[1.495s] -- Found rclcpp_action: 16.0.8 (/opt/ros/humble/share/rclcpp_action/cmake)
[1.602s] -- Found my_robot_interfaces: 0.0.0 (/home/ml_nd/ROS2Level3_ws/install/my_robot_interfaces/share/my_robot_interfaces/cmake)
[1.666s] -- Found example_interfaces: 0.9.3 (/opt/ros/humble/share/example_interfaces/cmake)
[1.794s] -- Configuring done
[1.816s] -- Generating done
[1.818s] -- Build files have been written to: /home/ml_nd/ROS2Level3_ws/build/actions_cpp
[1.828s] Invoked command in '/home/ml_nd/ROS2Level3_ws/build/actions_cpp' returned '0': AMENT_PREFIX_PATH=/home/ml_nd/ROS2Level3_ws/install/my_robot_interfaces:${AMENT_PREFIX_PATH} CMAKE_PREFIX_PATH=/home/ml_nd/ROS2Level3_ws/install/my_robot_interfaces:/opt/ros/humble LD_LIBRARY_PATH=/home/ml_nd/ROS2Level3_ws/install/my_robot_interfaces/lib:${LD_LIBRARY_PATH} PYTHONPATH=/home/ml_nd/ROS2Level3_ws/install/my_robot_interfaces/local/lib/python3.10/dist-packages:${PYTHONPATH} /usr/bin/cmake /home/ml_nd/ROS2Level3_ws/src/actions_cpp -DCMAKE_INSTALL_PREFIX=/home/ml_nd/ROS2Level3_ws/install/actions_cpp
[1.830s] Invoking command in '/home/ml_nd/ROS2Level3_ws/build/actions_cpp': AMENT_PREFIX_PATH=/home/ml_nd/ROS2Level3_ws/install/my_robot_interfaces:${AMENT_PREFIX_PATH} CMAKE_PREFIX_PATH=/home/ml_nd/ROS2Level3_ws/install/my_robot_interfaces:/opt/ros/humble LD_LIBRARY_PATH=/home/ml_nd/ROS2Level3_ws/install/my_robot_interfaces/lib:${LD_LIBRARY_PATH} PYTHONPATH=/home/ml_nd/ROS2Level3_ws/install/my_robot_interfaces/local/lib/python3.10/dist-packages:${PYTHONPATH} /usr/bin/cmake --build /home/ml_nd/ROS2Level3_ws/build/actions_cpp -- -j4 -l4
[1.889s] [ 10%] [32mBuilding CXX object CMakeFiles/count_until_client.dir/src/count_until_client.cpp.o[0m
[1.891s] [ 30%] [32mBuilding CXX object CMakeFiles/count_until_server.dir/src/count_until_server.cpp.o[0m
[1.891s] [ 30%] [32mBuilding CXX object CMakeFiles/count_until_server_queue_goals.dir/src/count_until_server_queue_goals.cpp.o[0m
[1.891s] [ 40%] [32mBuilding CXX object CMakeFiles/move_robot_server.dir/src/move_robot_server.cpp.o[0m
[8.182s] [ 50%] [32m[1mLinking CXX executable count_until_server[0m
[8.465s] [ 60%] [32m[1mLinking CXX executable move_robot_server[0m
[8.473s] [ 60%] Built target count_until_server
[8.505s] [ 70%] [32mBuilding CXX object CMakeFiles/move_robot_client.dir/src/move_robot_client.cpp.o[0m
[8.512s] [ 80%] [32m[1mLinking CXX executable count_until_server_queue_goals[0m
[8.596s] [ 90%] [32m[1mLinking CXX executable count_until_client[0m
[8.758s] [ 90%] Built target move_robot_server
[8.803s] [ 90%] Built target count_until_server_queue_goals
[8.909s] [ 90%] Built target count_until_client
[17.855s] [100%] [32m[1mLinking CXX executable move_robot_client[0m
[18.346s] [100%] Built target move_robot_client
[18.358s] Invoked command in '/home/ml_nd/ROS2Level3_ws/build/actions_cpp' returned '0': AMENT_PREFIX_PATH=/home/ml_nd/ROS2Level3_ws/install/my_robot_interfaces:${AMENT_PREFIX_PATH} CMAKE_PREFIX_PATH=/home/ml_nd/ROS2Level3_ws/install/my_robot_interfaces:/opt/ros/humble LD_LIBRARY_PATH=/home/ml_nd/ROS2Level3_ws/install/my_robot_interfaces/lib:${LD_LIBRARY_PATH} PYTHONPATH=/home/ml_nd/ROS2Level3_ws/install/my_robot_interfaces/local/lib/python3.10/dist-packages:${PYTHONPATH} /usr/bin/cmake --build /home/ml_nd/ROS2Level3_ws/build/actions_cpp -- -j4 -l4
[18.395s] Invoking command in '/home/ml_nd/ROS2Level3_ws/build/actions_cpp': AMENT_PREFIX_PATH=/home/ml_nd/ROS2Level3_ws/install/my_robot_interfaces:${AMENT_PREFIX_PATH} CMAKE_PREFIX_PATH=/home/ml_nd/ROS2Level3_ws/install/my_robot_interfaces:/opt/ros/humble LD_LIBRARY_PATH=/home/ml_nd/ROS2Level3_ws/install/my_robot_interfaces/lib:${LD_LIBRARY_PATH} PYTHONPATH=/home/ml_nd/ROS2Level3_ws/install/my_robot_interfaces/local/lib/python3.10/dist-packages:${PYTHONPATH} /usr/bin/cmake --install /home/ml_nd/ROS2Level3_ws/build/actions_cpp
[18.403s] -- Install configuration: ""
[18.403s] -- Installing: /home/ml_nd/ROS2Level3_ws/install/actions_cpp/lib/actions_cpp/count_until_server
[18.404s] -- Set runtime path of "/home/ml_nd/ROS2Level3_ws/install/actions_cpp/lib/actions_cpp/count_until_server" to ""
[18.404s] -- Installing: /home/ml_nd/ROS2Level3_ws/install/actions_cpp/lib/actions_cpp/count_until_server_queue_goals
[18.405s] -- Set runtime path of "/home/ml_nd/ROS2Level3_ws/install/actions_cpp/lib/actions_cpp/count_until_server_queue_goals" to ""
[18.405s] -- Installing: /home/ml_nd/ROS2Level3_ws/install/actions_cpp/lib/actions_cpp/count_until_client
[18.406s] -- Set runtime path of "/home/ml_nd/ROS2Level3_ws/install/actions_cpp/lib/actions_cpp/count_until_client" to ""
[18.407s] -- Installing: /home/ml_nd/ROS2Level3_ws/install/actions_cpp/lib/actions_cpp/move_robot_server
[18.408s] -- Set runtime path of "/home/ml_nd/ROS2Level3_ws/install/actions_cpp/lib/actions_cpp/move_robot_server" to ""
[18.408s] -- Installing: /home/ml_nd/ROS2Level3_ws/install/actions_cpp/lib/actions_cpp/move_robot_client
[18.412s] -- Set runtime path of "/home/ml_nd/ROS2Level3_ws/install/actions_cpp/lib/actions_cpp/move_robot_client" to ""
[18.412s] -- Installing: /home/ml_nd/ROS2Level3_ws/install/actions_cpp/share/ament_index/resource_index/package_run_dependencies/actions_cpp
[18.413s] -- Installing: /home/ml_nd/ROS2Level3_ws/install/actions_cpp/share/ament_index/resource_index/parent_prefix_path/actions_cpp
[18.413s] -- Installing: /home/ml_nd/ROS2Level3_ws/install/actions_cpp/share/actions_cpp/environment/ament_prefix_path.sh
[18.413s] -- Installing: /home/ml_nd/ROS2Level3_ws/install/actions_cpp/share/actions_cpp/environment/ament_prefix_path.dsv
[18.413s] -- Installing: /home/ml_nd/ROS2Level3_ws/install/actions_cpp/share/actions_cpp/environment/path.sh
[18.413s] -- Installing: /home/ml_nd/ROS2Level3_ws/install/actions_cpp/share/actions_cpp/environment/path.dsv
[18.413s] -- Installing: /home/ml_nd/ROS2Level3_ws/install/actions_cpp/share/actions_cpp/local_setup.bash
[18.413s] -- Installing: /home/ml_nd/ROS2Level3_ws/install/actions_cpp/share/actions_cpp/local_setup.sh
[18.414s] -- Installing: /home/ml_nd/ROS2Level3_ws/install/actions_cpp/share/actions_cpp/local_setup.zsh
[18.414s] -- Installing: /home/ml_nd/ROS2Level3_ws/install/actions_cpp/share/actions_cpp/local_setup.dsv
[18.414s] -- Installing: /home/ml_nd/ROS2Level3_ws/install/actions_cpp/share/actions_cpp/package.dsv
[18.414s] -- Installing: /home/ml_nd/ROS2Level3_ws/install/actions_cpp/share/ament_index/resource_index/packages/actions_cpp
[18.414s] -- Installing: /home/ml_nd/ROS2Level3_ws/install/actions_cpp/share/actions_cpp/cmake/actions_cppConfig.cmake
[18.414s] -- Installing: /home/ml_nd/ROS2Level3_ws/install/actions_cpp/share/actions_cpp/cmake/actions_cppConfig-version.cmake
[18.415s] -- Installing: /home/ml_nd/ROS2Level3_ws/install/actions_cpp/share/actions_cpp/package.xml
[18.417s] Invoked command in '/home/ml_nd/ROS2Level3_ws/build/actions_cpp' returned '0': AMENT_PREFIX_PATH=/home/ml_nd/ROS2Level3_ws/install/my_robot_interfaces:${AMENT_PREFIX_PATH} CMAKE_PREFIX_PATH=/home/ml_nd/ROS2Level3_ws/install/my_robot_interfaces:/opt/ros/humble LD_LIBRARY_PATH=/home/ml_nd/ROS2Level3_ws/install/my_robot_interfaces/lib:${LD_LIBRARY_PATH} PYTHONPATH=/home/ml_nd/ROS2Level3_ws/install/my_robot_interfaces/local/lib/python3.10/dist-packages:${PYTHONPATH} /usr/bin/cmake --install /home/ml_nd/ROS2Level3_ws/build/actions_cpp
