[1.050s] DEBUG:colcon:Command line arguments: ['/home/ml_nd/.local/bin/colcon', 'build']
[1.050s] DEBUG:colcon:Parsed command line arguments: Namespace(log_base=None, log_level=None, verb_name='build', build_base='build', install_base='install', merge_install=False, symlink_install=False, test_result_base=None, continue_on_error=False, executor='parallel', parallel_workers=4, event_handlers=None, ignore_user_meta=False, metas=['./colcon.meta'], base_paths=['.'], packages_ignore=None, packages_ignore_regex=None, paths=None, packages_up_to=None, packages_up_to_regex=None, packages_above=None, packages_above_and_dependencies=None, packages_above_depth=None, packages_select_by_dep=None, packages_skip_by_dep=None, packages_skip_up_to=None, packages_select_build_failed=False, packages_skip_build_finished=False, packages_select_test_failures=False, packages_skip_test_passed=False, packages_select=None, packages_skip=None, packages_select_regex=None, packages_skip_regex=None, packages_start=None, packages_end=None, allow_overriding=[], cmake_args=None, cmake_target=None, cmake_target_skip_unavailable=False, cmake_clean_cache=False, cmake_clean_first=False, cmake_force_configure=False, ament_cmake_args=None, catkin_cmake_args=None, catkin_skip_building_tests=False, verb_parser=<colcon_defaults.argument_parser.defaults.DefaultArgumentsDecorator object at 0x7f7316c24850>, verb_extension=<colcon_core.verb.build.BuildVerb object at 0x7f7316c24c10>, main=<bound method BuildVerb.main of <colcon_core.verb.build.BuildVerb object at 0x7f7316c24c10>>)
[1.102s] Level 1:colcon.colcon_core.package_discovery:discover_packages(colcon_meta) check parameters
[1.102s] Level 1:colcon.colcon_core.package_discovery:discover_packages(recursive) check parameters
[1.102s] Level 1:colcon.colcon_core.package_discovery:discover_packages(ignore) check parameters
[1.102s] Level 1:colcon.colcon_core.package_discovery:discover_packages(path) check parameters
[1.102s] Level 1:colcon.colcon_core.package_discovery:discover_packages(colcon_meta) discover
[1.102s] Level 1:colcon.colcon_core.package_discovery:discover_packages(recursive) discover
[1.102s] INFO:colcon.colcon_core.package_discovery:Crawling recursively for packages in '/home/ml_nd/ROS2Level3_ws'
[1.102s] Level 1:colcon.colcon_core.package_identification:_identify(.) by extensions ['ignore', 'ignore_ament_install']
[1.102s] Level 1:colcon.colcon_core.package_identification:_identify(.) by extension 'ignore'
[1.102s] Level 1:colcon.colcon_core.package_identification:_identify(.) by extension 'ignore_ament_install'
[1.102s] Level 1:colcon.colcon_core.package_identification:_identify(.) by extensions ['colcon_pkg']
[1.102s] Level 1:colcon.colcon_core.package_identification:_identify(.) by extension 'colcon_pkg'
[1.102s] Level 1:colcon.colcon_core.package_identification:_identify(.) by extensions ['colcon_meta']
[1.102s] Level 1:colcon.colcon_core.package_identification:_identify(.) by extension 'colcon_meta'
[1.102s] Level 1:colcon.colcon_core.package_identification:_identify(.) by extensions ['ros']
[1.103s] Level 1:colcon.colcon_core.package_identification:_identify(.) by extension 'ros'
[1.113s] Level 1:colcon.colcon_core.package_identification:_identify(.) by extensions ['cmake', 'python']
[1.113s] Level 1:colcon.colcon_core.package_identification:_identify(.) by extension 'cmake'
[1.113s] Level 1:colcon.colcon_core.package_identification:_identify(.) by extension 'python'
[1.113s] Level 1:colcon.colcon_core.package_identification:_identify(.) by extensions ['python_setup_py']
[1.113s] Level 1:colcon.colcon_core.package_identification:_identify(.) by extension 'python_setup_py'
[1.114s] Level 1:colcon.colcon_core.package_identification:_identify(build) by extensions ['ignore', 'ignore_ament_install']
[1.114s] Level 1:colcon.colcon_core.package_identification:_identify(build) by extension 'ignore'
[1.114s] Level 1:colcon.colcon_core.package_identification:_identify(build) ignored
[1.114s] Level 1:colcon.colcon_core.package_identification:_identify(install) by extensions ['ignore', 'ignore_ament_install']
[1.114s] Level 1:colcon.colcon_core.package_identification:_identify(install) by extension 'ignore'
[1.114s] Level 1:colcon.colcon_core.package_identification:_identify(install) ignored
[1.114s] Level 1:colcon.colcon_core.package_identification:_identify(log) by extensions ['ignore', 'ignore_ament_install']
[1.114s] Level 1:colcon.colcon_core.package_identification:_identify(log) by extension 'ignore'
[1.114s] Level 1:colcon.colcon_core.package_identification:_identify(log) ignored
[1.114s] Level 1:colcon.colcon_core.package_identification:_identify(src) by extensions ['ignore', 'ignore_ament_install']
[1.114s] Level 1:colcon.colcon_core.package_identification:_identify(src) by extension 'ignore'
[1.114s] Level 1:colcon.colcon_core.package_identification:_identify(src) by extension 'ignore_ament_install'
[1.114s] Level 1:colcon.colcon_core.package_identification:_identify(src) by extensions ['colcon_pkg']
[1.114s] Level 1:colcon.colcon_core.package_identification:_identify(src) by extension 'colcon_pkg'
[1.115s] Level 1:colcon.colcon_core.package_identification:_identify(src) by extensions ['colcon_meta']
[1.115s] Level 1:colcon.colcon_core.package_identification:_identify(src) by extension 'colcon_meta'
[1.115s] Level 1:colcon.colcon_core.package_identification:_identify(src) by extensions ['ros']
[1.115s] Level 1:colcon.colcon_core.package_identification:_identify(src) by extension 'ros'
[1.115s] Level 1:colcon.colcon_core.package_identification:_identify(src) by extensions ['cmake', 'python']
[1.115s] Level 1:colcon.colcon_core.package_identification:_identify(src) by extension 'cmake'
[1.115s] Level 1:colcon.colcon_core.package_identification:_identify(src) by extension 'python'
[1.115s] Level 1:colcon.colcon_core.package_identification:_identify(src) by extensions ['python_setup_py']
[1.115s] Level 1:colcon.colcon_core.package_identification:_identify(src) by extension 'python_setup_py'
[1.115s] Level 1:colcon.colcon_core.package_identification:_identify(src/actions_cpp) by extensions ['ignore', 'ignore_ament_install']
[1.115s] Level 1:colcon.colcon_core.package_identification:_identify(src/actions_cpp) by extension 'ignore'
[1.115s] Level 1:colcon.colcon_core.package_identification:_identify(src/actions_cpp) by extension 'ignore_ament_install'
[1.115s] Level 1:colcon.colcon_core.package_identification:_identify(src/actions_cpp) by extensions ['colcon_pkg']
[1.115s] Level 1:colcon.colcon_core.package_identification:_identify(src/actions_cpp) by extension 'colcon_pkg'
[1.115s] Level 1:colcon.colcon_core.package_identification:_identify(src/actions_cpp) by extensions ['colcon_meta']
[1.115s] Level 1:colcon.colcon_core.package_identification:_identify(src/actions_cpp) by extension 'colcon_meta'
[1.115s] Level 1:colcon.colcon_core.package_identification:_identify(src/actions_cpp) by extensions ['ros']
[1.115s] Level 1:colcon.colcon_core.package_identification:_identify(src/actions_cpp) by extension 'ros'
[1.118s] DEBUG:colcon.colcon_core.package_identification:Package 'src/actions_cpp' with type 'ros.ament_cmake' and name 'actions_cpp'
[1.118s] Level 1:colcon.colcon_core.package_identification:_identify(src/actions_py) by extensions ['ignore', 'ignore_ament_install']
[1.118s] Level 1:colcon.colcon_core.package_identification:_identify(src/actions_py) by extension 'ignore'
[1.118s] Level 1:colcon.colcon_core.package_identification:_identify(src/actions_py) by extension 'ignore_ament_install'
[1.118s] Level 1:colcon.colcon_core.package_identification:_identify(src/actions_py) by extensions ['colcon_pkg']
[1.118s] Level 1:colcon.colcon_core.package_identification:_identify(src/actions_py) by extension 'colcon_pkg'
[1.118s] Level 1:colcon.colcon_core.package_identification:_identify(src/actions_py) by extensions ['colcon_meta']
[1.118s] Level 1:colcon.colcon_core.package_identification:_identify(src/actions_py) by extension 'colcon_meta'
[1.118s] Level 1:colcon.colcon_core.package_identification:_identify(src/actions_py) by extensions ['ros']
[1.118s] Level 1:colcon.colcon_core.package_identification:_identify(src/actions_py) by extension 'ros'
[1.119s] DEBUG:colcon.colcon_core.package_identification:Package 'src/actions_py' with type 'ros.ament_python' and name 'actions_py'
[1.119s] Level 1:colcon.colcon_core.package_identification:_identify(src/lifecycle_cpp) by extensions ['ignore', 'ignore_ament_install']
[1.119s] Level 1:colcon.colcon_core.package_identification:_identify(src/lifecycle_cpp) by extension 'ignore'
[1.119s] Level 1:colcon.colcon_core.package_identification:_identify(src/lifecycle_cpp) by extension 'ignore_ament_install'
[1.119s] Level 1:colcon.colcon_core.package_identification:_identify(src/lifecycle_cpp) by extensions ['colcon_pkg']
[1.119s] Level 1:colcon.colcon_core.package_identification:_identify(src/lifecycle_cpp) by extension 'colcon_pkg'
[1.119s] Level 1:colcon.colcon_core.package_identification:_identify(src/lifecycle_cpp) by extensions ['colcon_meta']
[1.119s] Level 1:colcon.colcon_core.package_identification:_identify(src/lifecycle_cpp) by extension 'colcon_meta'
[1.119s] Level 1:colcon.colcon_core.package_identification:_identify(src/lifecycle_cpp) by extensions ['ros']
[1.119s] Level 1:colcon.colcon_core.package_identification:_identify(src/lifecycle_cpp) by extension 'ros'
[1.120s] DEBUG:colcon.colcon_core.package_identification:Package 'src/lifecycle_cpp' with type 'ros.ament_cmake' and name 'lifecycle_cpp'
[1.120s] Level 1:colcon.colcon_core.package_identification:_identify(src/lifecycle_py) by extensions ['ignore', 'ignore_ament_install']
[1.120s] Level 1:colcon.colcon_core.package_identification:_identify(src/lifecycle_py) by extension 'ignore'
[1.120s] Level 1:colcon.colcon_core.package_identification:_identify(src/lifecycle_py) by extension 'ignore_ament_install'
[1.120s] Level 1:colcon.colcon_core.package_identification:_identify(src/lifecycle_py) by extensions ['colcon_pkg']
[1.120s] Level 1:colcon.colcon_core.package_identification:_identify(src/lifecycle_py) by extension 'colcon_pkg'
[1.120s] Level 1:colcon.colcon_core.package_identification:_identify(src/lifecycle_py) by extensions ['colcon_meta']
[1.120s] Level 1:colcon.colcon_core.package_identification:_identify(src/lifecycle_py) by extension 'colcon_meta'
[1.120s] Level 1:colcon.colcon_core.package_identification:_identify(src/lifecycle_py) by extensions ['ros']
[1.120s] Level 1:colcon.colcon_core.package_identification:_identify(src/lifecycle_py) by extension 'ros'
[1.121s] DEBUG:colcon.colcon_core.package_identification:Package 'src/lifecycle_py' with type 'ros.ament_python' and name 'lifecycle_py'
[1.121s] Level 1:colcon.colcon_core.package_identification:_identify(src/my_robot_interfaces) by extensions ['ignore', 'ignore_ament_install']
[1.121s] Level 1:colcon.colcon_core.package_identification:_identify(src/my_robot_interfaces) by extension 'ignore'
[1.121s] Level 1:colcon.colcon_core.package_identification:_identify(src/my_robot_interfaces) by extension 'ignore_ament_install'
[1.121s] Level 1:colcon.colcon_core.package_identification:_identify(src/my_robot_interfaces) by extensions ['colcon_pkg']
[1.121s] Level 1:colcon.colcon_core.package_identification:_identify(src/my_robot_interfaces) by extension 'colcon_pkg'
[1.121s] Level 1:colcon.colcon_core.package_identification:_identify(src/my_robot_interfaces) by extensions ['colcon_meta']
[1.121s] Level 1:colcon.colcon_core.package_identification:_identify(src/my_robot_interfaces) by extension 'colcon_meta'
[1.121s] Level 1:colcon.colcon_core.package_identification:_identify(src/my_robot_interfaces) by extensions ['ros']
[1.121s] Level 1:colcon.colcon_core.package_identification:_identify(src/my_robot_interfaces) by extension 'ros'
[1.122s] DEBUG:colcon.colcon_core.package_identification:Package 'src/my_robot_interfaces' with type 'ros.ament_cmake' and name 'my_robot_interfaces'
[1.122s] Level 1:colcon.colcon_core.package_identification:_identify(src/node_oop_template) by extensions ['ignore', 'ignore_ament_install']
[1.122s] Level 1:colcon.colcon_core.package_identification:_identify(src/node_oop_template) by extension 'ignore'
[1.122s] Level 1:colcon.colcon_core.package_identification:_identify(src/node_oop_template) by extension 'ignore_ament_install'
[1.122s] Level 1:colcon.colcon_core.package_identification:_identify(src/node_oop_template) by extensions ['colcon_pkg']
[1.122s] Level 1:colcon.colcon_core.package_identification:_identify(src/node_oop_template) by extension 'colcon_pkg'
[1.122s] Level 1:colcon.colcon_core.package_identification:_identify(src/node_oop_template) by extensions ['colcon_meta']
[1.122s] Level 1:colcon.colcon_core.package_identification:_identify(src/node_oop_template) by extension 'colcon_meta'
[1.122s] Level 1:colcon.colcon_core.package_identification:_identify(src/node_oop_template) by extensions ['ros']
[1.122s] Level 1:colcon.colcon_core.package_identification:_identify(src/node_oop_template) by extension 'ros'
[1.122s] Level 1:colcon.colcon_core.package_identification:_identify(src/node_oop_template) by extensions ['cmake', 'python']
[1.122s] Level 1:colcon.colcon_core.package_identification:_identify(src/node_oop_template) by extension 'cmake'
[1.122s] Level 1:colcon.colcon_core.package_identification:_identify(src/node_oop_template) by extension 'python'
[1.122s] Level 1:colcon.colcon_core.package_identification:_identify(src/node_oop_template) by extensions ['python_setup_py']
[1.122s] Level 1:colcon.colcon_core.package_identification:_identify(src/node_oop_template) by extension 'python_setup_py'
[1.122s] Level 1:colcon.colcon_core.package_discovery:discover_packages(recursive) using defaults
[1.122s] Level 1:colcon.colcon_core.package_discovery:discover_packages(ignore) discover
[1.122s] Level 1:colcon.colcon_core.package_discovery:discover_packages(ignore) using defaults
[1.122s] Level 1:colcon.colcon_core.package_discovery:discover_packages(path) discover
[1.122s] Level 1:colcon.colcon_core.package_discovery:discover_packages(path) using defaults
[1.222s] Level 1:colcon.colcon_core.package_discovery:discover_packages(prefix_path) check parameters
[1.222s] Level 1:colcon.colcon_core.package_discovery:discover_packages(prefix_path) discover
[1.255s] DEBUG:colcon.colcon_installed_package_information.package_discovery:Found 329 installed packages in /opt/ros/humble
[1.256s] Level 1:colcon.colcon_core.package_discovery:discover_packages(prefix_path) using defaults
[1.361s] Level 5:colcon.colcon_core.verb:set package 'lifecycle_cpp' build argument 'cmake_args' from command line to 'None'
[1.361s] Level 5:colcon.colcon_core.verb:set package 'lifecycle_cpp' build argument 'cmake_target' from command line to 'None'
[1.361s] Level 5:colcon.colcon_core.verb:set package 'lifecycle_cpp' build argument 'cmake_target_skip_unavailable' from command line to 'False'
[1.361s] Level 5:colcon.colcon_core.verb:set package 'lifecycle_cpp' build argument 'cmake_clean_cache' from command line to 'False'
[1.361s] Level 5:colcon.colcon_core.verb:set package 'lifecycle_cpp' build argument 'cmake_clean_first' from command line to 'False'
[1.361s] Level 5:colcon.colcon_core.verb:set package 'lifecycle_cpp' build argument 'cmake_force_configure' from command line to 'False'
[1.361s] Level 5:colcon.colcon_core.verb:set package 'lifecycle_cpp' build argument 'ament_cmake_args' from command line to 'None'
[1.361s] Level 5:colcon.colcon_core.verb:set package 'lifecycle_cpp' build argument 'catkin_cmake_args' from command line to 'None'
[1.361s] Level 5:colcon.colcon_core.verb:set package 'lifecycle_cpp' build argument 'catkin_skip_building_tests' from command line to 'False'
[1.361s] DEBUG:colcon.colcon_core.verb:Building package 'lifecycle_cpp' with the following arguments: {'ament_cmake_args': None, 'build_base': '/home/ml_nd/ROS2Level3_ws/build/lifecycle_cpp', 'catkin_cmake_args': None, 'catkin_skip_building_tests': False, 'cmake_args': None, 'cmake_clean_cache': False, 'cmake_clean_first': False, 'cmake_force_configure': False, 'cmake_target': None, 'cmake_target_skip_unavailable': False, 'install_base': '/home/ml_nd/ROS2Level3_ws/install/lifecycle_cpp', 'merge_install': False, 'path': '/home/ml_nd/ROS2Level3_ws/src/lifecycle_cpp', 'symlink_install': False, 'test_result_base': None}
[1.378s] Level 5:colcon.colcon_core.verb:set package 'lifecycle_py' build argument 'cmake_args' from command line to 'None'
[1.378s] Level 5:colcon.colcon_core.verb:set package 'lifecycle_py' build argument 'cmake_target' from command line to 'None'
[1.378s] Level 5:colcon.colcon_core.verb:set package 'lifecycle_py' build argument 'cmake_target_skip_unavailable' from command line to 'False'
[1.378s] Level 5:colcon.colcon_core.verb:set package 'lifecycle_py' build argument 'cmake_clean_cache' from command line to 'False'
[1.378s] Level 5:colcon.colcon_core.verb:set package 'lifecycle_py' build argument 'cmake_clean_first' from command line to 'False'
[1.378s] Level 5:colcon.colcon_core.verb:set package 'lifecycle_py' build argument 'cmake_force_configure' from command line to 'False'
[1.378s] Level 5:colcon.colcon_core.verb:set package 'lifecycle_py' build argument 'ament_cmake_args' from command line to 'None'
[1.378s] Level 5:colcon.colcon_core.verb:set package 'lifecycle_py' build argument 'catkin_cmake_args' from command line to 'None'
[1.378s] Level 5:colcon.colcon_core.verb:set package 'lifecycle_py' build argument 'catkin_skip_building_tests' from command line to 'False'
[1.378s] DEBUG:colcon.colcon_core.verb:Building package 'lifecycle_py' with the following arguments: {'ament_cmake_args': None, 'build_base': '/home/ml_nd/ROS2Level3_ws/build/lifecycle_py', 'catkin_cmake_args': None, 'catkin_skip_building_tests': False, 'cmake_args': None, 'cmake_clean_cache': False, 'cmake_clean_first': False, 'cmake_force_configure': False, 'cmake_target': None, 'cmake_target_skip_unavailable': False, 'install_base': '/home/ml_nd/ROS2Level3_ws/install/lifecycle_py', 'merge_install': False, 'path': '/home/ml_nd/ROS2Level3_ws/src/lifecycle_py', 'symlink_install': False, 'test_result_base': None}
[1.395s] Level 5:colcon.colcon_core.verb:set package 'my_robot_interfaces' build argument 'cmake_args' from command line to 'None'
[1.395s] Level 5:colcon.colcon_core.verb:set package 'my_robot_interfaces' build argument 'cmake_target' from command line to 'None'
[1.395s] Level 5:colcon.colcon_core.verb:set package 'my_robot_interfaces' build argument 'cmake_target_skip_unavailable' from command line to 'False'
[1.395s] Level 5:colcon.colcon_core.verb:set package 'my_robot_interfaces' build argument 'cmake_clean_cache' from command line to 'False'
[1.395s] Level 5:colcon.colcon_core.verb:set package 'my_robot_interfaces' build argument 'cmake_clean_first' from command line to 'False'
[1.395s] Level 5:colcon.colcon_core.verb:set package 'my_robot_interfaces' build argument 'cmake_force_configure' from command line to 'False'
[1.395s] Level 5:colcon.colcon_core.verb:set package 'my_robot_interfaces' build argument 'ament_cmake_args' from command line to 'None'
[1.395s] Level 5:colcon.colcon_core.verb:set package 'my_robot_interfaces' build argument 'catkin_cmake_args' from command line to 'None'
[1.395s] Level 5:colcon.colcon_core.verb:set package 'my_robot_interfaces' build argument 'catkin_skip_building_tests' from command line to 'False'
[1.395s] DEBUG:colcon.colcon_core.verb:Building package 'my_robot_interfaces' with the following arguments: {'ament_cmake_args': None, 'build_base': '/home/ml_nd/ROS2Level3_ws/build/my_robot_interfaces', 'catkin_cmake_args': None, 'catkin_skip_building_tests': False, 'cmake_args': None, 'cmake_clean_cache': False, 'cmake_clean_first': False, 'cmake_force_configure': False, 'cmake_target': None, 'cmake_target_skip_unavailable': False, 'install_base': '/home/ml_nd/ROS2Level3_ws/install/my_robot_interfaces', 'merge_install': False, 'path': '/home/ml_nd/ROS2Level3_ws/src/my_robot_interfaces', 'symlink_install': False, 'test_result_base': None}
[1.411s] Level 5:colcon.colcon_core.verb:set package 'actions_cpp' build argument 'cmake_args' from command line to 'None'
[1.411s] Level 5:colcon.colcon_core.verb:set package 'actions_cpp' build argument 'cmake_target' from command line to 'None'
[1.411s] Level 5:colcon.colcon_core.verb:set package 'actions_cpp' build argument 'cmake_target_skip_unavailable' from command line to 'False'
[1.411s] Level 5:colcon.colcon_core.verb:set package 'actions_cpp' build argument 'cmake_clean_cache' from command line to 'False'
[1.411s] Level 5:colcon.colcon_core.verb:set package 'actions_cpp' build argument 'cmake_clean_first' from command line to 'False'
[1.411s] Level 5:colcon.colcon_core.verb:set package 'actions_cpp' build argument 'cmake_force_configure' from command line to 'False'
[1.411s] Level 5:colcon.colcon_core.verb:set package 'actions_cpp' build argument 'ament_cmake_args' from command line to 'None'
[1.411s] Level 5:colcon.colcon_core.verb:set package 'actions_cpp' build argument 'catkin_cmake_args' from command line to 'None'
[1.411s] Level 5:colcon.colcon_core.verb:set package 'actions_cpp' build argument 'catkin_skip_building_tests' from command line to 'False'
[1.411s] DEBUG:colcon.colcon_core.verb:Building package 'actions_cpp' with the following arguments: {'ament_cmake_args': None, 'build_base': '/home/ml_nd/ROS2Level3_ws/build/actions_cpp', 'catkin_cmake_args': None, 'catkin_skip_building_tests': False, 'cmake_args': None, 'cmake_clean_cache': False, 'cmake_clean_first': False, 'cmake_force_configure': False, 'cmake_target': None, 'cmake_target_skip_unavailable': False, 'install_base': '/home/ml_nd/ROS2Level3_ws/install/actions_cpp', 'merge_install': False, 'path': '/home/ml_nd/ROS2Level3_ws/src/actions_cpp', 'symlink_install': False, 'test_result_base': None}
[1.426s] Level 5:colcon.colcon_core.verb:set package 'actions_py' build argument 'cmake_args' from command line to 'None'
[1.426s] Level 5:colcon.colcon_core.verb:set package 'actions_py' build argument 'cmake_target' from command line to 'None'
[1.426s] Level 5:colcon.colcon_core.verb:set package 'actions_py' build argument 'cmake_target_skip_unavailable' from command line to 'False'
[1.426s] Level 5:colcon.colcon_core.verb:set package 'actions_py' build argument 'cmake_clean_cache' from command line to 'False'
[1.426s] Level 5:colcon.colcon_core.verb:set package 'actions_py' build argument 'cmake_clean_first' from command line to 'False'
[1.426s] Level 5:colcon.colcon_core.verb:set package 'actions_py' build argument 'cmake_force_configure' from command line to 'False'
[1.426s] Level 5:colcon.colcon_core.verb:set package 'actions_py' build argument 'ament_cmake_args' from command line to 'None'
[1.426s] Level 5:colcon.colcon_core.verb:set package 'actions_py' build argument 'catkin_cmake_args' from command line to 'None'
[1.426s] Level 5:colcon.colcon_core.verb:set package 'actions_py' build argument 'catkin_skip_building_tests' from command line to 'False'
[1.426s] DEBUG:colcon.colcon_core.verb:Building package 'actions_py' with the following arguments: {'ament_cmake_args': None, 'build_base': '/home/ml_nd/ROS2Level3_ws/build/actions_py', 'catkin_cmake_args': None, 'catkin_skip_building_tests': False, 'cmake_args': None, 'cmake_clean_cache': False, 'cmake_clean_first': False, 'cmake_force_configure': False, 'cmake_target': None, 'cmake_target_skip_unavailable': False, 'install_base': '/home/ml_nd/ROS2Level3_ws/install/actions_py', 'merge_install': False, 'path': '/home/ml_nd/ROS2Level3_ws/src/actions_py', 'symlink_install': False, 'test_result_base': None}
[1.441s] INFO:colcon.colcon_core.executor:Executing jobs using 'parallel' executor
[1.457s] DEBUG:colcon.colcon_parallel_executor.executor.parallel:run_until_complete
[1.458s] INFO:colcon.colcon_ros.task.ament_cmake.build:Building ROS package in '/home/ml_nd/ROS2Level3_ws/src/my_robot_interfaces' with build type 'ament_cmake'
[1.458s] INFO:colcon.colcon_cmake.task.cmake.build:Building CMake package in '/home/ml_nd/ROS2Level3_ws/src/my_robot_interfaces'
[1.478s] INFO:colcon.colcon_core.plugin_system:Skipping extension 'colcon_core.shell.bat': Not used on non-Windows systems
[1.478s] INFO:colcon.colcon_core.shell:Skip shell extension 'powershell' for command environment: Not usable outside of PowerShell
[1.478s] DEBUG:colcon.colcon_core.shell:Skip shell extension 'dsv' for command environment
[1.514s] INFO:colcon.colcon_ros.task.ament_cmake.build:Building ROS package in '/home/ml_nd/ROS2Level3_ws/src/lifecycle_cpp' with build type 'ament_cmake'
[1.514s] INFO:colcon.colcon_cmake.task.cmake.build:Building CMake package in '/home/ml_nd/ROS2Level3_ws/src/lifecycle_cpp'
[1.533s] INFO:colcon.colcon_core.shell:Skip shell extension 'powershell' for command environment: Not usable outside of PowerShell
[1.533s] DEBUG:colcon.colcon_core.shell:Skip shell extension 'dsv' for command environment
[1.566s] INFO:colcon.colcon_ros.task.ament_python.build:Building ROS package in '/home/ml_nd/ROS2Level3_ws/src/lifecycle_py' with build type 'ament_python'
[1.566s] Level 1:colcon.colcon_core.shell:create_environment_hook('lifecycle_py', 'ament_prefix_path')
[1.586s] INFO:colcon.colcon_core.shell:Creating environment hook '/home/ml_nd/ROS2Level3_ws/install/lifecycle_py/share/lifecycle_py/hook/ament_prefix_path.ps1'
[1.587s] INFO:colcon.colcon_core.shell:Creating environment descriptor '/home/ml_nd/ROS2Level3_ws/install/lifecycle_py/share/lifecycle_py/hook/ament_prefix_path.dsv'
[1.587s] INFO:colcon.colcon_core.shell:Creating environment hook '/home/ml_nd/ROS2Level3_ws/install/lifecycle_py/share/lifecycle_py/hook/ament_prefix_path.sh'
[1.604s] INFO:colcon.colcon_core.shell:Skip shell extension 'powershell' for command environment: Not usable outside of PowerShell
[1.604s] DEBUG:colcon.colcon_core.shell:Skip shell extension 'dsv' for command environment
[1.642s] DEBUG:colcon.colcon_core.event_handler.log_command:Invoking command in '/home/ml_nd/ROS2Level3_ws/build/my_robot_interfaces': CMAKE_PREFIX_PATH=/opt/ros/humble /usr/bin/cmake /home/ml_nd/ROS2Level3_ws/src/my_robot_interfaces -DCMAKE_INSTALL_PREFIX=/home/ml_nd/ROS2Level3_ws/install/my_robot_interfaces
[1.645s] DEBUG:colcon.colcon_core.event_handler.log_command:Invoking command in '/home/ml_nd/ROS2Level3_ws/build/lifecycle_cpp': CMAKE_PREFIX_PATH=/opt/ros/humble /usr/bin/cmake /home/ml_nd/ROS2Level3_ws/src/lifecycle_cpp -DCMAKE_INSTALL_PREFIX=/home/ml_nd/ROS2Level3_ws/install/lifecycle_cpp
[2.057s] INFO:colcon.colcon_core.task.python.build:Building Python package in '/home/ml_nd/ROS2Level3_ws/src/lifecycle_py'
[2.087s] INFO:colcon.colcon_core.shell:Skip shell extension 'powershell' for command environment: Not usable outside of PowerShell
[2.087s] DEBUG:colcon.colcon_core.shell:Skip shell extension 'dsv' for command environment
[2.745s] DEBUG:colcon.colcon_core.event_handler.log_command:Invoking command in '/home/ml_nd/ROS2Level3_ws/src/lifecycle_py': PYTHONPATH=/home/ml_nd/ROS2Level3_ws/build/lifecycle_py/prefix_override:/home/ml_nd/ROS2Level3_ws/install/lifecycle_py/lib/python3.10/site-packages:${PYTHONPATH} /usr/bin/python3 setup.py egg_info --egg-base ../../build/lifecycle_py build --build-base /home/ml_nd/ROS2Level3_ws/build/lifecycle_py/build install --record /home/ml_nd/ROS2Level3_ws/build/lifecycle_py/install.log --single-version-externally-managed
[3.127s] DEBUG:colcon.colcon_core.event_handler.log_command:Invoked command in '/home/ml_nd/ROS2Level3_ws/src/lifecycle_py' returned '0': PYTHONPATH=/home/ml_nd/ROS2Level3_ws/build/lifecycle_py/prefix_override:/home/ml_nd/ROS2Level3_ws/install/lifecycle_py/lib/python3.10/site-packages:${PYTHONPATH} /usr/bin/python3 setup.py egg_info --egg-base ../../build/lifecycle_py build --build-base /home/ml_nd/ROS2Level3_ws/build/lifecycle_py/build install --record /home/ml_nd/ROS2Level3_ws/build/lifecycle_py/install.log --single-version-externally-managed
[3.157s] Level 1:colcon.colcon_core.environment:checking '/home/ml_nd/ROS2Level3_ws/install/lifecycle_py' for CMake module files
[3.158s] Level 1:colcon.colcon_core.environment:checking '/home/ml_nd/ROS2Level3_ws/install/lifecycle_py' for CMake config files
[3.158s] Level 1:colcon.colcon_core.environment:checking '/home/ml_nd/ROS2Level3_ws/install/lifecycle_py/lib'
[3.158s] Level 1:colcon.colcon_core.environment:checking '/home/ml_nd/ROS2Level3_ws/install/lifecycle_py/bin'
[3.158s] Level 1:colcon.colcon_core.environment:checking '/home/ml_nd/ROS2Level3_ws/install/lifecycle_py/lib/pkgconfig/lifecycle_py.pc'
[3.159s] Level 1:colcon.colcon_core.environment:checking '/home/ml_nd/ROS2Level3_ws/install/lifecycle_py/lib/python3.10/site-packages'
[3.159s] Level 1:colcon.colcon_core.shell:create_environment_hook('lifecycle_py', 'pythonpath')
[3.176s] INFO:colcon.colcon_core.shell:Creating environment hook '/home/ml_nd/ROS2Level3_ws/install/lifecycle_py/share/lifecycle_py/hook/pythonpath.ps1'
[3.176s] INFO:colcon.colcon_core.shell:Creating environment descriptor '/home/ml_nd/ROS2Level3_ws/install/lifecycle_py/share/lifecycle_py/hook/pythonpath.dsv'
[3.176s] INFO:colcon.colcon_core.shell:Creating environment hook '/home/ml_nd/ROS2Level3_ws/install/lifecycle_py/share/lifecycle_py/hook/pythonpath.sh'
[3.177s] Level 1:colcon.colcon_core.environment:checking '/home/ml_nd/ROS2Level3_ws/install/lifecycle_py/bin'
[3.177s] Level 1:colcon.colcon_core.environment:create_environment_scripts_only(lifecycle_py)
[3.195s] INFO:colcon.colcon_core.shell:Creating package script '/home/ml_nd/ROS2Level3_ws/install/lifecycle_py/share/lifecycle_py/package.ps1'
[3.196s] INFO:colcon.colcon_core.shell:Creating package descriptor '/home/ml_nd/ROS2Level3_ws/install/lifecycle_py/share/lifecycle_py/package.dsv'
[3.197s] INFO:colcon.colcon_core.shell:Creating package script '/home/ml_nd/ROS2Level3_ws/install/lifecycle_py/share/lifecycle_py/package.sh'
[3.198s] INFO:colcon.colcon_core.shell:Creating package script '/home/ml_nd/ROS2Level3_ws/install/lifecycle_py/share/lifecycle_py/package.bash'
[3.199s] INFO:colcon.colcon_core.shell:Creating package script '/home/ml_nd/ROS2Level3_ws/install/lifecycle_py/share/lifecycle_py/package.zsh'
[3.200s] Level 1:colcon.colcon_core.environment:create_file_with_runtime_dependencies(/home/ml_nd/ROS2Level3_ws/install/lifecycle_py/share/colcon-core/packages/lifecycle_py)
[3.547s] DEBUG:colcon.colcon_core.event_handler.log_command:Invoked command in '/home/ml_nd/ROS2Level3_ws/build/lifecycle_cpp' returned '0': CMAKE_PREFIX_PATH=/opt/ros/humble /usr/bin/cmake /home/ml_nd/ROS2Level3_ws/src/lifecycle_cpp -DCMAKE_INSTALL_PREFIX=/home/ml_nd/ROS2Level3_ws/install/lifecycle_cpp
[3.550s] DEBUG:colcon.colcon_core.event_handler.log_command:Invoking command in '/home/ml_nd/ROS2Level3_ws/build/lifecycle_cpp': CMAKE_PREFIX_PATH=/opt/ros/humble /usr/bin/cmake --build /home/ml_nd/ROS2Level3_ws/build/lifecycle_cpp -- -j4 -l4
[3.760s] DEBUG:colcon.colcon_core.event_handler.log_command:Invoked command in '/home/ml_nd/ROS2Level3_ws/build/my_robot_interfaces' returned '0': CMAKE_PREFIX_PATH=/opt/ros/humble /usr/bin/cmake /home/ml_nd/ROS2Level3_ws/src/my_robot_interfaces -DCMAKE_INSTALL_PREFIX=/home/ml_nd/ROS2Level3_ws/install/my_robot_interfaces
[3.762s] DEBUG:colcon.colcon_core.event_handler.log_command:Invoking command in '/home/ml_nd/ROS2Level3_ws/build/my_robot_interfaces': CMAKE_PREFIX_PATH=/opt/ros/humble /usr/bin/cmake --build /home/ml_nd/ROS2Level3_ws/build/my_robot_interfaces -- -j4 -l4
[10.259s] DEBUG:colcon.colcon_core.event_handler.log_command:Invoked command in '/home/ml_nd/ROS2Level3_ws/build/lifecycle_cpp' returned '0': CMAKE_PREFIX_PATH=/opt/ros/humble /usr/bin/cmake --build /home/ml_nd/ROS2Level3_ws/build/lifecycle_cpp -- -j4 -l4
[10.293s] DEBUG:colcon.colcon_core.event_handler.log_command:Invoking command in '/home/ml_nd/ROS2Level3_ws/build/lifecycle_cpp': CMAKE_PREFIX_PATH=/opt/ros/humble /usr/bin/cmake --install /home/ml_nd/ROS2Level3_ws/build/lifecycle_cpp
[10.305s] Level 1:colcon.colcon_core.environment:create_environment_scripts_only(lifecycle_cpp)
[10.306s] DEBUG:colcon.colcon_core.event_handler.log_command:Invoked command in '/home/ml_nd/ROS2Level3_ws/build/lifecycle_cpp' returned '0': CMAKE_PREFIX_PATH=/opt/ros/humble /usr/bin/cmake --install /home/ml_nd/ROS2Level3_ws/build/lifecycle_cpp
[10.325s] Level 1:colcon.colcon_core.environment:checking '/home/ml_nd/ROS2Level3_ws/install/lifecycle_cpp' for CMake module files
[10.325s] Level 1:colcon.colcon_core.environment:checking '/home/ml_nd/ROS2Level3_ws/install/lifecycle_cpp' for CMake config files
[10.325s] Level 1:colcon.colcon_core.shell:create_environment_hook('lifecycle_cpp', 'cmake_prefix_path')
[10.342s] INFO:colcon.colcon_core.shell:Creating environment hook '/home/ml_nd/ROS2Level3_ws/install/lifecycle_cpp/share/lifecycle_cpp/hook/cmake_prefix_path.ps1'
[10.342s] INFO:colcon.colcon_core.shell:Creating environment descriptor '/home/ml_nd/ROS2Level3_ws/install/lifecycle_cpp/share/lifecycle_cpp/hook/cmake_prefix_path.dsv'
[10.342s] INFO:colcon.colcon_core.shell:Creating environment hook '/home/ml_nd/ROS2Level3_ws/install/lifecycle_cpp/share/lifecycle_cpp/hook/cmake_prefix_path.sh'
[10.343s] Level 1:colcon.colcon_core.environment:checking '/home/ml_nd/ROS2Level3_ws/install/lifecycle_cpp/lib'
[10.343s] Level 1:colcon.colcon_core.environment:checking '/home/ml_nd/ROS2Level3_ws/install/lifecycle_cpp/bin'
[10.343s] Level 1:colcon.colcon_core.environment:checking '/home/ml_nd/ROS2Level3_ws/install/lifecycle_cpp/lib/pkgconfig/lifecycle_cpp.pc'
[10.343s] Level 1:colcon.colcon_core.environment:checking '/home/ml_nd/ROS2Level3_ws/install/lifecycle_cpp/lib/python3.10/site-packages'
[10.343s] Level 1:colcon.colcon_core.environment:checking '/home/ml_nd/ROS2Level3_ws/install/lifecycle_cpp/bin'
[10.361s] INFO:colcon.colcon_core.shell:Creating package script '/home/ml_nd/ROS2Level3_ws/install/lifecycle_cpp/share/lifecycle_cpp/package.ps1'
[10.361s] INFO:colcon.colcon_core.shell:Creating package descriptor '/home/ml_nd/ROS2Level3_ws/install/lifecycle_cpp/share/lifecycle_cpp/package.dsv'
[10.361s] INFO:colcon.colcon_core.shell:Creating package script '/home/ml_nd/ROS2Level3_ws/install/lifecycle_cpp/share/lifecycle_cpp/package.sh'
[10.362s] INFO:colcon.colcon_core.shell:Creating package script '/home/ml_nd/ROS2Level3_ws/install/lifecycle_cpp/share/lifecycle_cpp/package.bash'
[10.362s] INFO:colcon.colcon_core.shell:Creating package script '/home/ml_nd/ROS2Level3_ws/install/lifecycle_cpp/share/lifecycle_cpp/package.zsh'
[10.362s] Level 1:colcon.colcon_core.environment:create_file_with_runtime_dependencies(/home/ml_nd/ROS2Level3_ws/install/lifecycle_cpp/share/colcon-core/packages/lifecycle_cpp)
[10.411s] Level 1:colcon.colcon_core.environment:create_environment_scripts_only(lifecycle_cpp)
[10.438s] Level 1:colcon.colcon_core.environment:checking '/home/ml_nd/ROS2Level3_ws/install/lifecycle_cpp' for CMake module files
[10.438s] Level 1:colcon.colcon_core.environment:checking '/home/ml_nd/ROS2Level3_ws/install/lifecycle_cpp' for CMake config files
[10.439s] Level 1:colcon.colcon_core.shell:create_environment_hook('lifecycle_cpp', 'cmake_prefix_path')
[10.465s] INFO:colcon.colcon_core.shell:Creating environment hook '/home/ml_nd/ROS2Level3_ws/install/lifecycle_cpp/share/lifecycle_cpp/hook/cmake_prefix_path.ps1'
[10.465s] INFO:colcon.colcon_core.shell:Creating environment descriptor '/home/ml_nd/ROS2Level3_ws/install/lifecycle_cpp/share/lifecycle_cpp/hook/cmake_prefix_path.dsv'
[10.465s] INFO:colcon.colcon_core.shell:Creating environment hook '/home/ml_nd/ROS2Level3_ws/install/lifecycle_cpp/share/lifecycle_cpp/hook/cmake_prefix_path.sh'
[10.466s] Level 1:colcon.colcon_core.environment:checking '/home/ml_nd/ROS2Level3_ws/install/lifecycle_cpp/lib'
[10.466s] Level 1:colcon.colcon_core.environment:checking '/home/ml_nd/ROS2Level3_ws/install/lifecycle_cpp/bin'
[10.466s] Level 1:colcon.colcon_core.environment:checking '/home/ml_nd/ROS2Level3_ws/install/lifecycle_cpp/lib/pkgconfig/lifecycle_cpp.pc'
[10.467s] Level 1:colcon.colcon_core.environment:checking '/home/ml_nd/ROS2Level3_ws/install/lifecycle_cpp/lib/python3.10/site-packages'
[10.467s] Level 1:colcon.colcon_core.environment:checking '/home/ml_nd/ROS2Level3_ws/install/lifecycle_cpp/bin'
[10.489s] INFO:colcon.colcon_core.shell:Creating package script '/home/ml_nd/ROS2Level3_ws/install/lifecycle_cpp/share/lifecycle_cpp/package.ps1'
[10.490s] INFO:colcon.colcon_core.shell:Creating package descriptor '/home/ml_nd/ROS2Level3_ws/install/lifecycle_cpp/share/lifecycle_cpp/package.dsv'
[10.490s] INFO:colcon.colcon_core.shell:Creating package script '/home/ml_nd/ROS2Level3_ws/install/lifecycle_cpp/share/lifecycle_cpp/package.sh'
[10.491s] INFO:colcon.colcon_core.shell:Creating package script '/home/ml_nd/ROS2Level3_ws/install/lifecycle_cpp/share/lifecycle_cpp/package.bash'
[10.491s] INFO:colcon.colcon_core.shell:Creating package script '/home/ml_nd/ROS2Level3_ws/install/lifecycle_cpp/share/lifecycle_cpp/package.zsh'
[10.491s] Level 1:colcon.colcon_core.environment:create_file_with_runtime_dependencies(/home/ml_nd/ROS2Level3_ws/install/lifecycle_cpp/share/colcon-core/packages/lifecycle_cpp)
[12.073s] DEBUG:colcon.colcon_core.event_handler.log_command:Invoked command in '/home/ml_nd/ROS2Level3_ws/build/my_robot_interfaces' returned '0': CMAKE_PREFIX_PATH=/opt/ros/humble /usr/bin/cmake --build /home/ml_nd/ROS2Level3_ws/build/my_robot_interfaces -- -j4 -l4
[12.151s] DEBUG:colcon.colcon_core.event_handler.log_command:Invoking command in '/home/ml_nd/ROS2Level3_ws/build/my_robot_interfaces': CMAKE_PREFIX_PATH=/opt/ros/humble /usr/bin/cmake --install /home/ml_nd/ROS2Level3_ws/build/my_robot_interfaces
[12.234s] Level 1:colcon.colcon_core.environment:create_environment_scripts_only(my_robot_interfaces)
[12.234s] DEBUG:colcon.colcon_core.event_handler.log_command:Invoked command in '/home/ml_nd/ROS2Level3_ws/build/my_robot_interfaces' returned '0': CMAKE_PREFIX_PATH=/opt/ros/humble /usr/bin/cmake --install /home/ml_nd/ROS2Level3_ws/build/my_robot_interfaces
[12.250s] Level 1:colcon.colcon_core.environment:checking '/home/ml_nd/ROS2Level3_ws/install/my_robot_interfaces' for CMake module files
[12.250s] Level 1:colcon.colcon_core.environment:checking '/home/ml_nd/ROS2Level3_ws/install/my_robot_interfaces' for CMake config files
[12.251s] Level 1:colcon.colcon_core.shell:create_environment_hook('my_robot_interfaces', 'cmake_prefix_path')
[12.267s] INFO:colcon.colcon_core.shell:Creating environment hook '/home/ml_nd/ROS2Level3_ws/install/my_robot_interfaces/share/my_robot_interfaces/hook/cmake_prefix_path.ps1'
[12.268s] INFO:colcon.colcon_core.shell:Creating environment descriptor '/home/ml_nd/ROS2Level3_ws/install/my_robot_interfaces/share/my_robot_interfaces/hook/cmake_prefix_path.dsv'
[12.268s] INFO:colcon.colcon_core.shell:Creating environment hook '/home/ml_nd/ROS2Level3_ws/install/my_robot_interfaces/share/my_robot_interfaces/hook/cmake_prefix_path.sh'
[12.268s] Level 1:colcon.colcon_core.environment:checking '/home/ml_nd/ROS2Level3_ws/install/my_robot_interfaces/lib'
[12.268s] Level 1:colcon.colcon_core.shell:create_environment_hook('my_robot_interfaces', 'ld_library_path_lib')
[12.283s] INFO:colcon.colcon_core.shell:Creating environment hook '/home/ml_nd/ROS2Level3_ws/install/my_robot_interfaces/share/my_robot_interfaces/hook/ld_library_path_lib.ps1'
[12.284s] INFO:colcon.colcon_core.shell:Creating environment descriptor '/home/ml_nd/ROS2Level3_ws/install/my_robot_interfaces/share/my_robot_interfaces/hook/ld_library_path_lib.dsv'
[12.284s] INFO:colcon.colcon_core.shell:Creating environment hook '/home/ml_nd/ROS2Level3_ws/install/my_robot_interfaces/share/my_robot_interfaces/hook/ld_library_path_lib.sh'
[12.284s] Level 1:colcon.colcon_core.environment:checking '/home/ml_nd/ROS2Level3_ws/install/my_robot_interfaces/bin'
[12.284s] Level 1:colcon.colcon_core.environment:checking '/home/ml_nd/ROS2Level3_ws/install/my_robot_interfaces/lib/pkgconfig/my_robot_interfaces.pc'
[12.285s] Level 1:colcon.colcon_core.environment:checking '/home/ml_nd/ROS2Level3_ws/install/my_robot_interfaces/lib/python3.10/site-packages'
[12.285s] Level 1:colcon.colcon_core.environment:checking '/home/ml_nd/ROS2Level3_ws/install/my_robot_interfaces/bin'
[12.300s] INFO:colcon.colcon_core.shell:Creating package script '/home/ml_nd/ROS2Level3_ws/install/my_robot_interfaces/share/my_robot_interfaces/package.ps1'
[12.301s] INFO:colcon.colcon_core.shell:Creating package descriptor '/home/ml_nd/ROS2Level3_ws/install/my_robot_interfaces/share/my_robot_interfaces/package.dsv'
[12.301s] INFO:colcon.colcon_core.shell:Creating package script '/home/ml_nd/ROS2Level3_ws/install/my_robot_interfaces/share/my_robot_interfaces/package.sh'
[12.301s] INFO:colcon.colcon_core.shell:Creating package script '/home/ml_nd/ROS2Level3_ws/install/my_robot_interfaces/share/my_robot_interfaces/package.bash'
[12.301s] INFO:colcon.colcon_core.shell:Creating package script '/home/ml_nd/ROS2Level3_ws/install/my_robot_interfaces/share/my_robot_interfaces/package.zsh'
[12.302s] Level 1:colcon.colcon_core.environment:create_file_with_runtime_dependencies(/home/ml_nd/ROS2Level3_ws/install/my_robot_interfaces/share/colcon-core/packages/my_robot_interfaces)
[12.396s] Level 1:colcon.colcon_core.environment:create_environment_scripts_only(my_robot_interfaces)
[12.411s] Level 1:colcon.colcon_core.environment:checking '/home/ml_nd/ROS2Level3_ws/install/my_robot_interfaces' for CMake module files
[12.412s] Level 1:colcon.colcon_core.environment:checking '/home/ml_nd/ROS2Level3_ws/install/my_robot_interfaces' for CMake config files
[12.412s] Level 1:colcon.colcon_core.shell:create_environment_hook('my_robot_interfaces', 'cmake_prefix_path')
[12.428s] INFO:colcon.colcon_core.shell:Creating environment hook '/home/ml_nd/ROS2Level3_ws/install/my_robot_interfaces/share/my_robot_interfaces/hook/cmake_prefix_path.ps1'
[12.429s] INFO:colcon.colcon_core.shell:Creating environment descriptor '/home/ml_nd/ROS2Level3_ws/install/my_robot_interfaces/share/my_robot_interfaces/hook/cmake_prefix_path.dsv'
[12.429s] INFO:colcon.colcon_core.shell:Creating environment hook '/home/ml_nd/ROS2Level3_ws/install/my_robot_interfaces/share/my_robot_interfaces/hook/cmake_prefix_path.sh'
[12.429s] Level 1:colcon.colcon_core.environment:checking '/home/ml_nd/ROS2Level3_ws/install/my_robot_interfaces/lib'
[12.429s] Level 1:colcon.colcon_core.shell:create_environment_hook('my_robot_interfaces', 'ld_library_path_lib')
[12.445s] INFO:colcon.colcon_core.shell:Creating environment hook '/home/ml_nd/ROS2Level3_ws/install/my_robot_interfaces/share/my_robot_interfaces/hook/ld_library_path_lib.ps1'
[12.445s] INFO:colcon.colcon_core.shell:Creating environment descriptor '/home/ml_nd/ROS2Level3_ws/install/my_robot_interfaces/share/my_robot_interfaces/hook/ld_library_path_lib.dsv'
[12.445s] INFO:colcon.colcon_core.shell:Creating environment hook '/home/ml_nd/ROS2Level3_ws/install/my_robot_interfaces/share/my_robot_interfaces/hook/ld_library_path_lib.sh'
[12.446s] Level 1:colcon.colcon_core.environment:checking '/home/ml_nd/ROS2Level3_ws/install/my_robot_interfaces/bin'
[12.446s] Level 1:colcon.colcon_core.environment:checking '/home/ml_nd/ROS2Level3_ws/install/my_robot_interfaces/lib/pkgconfig/my_robot_interfaces.pc'
[12.446s] Level 1:colcon.colcon_core.environment:checking '/home/ml_nd/ROS2Level3_ws/install/my_robot_interfaces/lib/python3.10/site-packages'
[12.446s] Level 1:colcon.colcon_core.environment:checking '/home/ml_nd/ROS2Level3_ws/install/my_robot_interfaces/bin'
[12.462s] INFO:colcon.colcon_core.shell:Creating package script '/home/ml_nd/ROS2Level3_ws/install/my_robot_interfaces/share/my_robot_interfaces/package.ps1'
[12.463s] INFO:colcon.colcon_core.shell:Creating package descriptor '/home/ml_nd/ROS2Level3_ws/install/my_robot_interfaces/share/my_robot_interfaces/package.dsv'
[12.463s] INFO:colcon.colcon_core.shell:Creating package script '/home/ml_nd/ROS2Level3_ws/install/my_robot_interfaces/share/my_robot_interfaces/package.sh'
[12.464s] INFO:colcon.colcon_core.shell:Creating package script '/home/ml_nd/ROS2Level3_ws/install/my_robot_interfaces/share/my_robot_interfaces/package.bash'
[12.464s] INFO:colcon.colcon_core.shell:Creating package script '/home/ml_nd/ROS2Level3_ws/install/my_robot_interfaces/share/my_robot_interfaces/package.zsh'
[12.464s] Level 1:colcon.colcon_core.environment:create_file_with_runtime_dependencies(/home/ml_nd/ROS2Level3_ws/install/my_robot_interfaces/share/colcon-core/packages/my_robot_interfaces)
[12.465s] INFO:colcon.colcon_ros.task.ament_cmake.build:Building ROS package in '/home/ml_nd/ROS2Level3_ws/src/actions_cpp' with build type 'ament_cmake'
[12.465s] INFO:colcon.colcon_cmake.task.cmake.build:Building CMake package in '/home/ml_nd/ROS2Level3_ws/src/actions_cpp'
[12.482s] INFO:colcon.colcon_core.shell:Skip shell extension 'powershell' for command environment: Not usable outside of PowerShell
[12.482s] DEBUG:colcon.colcon_core.shell:Skip shell extension 'dsv' for command environment
[12.518s] INFO:colcon.colcon_ros.task.ament_python.build:Building ROS package in '/home/ml_nd/ROS2Level3_ws/src/actions_py' with build type 'ament_python'
[12.518s] Level 1:colcon.colcon_core.shell:create_environment_hook('actions_py', 'ament_prefix_path')
[12.535s] INFO:colcon.colcon_core.shell:Creating environment hook '/home/ml_nd/ROS2Level3_ws/install/actions_py/share/actions_py/hook/ament_prefix_path.ps1'
[12.535s] INFO:colcon.colcon_core.shell:Creating environment descriptor '/home/ml_nd/ROS2Level3_ws/install/actions_py/share/actions_py/hook/ament_prefix_path.dsv'
[12.536s] INFO:colcon.colcon_core.shell:Creating environment hook '/home/ml_nd/ROS2Level3_ws/install/actions_py/share/actions_py/hook/ament_prefix_path.sh'
[12.553s] INFO:colcon.colcon_core.shell:Skip shell extension 'powershell' for command environment: Not usable outside of PowerShell
[12.553s] DEBUG:colcon.colcon_core.shell:Skip shell extension 'dsv' for command environment
[12.592s] DEBUG:colcon.colcon_core.event_handler.log_command:Invoking command in '/home/ml_nd/ROS2Level3_ws/build/actions_cpp': AMENT_PREFIX_PATH=/home/ml_nd/ROS2Level3_ws/install/my_robot_interfaces:${AMENT_PREFIX_PATH} CMAKE_PREFIX_PATH=/home/ml_nd/ROS2Level3_ws/install/my_robot_interfaces:/opt/ros/humble LD_LIBRARY_PATH=/home/ml_nd/ROS2Level3_ws/install/my_robot_interfaces/lib:${LD_LIBRARY_PATH} PYTHONPATH=/home/ml_nd/ROS2Level3_ws/install/my_robot_interfaces/local/lib/python3.10/dist-packages:${PYTHONPATH} /usr/bin/cmake /home/ml_nd/ROS2Level3_ws/src/actions_cpp -DCMAKE_INSTALL_PREFIX=/home/ml_nd/ROS2Level3_ws/install/actions_cpp
[12.879s] INFO:colcon.colcon_core.task.python.build:Building Python package in '/home/ml_nd/ROS2Level3_ws/src/actions_py'
[12.896s] INFO:colcon.colcon_core.shell:Skip shell extension 'powershell' for command environment: Not usable outside of PowerShell
[12.896s] DEBUG:colcon.colcon_core.shell:Skip shell extension 'dsv' for command environment
[13.493s] DEBUG:colcon.colcon_core.event_handler.log_command:Invoking command in '/home/ml_nd/ROS2Level3_ws/src/actions_py': AMENT_PREFIX_PATH=/home/ml_nd/ROS2Level3_ws/install/my_robot_interfaces:${AMENT_PREFIX_PATH} CMAKE_PREFIX_PATH=/home/ml_nd/ROS2Level3_ws/install/my_robot_interfaces LD_LIBRARY_PATH=/home/ml_nd/ROS2Level3_ws/install/my_robot_interfaces/lib:${LD_LIBRARY_PATH} PYTHONPATH=/home/ml_nd/ROS2Level3_ws/build/actions_py/prefix_override:/home/ml_nd/ROS2Level3_ws/install/actions_py/lib/python3.10/site-packages:/home/ml_nd/ROS2Level3_ws/install/my_robot_interfaces/local/lib/python3.10/dist-packages:${PYTHONPATH} /usr/bin/python3 setup.py egg_info --egg-base ../../build/actions_py build --build-base /home/ml_nd/ROS2Level3_ws/build/actions_py/build install --record /home/ml_nd/ROS2Level3_ws/build/actions_py/install.log --single-version-externally-managed
[13.819s] DEBUG:colcon.colcon_core.event_handler.log_command:Invoked command in '/home/ml_nd/ROS2Level3_ws/src/actions_py' returned '0': AMENT_PREFIX_PATH=/home/ml_nd/ROS2Level3_ws/install/my_robot_interfaces:${AMENT_PREFIX_PATH} CMAKE_PREFIX_PATH=/home/ml_nd/ROS2Level3_ws/install/my_robot_interfaces LD_LIBRARY_PATH=/home/ml_nd/ROS2Level3_ws/install/my_robot_interfaces/lib:${LD_LIBRARY_PATH} PYTHONPATH=/home/ml_nd/ROS2Level3_ws/build/actions_py/prefix_override:/home/ml_nd/ROS2Level3_ws/install/actions_py/lib/python3.10/site-packages:/home/ml_nd/ROS2Level3_ws/install/my_robot_interfaces/local/lib/python3.10/dist-packages:${PYTHONPATH} /usr/bin/python3 setup.py egg_info --egg-base ../../build/actions_py build --build-base /home/ml_nd/ROS2Level3_ws/build/actions_py/build install --record /home/ml_nd/ROS2Level3_ws/build/actions_py/install.log --single-version-externally-managed
[13.837s] Level 1:colcon.colcon_core.environment:checking '/home/ml_nd/ROS2Level3_ws/install/actions_py' for CMake module files
[13.838s] Level 1:colcon.colcon_core.environment:checking '/home/ml_nd/ROS2Level3_ws/install/actions_py' for CMake config files
[13.838s] Level 1:colcon.colcon_core.environment:checking '/home/ml_nd/ROS2Level3_ws/install/actions_py/lib'
[13.838s] Level 1:colcon.colcon_core.environment:checking '/home/ml_nd/ROS2Level3_ws/install/actions_py/bin'
[13.838s] Level 1:colcon.colcon_core.environment:checking '/home/ml_nd/ROS2Level3_ws/install/actions_py/lib/pkgconfig/actions_py.pc'
[13.839s] Level 1:colcon.colcon_core.environment:checking '/home/ml_nd/ROS2Level3_ws/install/actions_py/lib/python3.10/site-packages'
[13.839s] Level 1:colcon.colcon_core.shell:create_environment_hook('actions_py', 'pythonpath')
[13.856s] INFO:colcon.colcon_core.shell:Creating environment hook '/home/ml_nd/ROS2Level3_ws/install/actions_py/share/actions_py/hook/pythonpath.ps1'
[13.856s] INFO:colcon.colcon_core.shell:Creating environment descriptor '/home/ml_nd/ROS2Level3_ws/install/actions_py/share/actions_py/hook/pythonpath.dsv'
[13.857s] INFO:colcon.colcon_core.shell:Creating environment hook '/home/ml_nd/ROS2Level3_ws/install/actions_py/share/actions_py/hook/pythonpath.sh'
[13.857s] Level 1:colcon.colcon_core.environment:checking '/home/ml_nd/ROS2Level3_ws/install/actions_py/bin'
[13.857s] Level 1:colcon.colcon_core.environment:create_environment_scripts_only(actions_py)
[13.874s] INFO:colcon.colcon_core.shell:Creating package script '/home/ml_nd/ROS2Level3_ws/install/actions_py/share/actions_py/package.ps1'
[13.875s] INFO:colcon.colcon_core.shell:Creating package descriptor '/home/ml_nd/ROS2Level3_ws/install/actions_py/share/actions_py/package.dsv'
[13.875s] INFO:colcon.colcon_core.shell:Creating package script '/home/ml_nd/ROS2Level3_ws/install/actions_py/share/actions_py/package.sh'
[13.875s] INFO:colcon.colcon_core.shell:Creating package script '/home/ml_nd/ROS2Level3_ws/install/actions_py/share/actions_py/package.bash'
[13.876s] INFO:colcon.colcon_core.shell:Creating package script '/home/ml_nd/ROS2Level3_ws/install/actions_py/share/actions_py/package.zsh'
[13.876s] Level 1:colcon.colcon_core.environment:create_file_with_runtime_dependencies(/home/ml_nd/ROS2Level3_ws/install/actions_py/share/colcon-core/packages/actions_py)
[14.293s] DEBUG:colcon.colcon_core.event_handler.log_command:Invoked command in '/home/ml_nd/ROS2Level3_ws/build/actions_cpp' returned '0': AMENT_PREFIX_PATH=/home/ml_nd/ROS2Level3_ws/install/my_robot_interfaces:${AMENT_PREFIX_PATH} CMAKE_PREFIX_PATH=/home/ml_nd/ROS2Level3_ws/install/my_robot_interfaces:/opt/ros/humble LD_LIBRARY_PATH=/home/ml_nd/ROS2Level3_ws/install/my_robot_interfaces/lib:${LD_LIBRARY_PATH} PYTHONPATH=/home/ml_nd/ROS2Level3_ws/install/my_robot_interfaces/local/lib/python3.10/dist-packages:${PYTHONPATH} /usr/bin/cmake /home/ml_nd/ROS2Level3_ws/src/actions_cpp -DCMAKE_INSTALL_PREFIX=/home/ml_nd/ROS2Level3_ws/install/actions_cpp
[14.296s] DEBUG:colcon.colcon_core.event_handler.log_command:Invoking command in '/home/ml_nd/ROS2Level3_ws/build/actions_cpp': AMENT_PREFIX_PATH=/home/ml_nd/ROS2Level3_ws/install/my_robot_interfaces:${AMENT_PREFIX_PATH} CMAKE_PREFIX_PATH=/home/ml_nd/ROS2Level3_ws/install/my_robot_interfaces:/opt/ros/humble LD_LIBRARY_PATH=/home/ml_nd/ROS2Level3_ws/install/my_robot_interfaces/lib:${LD_LIBRARY_PATH} PYTHONPATH=/home/ml_nd/ROS2Level3_ws/install/my_robot_interfaces/local/lib/python3.10/dist-packages:${PYTHONPATH} /usr/bin/cmake --build /home/ml_nd/ROS2Level3_ws/build/actions_cpp -- -j4 -l4
[30.824s] DEBUG:colcon.colcon_core.event_handler.log_command:Invoked command in '/home/ml_nd/ROS2Level3_ws/build/actions_cpp' returned '0': AMENT_PREFIX_PATH=/home/ml_nd/ROS2Level3_ws/install/my_robot_interfaces:${AMENT_PREFIX_PATH} CMAKE_PREFIX_PATH=/home/ml_nd/ROS2Level3_ws/install/my_robot_interfaces:/opt/ros/humble LD_LIBRARY_PATH=/home/ml_nd/ROS2Level3_ws/install/my_robot_interfaces/lib:${LD_LIBRARY_PATH} PYTHONPATH=/home/ml_nd/ROS2Level3_ws/install/my_robot_interfaces/local/lib/python3.10/dist-packages:${PYTHONPATH} /usr/bin/cmake --build /home/ml_nd/ROS2Level3_ws/build/actions_cpp -- -j4 -l4
[30.862s] DEBUG:colcon.colcon_core.event_handler.log_command:Invoking command in '/home/ml_nd/ROS2Level3_ws/build/actions_cpp': AMENT_PREFIX_PATH=/home/ml_nd/ROS2Level3_ws/install/my_robot_interfaces:${AMENT_PREFIX_PATH} CMAKE_PREFIX_PATH=/home/ml_nd/ROS2Level3_ws/install/my_robot_interfaces:/opt/ros/humble LD_LIBRARY_PATH=/home/ml_nd/ROS2Level3_ws/install/my_robot_interfaces/lib:${LD_LIBRARY_PATH} PYTHONPATH=/home/ml_nd/ROS2Level3_ws/install/my_robot_interfaces/local/lib/python3.10/dist-packages:${PYTHONPATH} /usr/bin/cmake --install /home/ml_nd/ROS2Level3_ws/build/actions_cpp
[30.882s] Level 1:colcon.colcon_core.environment:create_environment_scripts_only(actions_cpp)
[30.883s] DEBUG:colcon.colcon_core.event_handler.log_command:Invoked command in '/home/ml_nd/ROS2Level3_ws/build/actions_cpp' returned '0': AMENT_PREFIX_PATH=/home/ml_nd/ROS2Level3_ws/install/my_robot_interfaces:${AMENT_PREFIX_PATH} CMAKE_PREFIX_PATH=/home/ml_nd/ROS2Level3_ws/install/my_robot_interfaces:/opt/ros/humble LD_LIBRARY_PATH=/home/ml_nd/ROS2Level3_ws/install/my_robot_interfaces/lib:${LD_LIBRARY_PATH} PYTHONPATH=/home/ml_nd/ROS2Level3_ws/install/my_robot_interfaces/local/lib/python3.10/dist-packages:${PYTHONPATH} /usr/bin/cmake --install /home/ml_nd/ROS2Level3_ws/build/actions_cpp
[30.900s] Level 1:colcon.colcon_core.environment:checking '/home/ml_nd/ROS2Level3_ws/install/actions_cpp' for CMake module files
[30.901s] Level 1:colcon.colcon_core.environment:checking '/home/ml_nd/ROS2Level3_ws/install/actions_cpp' for CMake config files
[30.901s] Level 1:colcon.colcon_core.shell:create_environment_hook('actions_cpp', 'cmake_prefix_path')
[30.917s] INFO:colcon.colcon_core.shell:Creating environment hook '/home/ml_nd/ROS2Level3_ws/install/actions_cpp/share/actions_cpp/hook/cmake_prefix_path.ps1'
[30.917s] INFO:colcon.colcon_core.shell:Creating environment descriptor '/home/ml_nd/ROS2Level3_ws/install/actions_cpp/share/actions_cpp/hook/cmake_prefix_path.dsv'
[30.917s] INFO:colcon.colcon_core.shell:Creating environment hook '/home/ml_nd/ROS2Level3_ws/install/actions_cpp/share/actions_cpp/hook/cmake_prefix_path.sh'
[30.918s] Level 1:colcon.colcon_core.environment:checking '/home/ml_nd/ROS2Level3_ws/install/actions_cpp/lib'
[30.918s] Level 1:colcon.colcon_core.environment:checking '/home/ml_nd/ROS2Level3_ws/install/actions_cpp/bin'
[30.918s] Level 1:colcon.colcon_core.environment:checking '/home/ml_nd/ROS2Level3_ws/install/actions_cpp/lib/pkgconfig/actions_cpp.pc'
[30.918s] Level 1:colcon.colcon_core.environment:checking '/home/ml_nd/ROS2Level3_ws/install/actions_cpp/lib/python3.10/site-packages'
[30.918s] Level 1:colcon.colcon_core.environment:checking '/home/ml_nd/ROS2Level3_ws/install/actions_cpp/bin'
[30.934s] INFO:colcon.colcon_core.shell:Creating package script '/home/ml_nd/ROS2Level3_ws/install/actions_cpp/share/actions_cpp/package.ps1'
[30.935s] INFO:colcon.colcon_core.shell:Creating package descriptor '/home/ml_nd/ROS2Level3_ws/install/actions_cpp/share/actions_cpp/package.dsv'
[30.935s] INFO:colcon.colcon_core.shell:Creating package script '/home/ml_nd/ROS2Level3_ws/install/actions_cpp/share/actions_cpp/package.sh'
[30.935s] INFO:colcon.colcon_core.shell:Creating package script '/home/ml_nd/ROS2Level3_ws/install/actions_cpp/share/actions_cpp/package.bash'
[30.936s] INFO:colcon.colcon_core.shell:Creating package script '/home/ml_nd/ROS2Level3_ws/install/actions_cpp/share/actions_cpp/package.zsh'
[30.936s] Level 1:colcon.colcon_core.environment:create_file_with_runtime_dependencies(/home/ml_nd/ROS2Level3_ws/install/actions_cpp/share/colcon-core/packages/actions_cpp)
[31.000s] Level 1:colcon.colcon_core.environment:create_environment_scripts_only(actions_cpp)
[31.016s] Level 1:colcon.colcon_core.environment:checking '/home/ml_nd/ROS2Level3_ws/install/actions_cpp' for CMake module files
[31.016s] Level 1:colcon.colcon_core.environment:checking '/home/ml_nd/ROS2Level3_ws/install/actions_cpp' for CMake config files
[31.017s] Level 1:colcon.colcon_core.shell:create_environment_hook('actions_cpp', 'cmake_prefix_path')
[31.033s] INFO:colcon.colcon_core.shell:Creating environment hook '/home/ml_nd/ROS2Level3_ws/install/actions_cpp/share/actions_cpp/hook/cmake_prefix_path.ps1'
[31.033s] INFO:colcon.colcon_core.shell:Creating environment descriptor '/home/ml_nd/ROS2Level3_ws/install/actions_cpp/share/actions_cpp/hook/cmake_prefix_path.dsv'
[31.033s] INFO:colcon.colcon_core.shell:Creating environment hook '/home/ml_nd/ROS2Level3_ws/install/actions_cpp/share/actions_cpp/hook/cmake_prefix_path.sh'
[31.034s] Level 1:colcon.colcon_core.environment:checking '/home/ml_nd/ROS2Level3_ws/install/actions_cpp/lib'
[31.034s] Level 1:colcon.colcon_core.environment:checking '/home/ml_nd/ROS2Level3_ws/install/actions_cpp/bin'
[31.034s] Level 1:colcon.colcon_core.environment:checking '/home/ml_nd/ROS2Level3_ws/install/actions_cpp/lib/pkgconfig/actions_cpp.pc'
[31.034s] Level 1:colcon.colcon_core.environment:checking '/home/ml_nd/ROS2Level3_ws/install/actions_cpp/lib/python3.10/site-packages'
[31.035s] Level 1:colcon.colcon_core.environment:checking '/home/ml_nd/ROS2Level3_ws/install/actions_cpp/bin'
[31.051s] INFO:colcon.colcon_core.shell:Creating package script '/home/ml_nd/ROS2Level3_ws/install/actions_cpp/share/actions_cpp/package.ps1'
[31.051s] INFO:colcon.colcon_core.shell:Creating package descriptor '/home/ml_nd/ROS2Level3_ws/install/actions_cpp/share/actions_cpp/package.dsv'
[31.052s] INFO:colcon.colcon_core.shell:Creating package script '/home/ml_nd/ROS2Level3_ws/install/actions_cpp/share/actions_cpp/package.sh'
[31.052s] INFO:colcon.colcon_core.shell:Creating package script '/home/ml_nd/ROS2Level3_ws/install/actions_cpp/share/actions_cpp/package.bash'
[31.052s] INFO:colcon.colcon_core.shell:Creating package script '/home/ml_nd/ROS2Level3_ws/install/actions_cpp/share/actions_cpp/package.zsh'
[31.053s] Level 1:colcon.colcon_core.environment:create_file_with_runtime_dependencies(/home/ml_nd/ROS2Level3_ws/install/actions_cpp/share/colcon-core/packages/actions_cpp)
[31.053s] DEBUG:colcon.colcon_parallel_executor.executor.parallel:closing loop
[31.053s] DEBUG:colcon.colcon_parallel_executor.executor.parallel:loop closed
[31.054s] DEBUG:colcon.colcon_parallel_executor.executor.parallel:run_until_complete finished with '0'
[31.054s] DEBUG:colcon.colcon_core.event_reactor:joining thread
[31.078s] INFO:colcon.colcon_core.plugin_system:Skipping extension 'colcon_notification.desktop_notification.terminal_notifier': Not used on non-Darwin systems
[31.078s] INFO:colcon.colcon_core.plugin_system:Skipping extension 'colcon_notification.desktop_notification.win32': Not used on non-Windows systems
[31.079s] INFO:colcon.colcon_notification.desktop_notification:Sending desktop notification using 'notify2'
[31.089s] DEBUG:colcon.colcon_core.event_reactor:joined thread
[31.107s] INFO:colcon.colcon_core.shell:Creating prefix script '/home/ml_nd/ROS2Level3_ws/install/local_setup.ps1'
[31.108s] INFO:colcon.colcon_core.shell:Creating prefix util module '/home/ml_nd/ROS2Level3_ws/install/_local_setup_util_ps1.py'
[31.110s] INFO:colcon.colcon_core.shell:Creating prefix chain script '/home/ml_nd/ROS2Level3_ws/install/setup.ps1'
[31.129s] INFO:colcon.colcon_core.shell:Creating prefix script '/home/ml_nd/ROS2Level3_ws/install/local_setup.sh'
[31.129s] INFO:colcon.colcon_core.shell:Creating prefix util module '/home/ml_nd/ROS2Level3_ws/install/_local_setup_util_sh.py'
[31.129s] INFO:colcon.colcon_core.shell:Creating prefix chain script '/home/ml_nd/ROS2Level3_ws/install/setup.sh'
[31.147s] INFO:colcon.colcon_core.shell:Creating prefix script '/home/ml_nd/ROS2Level3_ws/install/local_setup.bash'
[31.148s] INFO:colcon.colcon_core.shell:Creating prefix chain script '/home/ml_nd/ROS2Level3_ws/install/setup.bash'
[31.165s] INFO:colcon.colcon_core.shell:Creating prefix script '/home/ml_nd/ROS2Level3_ws/install/local_setup.zsh'
[31.166s] INFO:colcon.colcon_core.shell:Creating prefix chain script '/home/ml_nd/ROS2Level3_ws/install/setup.zsh'
