[0.184s] Invoking command in '/home/ml_nd/ROS2Level3_ws/build/my_robot_interfaces': CMAKE_PREFIX_PATH=/opt/ros/humble /usr/bin/cmake /home/ml_nd/ROS2Level3_ws/src/my_robot_interfaces -DCMAKE_INSTALL_PREFIX=/home/ml_nd/ROS2Level3_ws/install/my_robot_interfaces
[0.269s] -- The C compiler identification is GNU 11.4.0
[0.352s] -- The CXX compiler identification is GNU 11.4.0
[0.359s] -- Detecting C compiler ABI info
[0.448s] -- Detecting C compiler ABI info - done
[0.462s] -- Check for working C compiler: /usr/bin/cc - skipped
[0.462s] -- Detecting C compile features
[0.463s] -- Detecting C compile features - done
[0.468s] -- Detecting CXX compiler ABI info
[0.565s] -- Detecting CXX compiler ABI info - done
[0.573s] -- Check for working CXX compiler: /usr/bin/c++ - skipped
[0.574s] -- Detecting CXX compile features
[0.576s] -- Detecting CXX compile features - done
[0.577s] -- Found ament_cmake: 1.3.7 (/opt/ros/humble/share/ament_cmake/cmake)
[0.809s] -- Found Python3: /usr/bin/python3.10 (found version "3.10.12") found components: Interpreter 
[0.935s] -- Found rosidl_default_generators: 1.2.0 (/opt/ros/humble/share/rosidl_default_generators/cmake)
[0.940s] -- Using all available rosidl_typesupport_c: rosidl_typesupport_fastrtps_c;rosidl_typesupport_introspection_c
[0.950s] -- Found rosidl_adapter: 3.1.5 (/opt/ros/humble/share/rosidl_adapter/cmake)
[1.016s] -- Using all available rosidl_typesupport_cpp: rosidl_typesupport_fastrtps_cpp;rosidl_typesupport_introspection_cpp
[1.673s] -- Found ament_cmake_ros: 0.10.0 (/opt/ros/humble/share/ament_cmake_ros/cmake)
[1.892s] -- Using all available rosidl_typesupport_c: rosidl_typesupport_fastrtps_c;rosidl_typesupport_introspection_c
[2.145s] -- Using all available rosidl_typesupport_cpp: rosidl_typesupport_fastrtps_cpp;rosidl_typesupport_introspection_cpp
[2.168s] -- Found PythonInterp: /usr/bin/python3 (found suitable version "3.10.12", minimum required is "3.6") 
[2.169s] -- Found python_cmake_module: 0.10.0 (/opt/ros/humble/share/python_cmake_module/cmake)
[2.193s] -- Found PythonLibs: /usr/lib/x86_64-linux-gnu/libpython3.10.so (found suitable version "3.10.12", minimum required is "3.5") 
[2.193s] -- Using PYTHON_EXECUTABLE: /usr/bin/python3
[2.193s] -- Using PYTHON_INCLUDE_DIRS: /usr/include/python3.10
[2.194s] -- Using PYTHON_LIBRARIES: /usr/lib/x86_64-linux-gnu/libpython3.10.so
[2.214s] -- Found PythonExtra: .so  
[2.259s] -- Configuring done
[2.293s] -- Generating done
[2.296s] -- Build files have been written to: /home/ml_nd/ROS2Level3_ws/build/my_robot_interfaces
[2.302s] Invoked command in '/home/ml_nd/ROS2Level3_ws/build/my_robot_interfaces' returned '0': CMAKE_PREFIX_PATH=/opt/ros/humble /usr/bin/cmake /home/ml_nd/ROS2Level3_ws/src/my_robot_interfaces -DCMAKE_INSTALL_PREFIX=/home/ml_nd/ROS2Level3_ws/install/my_robot_interfaces
[2.304s] Invoking command in '/home/ml_nd/ROS2Level3_ws/build/my_robot_interfaces': CMAKE_PREFIX_PATH=/opt/ros/humble /usr/bin/cmake --build /home/ml_nd/ROS2Level3_ws/build/my_robot_interfaces -- -j4 -l4
[2.349s] [  2%] [34m[1mGenerating C code for ROS interfaces[0m
[2.363s] [  5%] [34m[1mGenerating C++ code for ROS interfaces[0m
[2.376s] [  5%] Built target ament_cmake_python_copy_my_robot_interfaces
[2.846s] running egg_info
[2.847s] creating my_robot_interfaces.egg-info
[2.847s] writing my_robot_interfaces.egg-info/PKG-INFO
[2.847s] writing dependency_links to my_robot_interfaces.egg-info/dependency_links.txt
[2.847s] writing top-level names to my_robot_interfaces.egg-info/top_level.txt
[2.848s] writing manifest file 'my_robot_interfaces.egg-info/SOURCES.txt'
[2.851s] reading manifest file 'my_robot_interfaces.egg-info/SOURCES.txt'
[2.852s] writing manifest file 'my_robot_interfaces.egg-info/SOURCES.txt'
[2.895s] [  5%] Built target ament_cmake_python_build_my_robot_interfaces_egg
[3.661s] [  5%] Built target my_robot_interfaces__cpp
[3.679s] [  7%] [34m[1mGenerating C++ type support for eProsima Fast-RTPS[0m
[3.684s] [ 10%] [34m[1mGenerating C++ introspection for ROS interfaces[0m
[3.738s] [ 12%] [34m[1mGenerating C++ type support dispatch for ROS interfaces[0m
[3.822s] [ 15%] [32mBuilding C object CMakeFiles/my_robot_interfaces__rosidl_generator_c.dir/rosidl_generator_c/my_robot_interfaces/action/detail/count_until__functions.c.o[0m
[4.270s] [ 17%] [32mBuilding C object CMakeFiles/my_robot_interfaces__rosidl_generator_c.dir/rosidl_generator_c/my_robot_interfaces/action/detail/move_robot__functions.c.o[0m
[4.668s] [ 20%] [32m[1mLinking C shared library libmy_robot_interfaces__rosidl_generator_c.so[0m
[4.730s] [ 23%] [32mBuilding CXX object CMakeFiles/my_robot_interfaces__rosidl_typesupport_cpp.dir/rosidl_typesupport_cpp/my_robot_interfaces/action/count_until__type_support.cpp.o[0m
[4.742s] [ 25%] [32mBuilding CXX object CMakeFiles/my_robot_interfaces__rosidl_typesupport_introspection_cpp.dir/rosidl_typesupport_introspection_cpp/my_robot_interfaces/action/detail/count_until__type_support.cpp.o[0m
[4.770s] [ 25%] Built target my_robot_interfaces__rosidl_generator_c
[4.814s] [ 28%] [32mBuilding CXX object CMakeFiles/my_robot_interfaces__rosidl_typesupport_cpp.dir/rosidl_typesupport_cpp/my_robot_interfaces/action/move_robot__type_support.cpp.o[0m
[5.367s] [ 30%] [32mBuilding CXX object CMakeFiles/my_robot_interfaces__rosidl_typesupport_fastrtps_cpp.dir/rosidl_typesupport_fastrtps_cpp/my_robot_interfaces/action/detail/dds_fastrtps/count_until__type_support.cpp.o[0m
[5.666s] [ 33%] [34m[1mGenerating C type support dispatch for ROS interfaces[0m
[5.789s] [ 35%] [32m[1mLinking CXX shared library libmy_robot_interfaces__rosidl_typesupport_cpp.so[0m
[5.842s] [ 38%] [32mBuilding CXX object CMakeFiles/my_robot_interfaces__rosidl_typesupport_introspection_cpp.dir/rosidl_typesupport_introspection_cpp/my_robot_interfaces/action/detail/move_robot__type_support.cpp.o[0m
[5.905s] [ 38%] Built target my_robot_interfaces__rosidl_typesupport_cpp
[5.958s] [ 41%] [32mBuilding CXX object CMakeFiles/my_robot_interfaces__rosidl_typesupport_fastrtps_cpp.dir/rosidl_typesupport_fastrtps_cpp/my_robot_interfaces/action/detail/dds_fastrtps/move_robot__type_support.cpp.o[0m
[6.693s] [ 43%] [32mBuilding CXX object CMakeFiles/my_robot_interfaces__rosidl_typesupport_c.dir/rosidl_typesupport_c/my_robot_interfaces/action/count_until__type_support.cpp.o[0m
[6.714s] [ 46%] [34m[1mGenerating C type support for eProsima Fast-RTPS[0m
[6.773s] [ 48%] [32mBuilding CXX object CMakeFiles/my_robot_interfaces__rosidl_typesupport_c.dir/rosidl_typesupport_c/my_robot_interfaces/action/move_robot__type_support.cpp.o[0m
[6.885s] [ 51%] [32m[1mLinking CXX shared library libmy_robot_interfaces__rosidl_typesupport_introspection_cpp.so[0m
[6.933s] [ 53%] [32m[1mLinking CXX shared library libmy_robot_interfaces__rosidl_typesupport_c.so[0m
[7.022s] [ 53%] Built target my_robot_interfaces__rosidl_typesupport_introspection_cpp
[7.037s] [ 56%] [34m[1mGenerating C introspection for ROS interfaces[0m
[7.131s] [ 56%] Built target my_robot_interfaces__rosidl_typesupport_c
[7.209s] [ 58%] [32m[1mLinking CXX shared library libmy_robot_interfaces__rosidl_typesupport_fastrtps_cpp.so[0m
[7.337s] [ 58%] Built target my_robot_interfaces__rosidl_typesupport_fastrtps_cpp
[7.983s] [ 61%] [32mBuilding CXX object CMakeFiles/my_robot_interfaces__rosidl_typesupport_fastrtps_c.dir/rosidl_typesupport_fastrtps_c/my_robot_interfaces/action/detail/count_until__type_support_c.cpp.o[0m
[7.983s] [ 64%] [32mBuilding CXX object CMakeFiles/my_robot_interfaces__rosidl_typesupport_fastrtps_c.dir/rosidl_typesupport_fastrtps_c/my_robot_interfaces/action/detail/move_robot__type_support_c.cpp.o[0m
[8.129s] [ 66%] [32mBuilding C object CMakeFiles/my_robot_interfaces__rosidl_typesupport_introspection_c.dir/rosidl_typesupport_introspection_c/my_robot_interfaces/action/detail/count_until__type_support.c.o[0m
[8.144s] [ 69%] [32mBuilding C object CMakeFiles/my_robot_interfaces__rosidl_typesupport_introspection_c.dir/rosidl_typesupport_introspection_c/my_robot_interfaces/action/detail/move_robot__type_support.c.o[0m
[8.267s] [ 71%] [32m[1mLinking C shared library libmy_robot_interfaces__rosidl_typesupport_introspection_c.so[0m
[8.318s] [ 71%] Built target my_robot_interfaces__rosidl_typesupport_introspection_c
[8.598s] [ 74%] [32m[1mLinking CXX shared library libmy_robot_interfaces__rosidl_typesupport_fastrtps_c.so[0m
[8.693s] [ 74%] Built target my_robot_interfaces__rosidl_typesupport_fastrtps_c
[8.717s] [ 74%] Built target my_robot_interfaces
[8.737s] [ 76%] [34m[1mGenerating Python code for ROS interfaces[0m
[10.081s] [ 76%] Built target my_robot_interfaces__py
[10.101s] [ 82%] [32mBuilding C object CMakeFiles/my_robot_interfaces__rosidl_generator_py.dir/rosidl_generator_py/my_robot_interfaces/action/_count_until_s.c.o[0m
[10.101s] [ 82%] [32mBuilding C object CMakeFiles/my_robot_interfaces__rosidl_generator_py.dir/rosidl_generator_py/my_robot_interfaces/action/_move_robot_s.c.o[0m
[10.244s] [ 84%] [32m[1mLinking C shared library rosidl_generator_py/my_robot_interfaces/libmy_robot_interfaces__rosidl_generator_py.so[0m
[10.285s] [ 84%] Built target my_robot_interfaces__rosidl_generator_py
[10.309s] [ 87%] [32mBuilding C object CMakeFiles/my_robot_interfaces__rosidl_typesupport_introspection_c__pyext.dir/rosidl_generator_py/my_robot_interfaces/_my_robot_interfaces_s.ep.rosidl_typesupport_introspection_c.c.o[0m
[10.309s] [ 89%] [32mBuilding C object CMakeFiles/my_robot_interfaces__rosidl_typesupport_fastrtps_c__pyext.dir/rosidl_generator_py/my_robot_interfaces/_my_robot_interfaces_s.ep.rosidl_typesupport_fastrtps_c.c.o[0m
[10.312s] [ 92%] [32mBuilding C object CMakeFiles/my_robot_interfaces__rosidl_typesupport_c__pyext.dir/rosidl_generator_py/my_robot_interfaces/_my_robot_interfaces_s.ep.rosidl_typesupport_c.c.o[0m
[10.470s] [ 94%] [32m[1mLinking C shared library rosidl_generator_py/my_robot_interfaces/my_robot_interfaces_s__rosidl_typesupport_introspection_c.cpython-310-x86_64-linux-gnu.so[0m
[10.517s] [ 94%] Built target my_robot_interfaces__rosidl_typesupport_introspection_c__pyext
[10.556s] [ 97%] [32m[1mLinking C shared library rosidl_generator_py/my_robot_interfaces/my_robot_interfaces_s__rosidl_typesupport_fastrtps_c.cpython-310-x86_64-linux-gnu.so[0m
[10.558s] [100%] [32m[1mLinking C shared library rosidl_generator_py/my_robot_interfaces/my_robot_interfaces_s__rosidl_typesupport_c.cpython-310-x86_64-linux-gnu.so[0m
[10.602s] [100%] Built target my_robot_interfaces__rosidl_typesupport_c__pyext
[10.602s] [100%] Built target my_robot_interfaces__rosidl_typesupport_fastrtps_c__pyext
[10.614s] Invoked command in '/home/ml_nd/ROS2Level3_ws/build/my_robot_interfaces' returned '0': CMAKE_PREFIX_PATH=/opt/ros/humble /usr/bin/cmake --build /home/ml_nd/ROS2Level3_ws/build/my_robot_interfaces -- -j4 -l4
[10.692s] Invoking command in '/home/ml_nd/ROS2Level3_ws/build/my_robot_interfaces': CMAKE_PREFIX_PATH=/opt/ros/humble /usr/bin/cmake --install /home/ml_nd/ROS2Level3_ws/build/my_robot_interfaces
[10.700s] -- Install configuration: ""
[10.700s] -- Installing: /home/ml_nd/ROS2Level3_ws/install/my_robot_interfaces/share/ament_index/resource_index/rosidl_interfaces/my_robot_interfaces
[10.701s] -- Installing: /home/ml_nd/ROS2Level3_ws/install/my_robot_interfaces/include/my_robot_interfaces/my_robot_interfaces
[10.701s] -- Installing: /home/ml_nd/ROS2Level3_ws/install/my_robot_interfaces/include/my_robot_interfaces/my_robot_interfaces/msg
[10.701s] -- Installing: /home/ml_nd/ROS2Level3_ws/install/my_robot_interfaces/include/my_robot_interfaces/my_robot_interfaces/msg/rosidl_generator_c__visibility_control.h
[10.701s] -- Installing: /home/ml_nd/ROS2Level3_ws/install/my_robot_interfaces/include/my_robot_interfaces/my_robot_interfaces/action
[10.701s] -- Installing: /home/ml_nd/ROS2Level3_ws/install/my_robot_interfaces/include/my_robot_interfaces/my_robot_interfaces/action/count_until.h
[10.701s] -- Installing: /home/ml_nd/ROS2Level3_ws/install/my_robot_interfaces/include/my_robot_interfaces/my_robot_interfaces/action/move_robot.h
[10.701s] -- Installing: /home/ml_nd/ROS2Level3_ws/install/my_robot_interfaces/include/my_robot_interfaces/my_robot_interfaces/action/detail
[10.701s] -- Installing: /home/ml_nd/ROS2Level3_ws/install/my_robot_interfaces/include/my_robot_interfaces/my_robot_interfaces/action/detail/move_robot__type_support.h
[10.702s] -- Installing: /home/ml_nd/ROS2Level3_ws/install/my_robot_interfaces/include/my_robot_interfaces/my_robot_interfaces/action/detail/count_until__type_support.h
[10.702s] -- Installing: /home/ml_nd/ROS2Level3_ws/install/my_robot_interfaces/include/my_robot_interfaces/my_robot_interfaces/action/detail/move_robot__functions.h
[10.702s] -- Installing: /home/ml_nd/ROS2Level3_ws/install/my_robot_interfaces/include/my_robot_interfaces/my_robot_interfaces/action/detail/count_until__functions.h
[10.702s] -- Installing: /home/ml_nd/ROS2Level3_ws/install/my_robot_interfaces/include/my_robot_interfaces/my_robot_interfaces/action/detail/count_until__functions.c
[10.702s] -- Installing: /home/ml_nd/ROS2Level3_ws/install/my_robot_interfaces/include/my_robot_interfaces/my_robot_interfaces/action/detail/count_until__struct.h
[10.702s] -- Installing: /home/ml_nd/ROS2Level3_ws/install/my_robot_interfaces/include/my_robot_interfaces/my_robot_interfaces/action/detail/move_robot__struct.h
[10.702s] -- Installing: /home/ml_nd/ROS2Level3_ws/install/my_robot_interfaces/include/my_robot_interfaces/my_robot_interfaces/action/detail/move_robot__functions.c
[10.703s] -- Installing: /home/ml_nd/ROS2Level3_ws/install/my_robot_interfaces/share/my_robot_interfaces/environment/library_path.sh
[10.703s] -- Installing: /home/ml_nd/ROS2Level3_ws/install/my_robot_interfaces/share/my_robot_interfaces/environment/library_path.dsv
[10.703s] -- Installing: /home/ml_nd/ROS2Level3_ws/install/my_robot_interfaces/lib/libmy_robot_interfaces__rosidl_generator_c.so
[10.704s] -- Set runtime path of "/home/ml_nd/ROS2Level3_ws/install/my_robot_interfaces/lib/libmy_robot_interfaces__rosidl_generator_c.so" to ""
[10.704s] -- Up-to-date: /home/ml_nd/ROS2Level3_ws/install/my_robot_interfaces/include/my_robot_interfaces/my_robot_interfaces
[10.704s] -- Up-to-date: /home/ml_nd/ROS2Level3_ws/install/my_robot_interfaces/include/my_robot_interfaces/my_robot_interfaces/msg
[10.704s] -- Installing: /home/ml_nd/ROS2Level3_ws/install/my_robot_interfaces/include/my_robot_interfaces/my_robot_interfaces/msg/rosidl_typesupport_fastrtps_c__visibility_control.h
[10.704s] -- Up-to-date: /home/ml_nd/ROS2Level3_ws/install/my_robot_interfaces/include/my_robot_interfaces/my_robot_interfaces/action
[10.704s] -- Up-to-date: /home/ml_nd/ROS2Level3_ws/install/my_robot_interfaces/include/my_robot_interfaces/my_robot_interfaces/action/detail
[10.704s] -- Installing: /home/ml_nd/ROS2Level3_ws/install/my_robot_interfaces/include/my_robot_interfaces/my_robot_interfaces/action/detail/move_robot__rosidl_typesupport_fastrtps_c.h
[10.705s] -- Installing: /home/ml_nd/ROS2Level3_ws/install/my_robot_interfaces/include/my_robot_interfaces/my_robot_interfaces/action/detail/count_until__rosidl_typesupport_fastrtps_c.h
[10.705s] -- Installing: /home/ml_nd/ROS2Level3_ws/install/my_robot_interfaces/lib/libmy_robot_interfaces__rosidl_typesupport_fastrtps_c.so
[10.705s] -- Set runtime path of "/home/ml_nd/ROS2Level3_ws/install/my_robot_interfaces/lib/libmy_robot_interfaces__rosidl_typesupport_fastrtps_c.so" to ""
[10.705s] -- Up-to-date: /home/ml_nd/ROS2Level3_ws/install/my_robot_interfaces/include/my_robot_interfaces/my_robot_interfaces
[10.705s] -- Up-to-date: /home/ml_nd/ROS2Level3_ws/install/my_robot_interfaces/include/my_robot_interfaces/my_robot_interfaces/msg
[10.705s] -- Installing: /home/ml_nd/ROS2Level3_ws/install/my_robot_interfaces/include/my_robot_interfaces/my_robot_interfaces/msg/rosidl_typesupport_introspection_c__visibility_control.h
[10.705s] -- Up-to-date: /home/ml_nd/ROS2Level3_ws/install/my_robot_interfaces/include/my_robot_interfaces/my_robot_interfaces/action
[10.706s] -- Up-to-date: /home/ml_nd/ROS2Level3_ws/install/my_robot_interfaces/include/my_robot_interfaces/my_robot_interfaces/action/detail
[10.706s] -- Installing: /home/ml_nd/ROS2Level3_ws/install/my_robot_interfaces/include/my_robot_interfaces/my_robot_interfaces/action/detail/count_until__type_support.c
[10.706s] -- Installing: /home/ml_nd/ROS2Level3_ws/install/my_robot_interfaces/include/my_robot_interfaces/my_robot_interfaces/action/detail/move_robot__rosidl_typesupport_introspection_c.h
[10.706s] -- Installing: /home/ml_nd/ROS2Level3_ws/install/my_robot_interfaces/include/my_robot_interfaces/my_robot_interfaces/action/detail/count_until__rosidl_typesupport_introspection_c.h
[10.706s] -- Installing: /home/ml_nd/ROS2Level3_ws/install/my_robot_interfaces/include/my_robot_interfaces/my_robot_interfaces/action/detail/move_robot__type_support.c
[10.706s] -- Installing: /home/ml_nd/ROS2Level3_ws/install/my_robot_interfaces/lib/libmy_robot_interfaces__rosidl_typesupport_introspection_c.so
[10.707s] -- Set runtime path of "/home/ml_nd/ROS2Level3_ws/install/my_robot_interfaces/lib/libmy_robot_interfaces__rosidl_typesupport_introspection_c.so" to ""
[10.707s] -- Installing: /home/ml_nd/ROS2Level3_ws/install/my_robot_interfaces/lib/libmy_robot_interfaces__rosidl_typesupport_c.so
[10.707s] -- Set runtime path of "/home/ml_nd/ROS2Level3_ws/install/my_robot_interfaces/lib/libmy_robot_interfaces__rosidl_typesupport_c.so" to ""
[10.707s] -- Up-to-date: /home/ml_nd/ROS2Level3_ws/install/my_robot_interfaces/include/my_robot_interfaces/my_robot_interfaces
[10.707s] -- Up-to-date: /home/ml_nd/ROS2Level3_ws/install/my_robot_interfaces/include/my_robot_interfaces/my_robot_interfaces/action
[10.707s] -- Installing: /home/ml_nd/ROS2Level3_ws/install/my_robot_interfaces/include/my_robot_interfaces/my_robot_interfaces/action/move_robot.hpp
[10.708s] -- Installing: /home/ml_nd/ROS2Level3_ws/install/my_robot_interfaces/include/my_robot_interfaces/my_robot_interfaces/action/count_until.hpp
[10.708s] -- Up-to-date: /home/ml_nd/ROS2Level3_ws/install/my_robot_interfaces/include/my_robot_interfaces/my_robot_interfaces/action/detail
[10.708s] -- Installing: /home/ml_nd/ROS2Level3_ws/install/my_robot_interfaces/include/my_robot_interfaces/my_robot_interfaces/action/detail/count_until__struct.hpp
[10.708s] -- Installing: /home/ml_nd/ROS2Level3_ws/install/my_robot_interfaces/include/my_robot_interfaces/my_robot_interfaces/action/detail/move_robot__builder.hpp
[10.708s] -- Installing: /home/ml_nd/ROS2Level3_ws/install/my_robot_interfaces/include/my_robot_interfaces/my_robot_interfaces/action/detail/count_until__traits.hpp
[10.708s] -- Installing: /home/ml_nd/ROS2Level3_ws/install/my_robot_interfaces/include/my_robot_interfaces/my_robot_interfaces/action/detail/move_robot__traits.hpp
[10.708s] -- Installing: /home/ml_nd/ROS2Level3_ws/install/my_robot_interfaces/include/my_robot_interfaces/my_robot_interfaces/action/detail/count_until__builder.hpp
[10.708s] -- Installing: /home/ml_nd/ROS2Level3_ws/install/my_robot_interfaces/include/my_robot_interfaces/my_robot_interfaces/action/detail/move_robot__struct.hpp
[10.709s] -- Up-to-date: /home/ml_nd/ROS2Level3_ws/install/my_robot_interfaces/include/my_robot_interfaces/my_robot_interfaces
[10.709s] -- Up-to-date: /home/ml_nd/ROS2Level3_ws/install/my_robot_interfaces/include/my_robot_interfaces/my_robot_interfaces/msg
[10.709s] -- Installing: /home/ml_nd/ROS2Level3_ws/install/my_robot_interfaces/include/my_robot_interfaces/my_robot_interfaces/msg/rosidl_typesupport_fastrtps_cpp__visibility_control.h
[10.709s] -- Up-to-date: /home/ml_nd/ROS2Level3_ws/install/my_robot_interfaces/include/my_robot_interfaces/my_robot_interfaces/action
[10.709s] -- Up-to-date: /home/ml_nd/ROS2Level3_ws/install/my_robot_interfaces/include/my_robot_interfaces/my_robot_interfaces/action/detail
[10.709s] -- Installing: /home/ml_nd/ROS2Level3_ws/install/my_robot_interfaces/include/my_robot_interfaces/my_robot_interfaces/action/detail/dds_fastrtps
[10.709s] -- Installing: /home/ml_nd/ROS2Level3_ws/install/my_robot_interfaces/include/my_robot_interfaces/my_robot_interfaces/action/detail/move_robot__rosidl_typesupport_fastrtps_cpp.hpp
[10.709s] -- Installing: /home/ml_nd/ROS2Level3_ws/install/my_robot_interfaces/include/my_robot_interfaces/my_robot_interfaces/action/detail/count_until__rosidl_typesupport_fastrtps_cpp.hpp
[10.709s] -- Installing: /home/ml_nd/ROS2Level3_ws/install/my_robot_interfaces/lib/libmy_robot_interfaces__rosidl_typesupport_fastrtps_cpp.so
[10.710s] -- Set runtime path of "/home/ml_nd/ROS2Level3_ws/install/my_robot_interfaces/lib/libmy_robot_interfaces__rosidl_typesupport_fastrtps_cpp.so" to ""
[10.710s] -- Up-to-date: /home/ml_nd/ROS2Level3_ws/install/my_robot_interfaces/include/my_robot_interfaces/my_robot_interfaces
[10.710s] -- Up-to-date: /home/ml_nd/ROS2Level3_ws/install/my_robot_interfaces/include/my_robot_interfaces/my_robot_interfaces/action
[10.710s] -- Up-to-date: /home/ml_nd/ROS2Level3_ws/install/my_robot_interfaces/include/my_robot_interfaces/my_robot_interfaces/action/detail
[10.710s] -- Installing: /home/ml_nd/ROS2Level3_ws/install/my_robot_interfaces/include/my_robot_interfaces/my_robot_interfaces/action/detail/move_robot__rosidl_typesupport_introspection_cpp.hpp
[10.711s] -- Installing: /home/ml_nd/ROS2Level3_ws/install/my_robot_interfaces/include/my_robot_interfaces/my_robot_interfaces/action/detail/count_until__type_support.cpp
[10.711s] -- Installing: /home/ml_nd/ROS2Level3_ws/install/my_robot_interfaces/include/my_robot_interfaces/my_robot_interfaces/action/detail/move_robot__type_support.cpp
[10.711s] -- Installing: /home/ml_nd/ROS2Level3_ws/install/my_robot_interfaces/include/my_robot_interfaces/my_robot_interfaces/action/detail/count_until__rosidl_typesupport_introspection_cpp.hpp
[10.711s] -- Installing: /home/ml_nd/ROS2Level3_ws/install/my_robot_interfaces/lib/libmy_robot_interfaces__rosidl_typesupport_introspection_cpp.so
[10.711s] -- Set runtime path of "/home/ml_nd/ROS2Level3_ws/install/my_robot_interfaces/lib/libmy_robot_interfaces__rosidl_typesupport_introspection_cpp.so" to ""
[10.711s] -- Installing: /home/ml_nd/ROS2Level3_ws/install/my_robot_interfaces/lib/libmy_robot_interfaces__rosidl_typesupport_cpp.so
[10.712s] -- Set runtime path of "/home/ml_nd/ROS2Level3_ws/install/my_robot_interfaces/lib/libmy_robot_interfaces__rosidl_typesupport_cpp.so" to ""
[10.712s] -- Installing: /home/ml_nd/ROS2Level3_ws/install/my_robot_interfaces/share/my_robot_interfaces/environment/pythonpath.sh
[10.712s] -- Installing: /home/ml_nd/ROS2Level3_ws/install/my_robot_interfaces/share/my_robot_interfaces/environment/pythonpath.dsv
[10.712s] -- Installing: /home/ml_nd/ROS2Level3_ws/install/my_robot_interfaces/local/lib/python3.10/dist-packages/my_robot_interfaces-0.0.0-py3.10.egg-info
[10.714s] -- Installing: /home/ml_nd/ROS2Level3_ws/install/my_robot_interfaces/local/lib/python3.10/dist-packages/my_robot_interfaces-0.0.0-py3.10.egg-info/SOURCES.txt
[10.714s] -- Installing: /home/ml_nd/ROS2Level3_ws/install/my_robot_interfaces/local/lib/python3.10/dist-packages/my_robot_interfaces-0.0.0-py3.10.egg-info/dependency_links.txt
[10.714s] -- Installing: /home/ml_nd/ROS2Level3_ws/install/my_robot_interfaces/local/lib/python3.10/dist-packages/my_robot_interfaces-0.0.0-py3.10.egg-info/top_level.txt
[10.714s] -- Installing: /home/ml_nd/ROS2Level3_ws/install/my_robot_interfaces/local/lib/python3.10/dist-packages/my_robot_interfaces-0.0.0-py3.10.egg-info/PKG-INFO
[10.714s] -- Installing: /home/ml_nd/ROS2Level3_ws/install/my_robot_interfaces/local/lib/python3.10/dist-packages/my_robot_interfaces
[10.714s] -- Installing: /home/ml_nd/ROS2Level3_ws/install/my_robot_interfaces/local/lib/python3.10/dist-packages/my_robot_interfaces/my_robot_interfaces_s__rosidl_typesupport_introspection_c.cpython-310-x86_64-linux-gnu.so
[10.715s] -- Installing: /home/ml_nd/ROS2Level3_ws/install/my_robot_interfaces/local/lib/python3.10/dist-packages/my_robot_interfaces/_my_robot_interfaces_s.ep.rosidl_typesupport_fastrtps_c.c
[10.715s] -- Installing: /home/ml_nd/ROS2Level3_ws/install/my_robot_interfaces/local/lib/python3.10/dist-packages/my_robot_interfaces/_my_robot_interfaces_s.ep.rosidl_typesupport_c.c
[10.715s] -- Installing: /home/ml_nd/ROS2Level3_ws/install/my_robot_interfaces/local/lib/python3.10/dist-packages/my_robot_interfaces/_my_robot_interfaces_s.ep.rosidl_typesupport_introspection_c.c
[10.715s] -- Installing: /home/ml_nd/ROS2Level3_ws/install/my_robot_interfaces/local/lib/python3.10/dist-packages/my_robot_interfaces/libmy_robot_interfaces__rosidl_generator_py.so
[10.715s] -- Installing: /home/ml_nd/ROS2Level3_ws/install/my_robot_interfaces/local/lib/python3.10/dist-packages/my_robot_interfaces/__init__.py
[10.716s] -- Installing: /home/ml_nd/ROS2Level3_ws/install/my_robot_interfaces/local/lib/python3.10/dist-packages/my_robot_interfaces/my_robot_interfaces_s__rosidl_typesupport_fastrtps_c.cpython-310-x86_64-linux-gnu.so
[10.716s] -- Installing: /home/ml_nd/ROS2Level3_ws/install/my_robot_interfaces/local/lib/python3.10/dist-packages/my_robot_interfaces/action
[10.716s] -- Installing: /home/ml_nd/ROS2Level3_ws/install/my_robot_interfaces/local/lib/python3.10/dist-packages/my_robot_interfaces/action/_count_until_s.c
[10.716s] -- Installing: /home/ml_nd/ROS2Level3_ws/install/my_robot_interfaces/local/lib/python3.10/dist-packages/my_robot_interfaces/action/_move_robot.py
[10.716s] -- Installing: /home/ml_nd/ROS2Level3_ws/install/my_robot_interfaces/local/lib/python3.10/dist-packages/my_robot_interfaces/action/__init__.py
[10.716s] -- Installing: /home/ml_nd/ROS2Level3_ws/install/my_robot_interfaces/local/lib/python3.10/dist-packages/my_robot_interfaces/action/_move_robot_s.c
[10.716s] -- Installing: /home/ml_nd/ROS2Level3_ws/install/my_robot_interfaces/local/lib/python3.10/dist-packages/my_robot_interfaces/action/_count_until.py
[10.717s] -- Installing: /home/ml_nd/ROS2Level3_ws/install/my_robot_interfaces/local/lib/python3.10/dist-packages/my_robot_interfaces/my_robot_interfaces_s__rosidl_typesupport_c.cpython-310-x86_64-linux-gnu.so
[10.759s] Listing '/home/ml_nd/ROS2Level3_ws/install/my_robot_interfaces/local/lib/python3.10/dist-packages/my_robot_interfaces'...
[10.759s] Compiling '/home/ml_nd/ROS2Level3_ws/install/my_robot_interfaces/local/lib/python3.10/dist-packages/my_robot_interfaces/__init__.py'...
[10.759s] Listing '/home/ml_nd/ROS2Level3_ws/install/my_robot_interfaces/local/lib/python3.10/dist-packages/my_robot_interfaces/action'...
[10.759s] Compiling '/home/ml_nd/ROS2Level3_ws/install/my_robot_interfaces/local/lib/python3.10/dist-packages/my_robot_interfaces/action/__init__.py'...
[10.759s] Compiling '/home/ml_nd/ROS2Level3_ws/install/my_robot_interfaces/local/lib/python3.10/dist-packages/my_robot_interfaces/action/_count_until.py'...
[10.759s] Compiling '/home/ml_nd/ROS2Level3_ws/install/my_robot_interfaces/local/lib/python3.10/dist-packages/my_robot_interfaces/action/_move_robot.py'...
[10.764s] -- Installing: /home/ml_nd/ROS2Level3_ws/install/my_robot_interfaces/local/lib/python3.10/dist-packages/my_robot_interfaces/my_robot_interfaces_s__rosidl_typesupport_fastrtps_c.cpython-310-x86_64-linux-gnu.so
[10.765s] -- Set runtime path of "/home/ml_nd/ROS2Level3_ws/install/my_robot_interfaces/local/lib/python3.10/dist-packages/my_robot_interfaces/my_robot_interfaces_s__rosidl_typesupport_fastrtps_c.cpython-310-x86_64-linux-gnu.so" to ""
[10.765s] -- Installing: /home/ml_nd/ROS2Level3_ws/install/my_robot_interfaces/local/lib/python3.10/dist-packages/my_robot_interfaces/my_robot_interfaces_s__rosidl_typesupport_introspection_c.cpython-310-x86_64-linux-gnu.so
[10.765s] -- Set runtime path of "/home/ml_nd/ROS2Level3_ws/install/my_robot_interfaces/local/lib/python3.10/dist-packages/my_robot_interfaces/my_robot_interfaces_s__rosidl_typesupport_introspection_c.cpython-310-x86_64-linux-gnu.so" to ""
[10.766s] -- Installing: /home/ml_nd/ROS2Level3_ws/install/my_robot_interfaces/local/lib/python3.10/dist-packages/my_robot_interfaces/my_robot_interfaces_s__rosidl_typesupport_c.cpython-310-x86_64-linux-gnu.so
[10.766s] -- Set runtime path of "/home/ml_nd/ROS2Level3_ws/install/my_robot_interfaces/local/lib/python3.10/dist-packages/my_robot_interfaces/my_robot_interfaces_s__rosidl_typesupport_c.cpython-310-x86_64-linux-gnu.so" to ""
[10.766s] -- Installing: /home/ml_nd/ROS2Level3_ws/install/my_robot_interfaces/lib/libmy_robot_interfaces__rosidl_generator_py.so
[10.767s] -- Set runtime path of "/home/ml_nd/ROS2Level3_ws/install/my_robot_interfaces/lib/libmy_robot_interfaces__rosidl_generator_py.so" to ""
[10.767s] -- Installing: /home/ml_nd/ROS2Level3_ws/install/my_robot_interfaces/share/my_robot_interfaces/action/CountUntil.idl
[10.767s] -- Installing: /home/ml_nd/ROS2Level3_ws/install/my_robot_interfaces/share/my_robot_interfaces/action/MoveRobot.idl
[10.767s] -- Installing: /home/ml_nd/ROS2Level3_ws/install/my_robot_interfaces/share/my_robot_interfaces/action/CountUntil.action
[10.767s] -- Installing: /home/ml_nd/ROS2Level3_ws/install/my_robot_interfaces/share/my_robot_interfaces/action/MoveRobot.action
[10.768s] -- Installing: /home/ml_nd/ROS2Level3_ws/install/my_robot_interfaces/share/ament_index/resource_index/package_run_dependencies/my_robot_interfaces
[10.768s] -- Installing: /home/ml_nd/ROS2Level3_ws/install/my_robot_interfaces/share/ament_index/resource_index/parent_prefix_path/my_robot_interfaces
[10.768s] -- Installing: /home/ml_nd/ROS2Level3_ws/install/my_robot_interfaces/share/my_robot_interfaces/environment/ament_prefix_path.sh
[10.768s] -- Installing: /home/ml_nd/ROS2Level3_ws/install/my_robot_interfaces/share/my_robot_interfaces/environment/ament_prefix_path.dsv
[10.768s] -- Installing: /home/ml_nd/ROS2Level3_ws/install/my_robot_interfaces/share/my_robot_interfaces/environment/path.sh
[10.768s] -- Installing: /home/ml_nd/ROS2Level3_ws/install/my_robot_interfaces/share/my_robot_interfaces/environment/path.dsv
[10.768s] -- Installing: /home/ml_nd/ROS2Level3_ws/install/my_robot_interfaces/share/my_robot_interfaces/local_setup.bash
[10.769s] -- Installing: /home/ml_nd/ROS2Level3_ws/install/my_robot_interfaces/share/my_robot_interfaces/local_setup.sh
[10.769s] -- Installing: /home/ml_nd/ROS2Level3_ws/install/my_robot_interfaces/share/my_robot_interfaces/local_setup.zsh
[10.769s] -- Installing: /home/ml_nd/ROS2Level3_ws/install/my_robot_interfaces/share/my_robot_interfaces/local_setup.dsv
[10.769s] -- Installing: /home/ml_nd/ROS2Level3_ws/install/my_robot_interfaces/share/my_robot_interfaces/package.dsv
[10.769s] -- Installing: /home/ml_nd/ROS2Level3_ws/install/my_robot_interfaces/share/ament_index/resource_index/packages/my_robot_interfaces
[10.769s] -- Installing: /home/ml_nd/ROS2Level3_ws/install/my_robot_interfaces/share/my_robot_interfaces/cmake/export_my_robot_interfaces__rosidl_generator_cExport.cmake
[10.770s] -- Installing: /home/ml_nd/ROS2Level3_ws/install/my_robot_interfaces/share/my_robot_interfaces/cmake/export_my_robot_interfaces__rosidl_generator_cExport-noconfig.cmake
[10.770s] -- Installing: /home/ml_nd/ROS2Level3_ws/install/my_robot_interfaces/share/my_robot_interfaces/cmake/export_my_robot_interfaces__rosidl_typesupport_fastrtps_cExport.cmake
[10.770s] -- Installing: /home/ml_nd/ROS2Level3_ws/install/my_robot_interfaces/share/my_robot_interfaces/cmake/export_my_robot_interfaces__rosidl_typesupport_fastrtps_cExport-noconfig.cmake
[10.770s] -- Installing: /home/ml_nd/ROS2Level3_ws/install/my_robot_interfaces/share/my_robot_interfaces/cmake/my_robot_interfaces__rosidl_typesupport_introspection_cExport.cmake
[10.770s] -- Installing: /home/ml_nd/ROS2Level3_ws/install/my_robot_interfaces/share/my_robot_interfaces/cmake/my_robot_interfaces__rosidl_typesupport_introspection_cExport-noconfig.cmake
[10.770s] -- Installing: /home/ml_nd/ROS2Level3_ws/install/my_robot_interfaces/share/my_robot_interfaces/cmake/my_robot_interfaces__rosidl_typesupport_cExport.cmake
[10.771s] -- Installing: /home/ml_nd/ROS2Level3_ws/install/my_robot_interfaces/share/my_robot_interfaces/cmake/my_robot_interfaces__rosidl_typesupport_cExport-noconfig.cmake
[10.771s] -- Installing: /home/ml_nd/ROS2Level3_ws/install/my_robot_interfaces/share/my_robot_interfaces/cmake/export_my_robot_interfaces__rosidl_generator_cppExport.cmake
[10.771s] -- Installing: /home/ml_nd/ROS2Level3_ws/install/my_robot_interfaces/share/my_robot_interfaces/cmake/export_my_robot_interfaces__rosidl_typesupport_fastrtps_cppExport.cmake
[10.771s] -- Installing: /home/ml_nd/ROS2Level3_ws/install/my_robot_interfaces/share/my_robot_interfaces/cmake/export_my_robot_interfaces__rosidl_typesupport_fastrtps_cppExport-noconfig.cmake
[10.771s] -- Installing: /home/ml_nd/ROS2Level3_ws/install/my_robot_interfaces/share/my_robot_interfaces/cmake/my_robot_interfaces__rosidl_typesupport_introspection_cppExport.cmake
[10.771s] -- Installing: /home/ml_nd/ROS2Level3_ws/install/my_robot_interfaces/share/my_robot_interfaces/cmake/my_robot_interfaces__rosidl_typesupport_introspection_cppExport-noconfig.cmake
[10.771s] -- Installing: /home/ml_nd/ROS2Level3_ws/install/my_robot_interfaces/share/my_robot_interfaces/cmake/my_robot_interfaces__rosidl_typesupport_cppExport.cmake
[10.772s] -- Installing: /home/ml_nd/ROS2Level3_ws/install/my_robot_interfaces/share/my_robot_interfaces/cmake/my_robot_interfaces__rosidl_typesupport_cppExport-noconfig.cmake
[10.772s] -- Installing: /home/ml_nd/ROS2Level3_ws/install/my_robot_interfaces/share/my_robot_interfaces/cmake/export_my_robot_interfaces__rosidl_generator_pyExport.cmake
[10.772s] -- Installing: /home/ml_nd/ROS2Level3_ws/install/my_robot_interfaces/share/my_robot_interfaces/cmake/export_my_robot_interfaces__rosidl_generator_pyExport-noconfig.cmake
[10.772s] -- Installing: /home/ml_nd/ROS2Level3_ws/install/my_robot_interfaces/share/my_robot_interfaces/cmake/rosidl_cmake-extras.cmake
[10.772s] -- Installing: /home/ml_nd/ROS2Level3_ws/install/my_robot_interfaces/share/my_robot_interfaces/cmake/ament_cmake_export_dependencies-extras.cmake
[10.772s] -- Installing: /home/ml_nd/ROS2Level3_ws/install/my_robot_interfaces/share/my_robot_interfaces/cmake/ament_cmake_export_include_directories-extras.cmake
[10.773s] -- Installing: /home/ml_nd/ROS2Level3_ws/install/my_robot_interfaces/share/my_robot_interfaces/cmake/ament_cmake_export_libraries-extras.cmake
[10.773s] -- Installing: /home/ml_nd/ROS2Level3_ws/install/my_robot_interfaces/share/my_robot_interfaces/cmake/ament_cmake_export_targets-extras.cmake
[10.773s] -- Installing: /home/ml_nd/ROS2Level3_ws/install/my_robot_interfaces/share/my_robot_interfaces/cmake/rosidl_cmake_export_typesupport_targets-extras.cmake
[10.773s] -- Installing: /home/ml_nd/ROS2Level3_ws/install/my_robot_interfaces/share/my_robot_interfaces/cmake/rosidl_cmake_export_typesupport_libraries-extras.cmake
[10.773s] -- Installing: /home/ml_nd/ROS2Level3_ws/install/my_robot_interfaces/share/my_robot_interfaces/cmake/my_robot_interfacesConfig.cmake
[10.773s] -- Installing: /home/ml_nd/ROS2Level3_ws/install/my_robot_interfaces/share/my_robot_interfaces/cmake/my_robot_interfacesConfig-version.cmake
[10.773s] -- Installing: /home/ml_nd/ROS2Level3_ws/install/my_robot_interfaces/share/my_robot_interfaces/package.xml
[10.776s] Invoked command in '/home/ml_nd/ROS2Level3_ws/build/my_robot_interfaces' returned '0': CMAKE_PREFIX_PATH=/opt/ros/humble /usr/bin/cmake --install /home/ml_nd/ROS2Level3_ws/build/my_robot_interfaces
