[0.186s] Invoking command in '/home/ml_nd/ROS2Level3_ws/build/actions_cpp': AMENT_PREFIX_PATH=/home/ml_nd/ROS2Level3_ws/install/my_robot_interfaces:${AMENT_PREFIX_PATH} CMAKE_PREFIX_PATH=/home/ml_nd/ROS2Level3_ws/install/my_robot_interfaces:/opt/ros/humble LD_LIBRARY_PATH=/home/ml_nd/ROS2Level3_ws/install/my_robot_interfaces/lib:${LD_LIBRARY_PATH} PYTHONPATH=/home/ml_nd/ROS2Level3_ws/install/my_robot_interfaces/local/lib/python3.10/dist-packages:${PYTHONPATH} /usr/bin/cmake /home/ml_nd/ROS2Level3_ws/actions_cpp -DCMAKE_INSTALL_PREFIX=/home/ml_nd/ROS2Level3_ws/install/actions_cpp
[0.263s] -- The C compiler identification is GNU 11.4.0
[0.338s] -- The CXX compiler identification is GNU 11.4.0
[0.348s] -- Detecting C compiler ABI info
[0.456s] -- Detecting C compiler ABI info - done
[0.471s] -- Check for working C compiler: /usr/bin/cc - skipped
[0.472s] -- Detecting C compile features
[0.473s] -- Detecting C compile features - done
[0.477s] -- Detecting CXX compiler ABI info
[0.586s] -- Detecting CXX compiler ABI info - done
[0.597s] -- Check for working CXX compiler: /usr/bin/c++ - skipped
[0.597s] -- Detecting CXX compile features
[0.598s] -- Detecting CXX compile features - done
[0.602s] -- Found ament_cmake: 1.3.7 (/opt/ros/humble/share/ament_cmake/cmake)
[0.884s] -- Found Python3: /usr/bin/python3.10 (found version "3.10.12") found components: Interpreter 
[1.005s] -- Found rclcpp: 16.0.8 (/opt/ros/humble/share/rclcpp/cmake)
[1.064s] -- Found rosidl_generator_c: 3.1.5 (/opt/ros/humble/share/rosidl_generator_c/cmake)
[1.070s] -- Found rosidl_adapter: 3.1.5 (/opt/ros/humble/share/rosidl_adapter/cmake)
[1.080s] -- Found rosidl_generator_cpp: 3.1.5 (/opt/ros/humble/share/rosidl_generator_cpp/cmake)
[1.101s] -- Using all available rosidl_typesupport_c: rosidl_typesupport_fastrtps_c;rosidl_typesupport_introspection_c
[1.137s] -- Using all available rosidl_typesupport_cpp: rosidl_typesupport_fastrtps_cpp;rosidl_typesupport_introspection_cpp
[1.260s] -- Found rmw_implementation_cmake: 6.1.1 (/opt/ros/humble/share/rmw_implementation_cmake/cmake)
[1.265s] -- Found rmw_fastrtps_cpp: 6.2.6 (/opt/ros/humble/share/rmw_fastrtps_cpp/cmake)
[1.424s] -- Found OpenSSL: /usr/lib/x86_64-linux-gnu/libcrypto.so (found version "3.0.2")  
[1.462s] -- Found FastRTPS: /opt/ros/humble/include  
[1.550s] -- Using RMW implementation 'rmw_fastrtps_cpp' as default
[1.573s] -- Looking for pthread.h
[1.670s] -- Looking for pthread.h - found
[1.671s] -- Performing Test CMAKE_HAVE_LIBC_PTHREAD
[1.773s] -- Performing Test CMAKE_HAVE_LIBC_PTHREAD - Success
[1.775s] -- Found Threads: TRUE  
[2.142s] -- Found rclcpp_action: 16.0.8 (/opt/ros/humble/share/rclcpp_action/cmake)
[2.280s] -- Found my_robot_interfaces: 0.0.0 (/home/ml_nd/ROS2Level3_ws/install/my_robot_interfaces/share/my_robot_interfaces/cmake)
[2.360s] -- Found example_interfaces: 0.9.3 (/opt/ros/humble/share/example_interfaces/cmake)
[2.537s] -- Configuring done
[2.570s] -- Generating done
[2.572s] -- Build files have been written to: /home/ml_nd/ROS2Level3_ws/build/actions_cpp
[2.585s] Invoked command in '/home/ml_nd/ROS2Level3_ws/build/actions_cpp' returned '0': AMENT_PREFIX_PATH=/home/ml_nd/ROS2Level3_ws/install/my_robot_interfaces:${AMENT_PREFIX_PATH} CMAKE_PREFIX_PATH=/home/ml_nd/ROS2Level3_ws/install/my_robot_interfaces:/opt/ros/humble LD_LIBRARY_PATH=/home/ml_nd/ROS2Level3_ws/install/my_robot_interfaces/lib:${LD_LIBRARY_PATH} PYTHONPATH=/home/ml_nd/ROS2Level3_ws/install/my_robot_interfaces/local/lib/python3.10/dist-packages:${PYTHONPATH} /usr/bin/cmake /home/ml_nd/ROS2Level3_ws/actions_cpp -DCMAKE_INSTALL_PREFIX=/home/ml_nd/ROS2Level3_ws/install/actions_cpp
[2.587s] Invoking command in '/home/ml_nd/ROS2Level3_ws/build/actions_cpp': AMENT_PREFIX_PATH=/home/ml_nd/ROS2Level3_ws/install/my_robot_interfaces:${AMENT_PREFIX_PATH} CMAKE_PREFIX_PATH=/home/ml_nd/ROS2Level3_ws/install/my_robot_interfaces:/opt/ros/humble LD_LIBRARY_PATH=/home/ml_nd/ROS2Level3_ws/install/my_robot_interfaces/lib:${LD_LIBRARY_PATH} PYTHONPATH=/home/ml_nd/ROS2Level3_ws/install/my_robot_interfaces/local/lib/python3.10/dist-packages:${PYTHONPATH} /usr/bin/cmake --build /home/ml_nd/ROS2Level3_ws/build/actions_cpp -- -j4 -l4
[2.658s] [ 10%] [32mBuilding CXX object CMakeFiles/count_until_server.dir/src/count_until_server.cpp.o[0m
[2.658s] [ 20%] [32mBuilding CXX object CMakeFiles/move_robot_server.dir/src/move_robot_server.cpp.o[0m
[2.660s] [ 30%] [32mBuilding CXX object CMakeFiles/count_until_client.dir/src/count_until_client.cpp.o[0m
[2.660s] [ 40%] [32mBuilding CXX object CMakeFiles/count_until_server_queue_goals.dir/src/count_until_server_queue_goals.cpp.o[0m
[10.576s] [ 50%] [32m[1mLinking CXX executable count_until_server[0m
[11.216s] [ 50%] Built target count_until_server
[11.300s] [ 60%] [32mBuilding CXX object CMakeFiles/move_robot_client.dir/src/move_robot_client.cpp.o[0m
[11.991s] [ 70%] [32m[1mLinking CXX executable count_until_client[0m
[12.011s] [ 80%] [32m[1mLinking CXX executable count_until_server_queue_goals[0m
[12.474s] [ 80%] Built target count_until_client
[12.533s] [ 80%] Built target count_until_server_queue_goals
[13.079s] [ 90%] [32m[1mLinking CXX executable move_robot_server[0m
[13.333s] [ 90%] Built target move_robot_server
[23.734s] [100%] [32m[1mLinking CXX executable move_robot_client[0m
[24.517s] [100%] Built target move_robot_client
[24.533s] Invoked command in '/home/ml_nd/ROS2Level3_ws/build/actions_cpp' returned '0': AMENT_PREFIX_PATH=/home/ml_nd/ROS2Level3_ws/install/my_robot_interfaces:${AMENT_PREFIX_PATH} CMAKE_PREFIX_PATH=/home/ml_nd/ROS2Level3_ws/install/my_robot_interfaces:/opt/ros/humble LD_LIBRARY_PATH=/home/ml_nd/ROS2Level3_ws/install/my_robot_interfaces/lib:${LD_LIBRARY_PATH} PYTHONPATH=/home/ml_nd/ROS2Level3_ws/install/my_robot_interfaces/local/lib/python3.10/dist-packages:${PYTHONPATH} /usr/bin/cmake --build /home/ml_nd/ROS2Level3_ws/build/actions_cpp -- -j4 -l4
[24.584s] Invoking command in '/home/ml_nd/ROS2Level3_ws/build/actions_cpp': AMENT_PREFIX_PATH=/home/ml_nd/ROS2Level3_ws/install/my_robot_interfaces:${AMENT_PREFIX_PATH} CMAKE_PREFIX_PATH=/home/ml_nd/ROS2Level3_ws/install/my_robot_interfaces:/opt/ros/humble LD_LIBRARY_PATH=/home/ml_nd/ROS2Level3_ws/install/my_robot_interfaces/lib:${LD_LIBRARY_PATH} PYTHONPATH=/home/ml_nd/ROS2Level3_ws/install/my_robot_interfaces/local/lib/python3.10/dist-packages:${PYTHONPATH} /usr/bin/cmake --install /home/ml_nd/ROS2Level3_ws/build/actions_cpp
[24.594s] -- Install configuration: ""
[24.595s] -- Installing: /home/ml_nd/ROS2Level3_ws/install/actions_cpp/lib/actions_cpp/count_until_server
[24.596s] -- Set runtime path of "/home/ml_nd/ROS2Level3_ws/install/actions_cpp/lib/actions_cpp/count_until_server" to ""
[24.596s] -- Installing: /home/ml_nd/ROS2Level3_ws/install/actions_cpp/lib/actions_cpp/count_until_server_queue_goals
[24.597s] -- Set runtime path of "/home/ml_nd/ROS2Level3_ws/install/actions_cpp/lib/actions_cpp/count_until_server_queue_goals" to ""
[24.598s] -- Installing: /home/ml_nd/ROS2Level3_ws/install/actions_cpp/lib/actions_cpp/count_until_client
[24.599s] -- Set runtime path of "/home/ml_nd/ROS2Level3_ws/install/actions_cpp/lib/actions_cpp/count_until_client" to ""
[24.599s] -- Installing: /home/ml_nd/ROS2Level3_ws/install/actions_cpp/lib/actions_cpp/move_robot_server
[24.600s] -- Set runtime path of "/home/ml_nd/ROS2Level3_ws/install/actions_cpp/lib/actions_cpp/move_robot_server" to ""
[24.600s] -- Installing: /home/ml_nd/ROS2Level3_ws/install/actions_cpp/lib/actions_cpp/move_robot_client
[24.606s] -- Set runtime path of "/home/ml_nd/ROS2Level3_ws/install/actions_cpp/lib/actions_cpp/move_robot_client" to ""
[24.606s] -- Installing: /home/ml_nd/ROS2Level3_ws/install/actions_cpp/share/ament_index/resource_index/package_run_dependencies/actions_cpp
[24.606s] -- Installing: /home/ml_nd/ROS2Level3_ws/install/actions_cpp/share/ament_index/resource_index/parent_prefix_path/actions_cpp
[24.606s] -- Installing: /home/ml_nd/ROS2Level3_ws/install/actions_cpp/share/actions_cpp/environment/ament_prefix_path.sh
[24.607s] -- Installing: /home/ml_nd/ROS2Level3_ws/install/actions_cpp/share/actions_cpp/environment/ament_prefix_path.dsv
[24.607s] -- Installing: /home/ml_nd/ROS2Level3_ws/install/actions_cpp/share/actions_cpp/environment/path.sh
[24.607s] -- Installing: /home/ml_nd/ROS2Level3_ws/install/actions_cpp/share/actions_cpp/environment/path.dsv
[24.607s] -- Installing: /home/ml_nd/ROS2Level3_ws/install/actions_cpp/share/actions_cpp/local_setup.bash
[24.608s] -- Installing: /home/ml_nd/ROS2Level3_ws/install/actions_cpp/share/actions_cpp/local_setup.sh
[24.608s] -- Installing: /home/ml_nd/ROS2Level3_ws/install/actions_cpp/share/actions_cpp/local_setup.zsh
[24.608s] -- Installing: /home/ml_nd/ROS2Level3_ws/install/actions_cpp/share/actions_cpp/local_setup.dsv
[24.609s] -- Installing: /home/ml_nd/ROS2Level3_ws/install/actions_cpp/share/actions_cpp/package.dsv
[24.609s] -- Installing: /home/ml_nd/ROS2Level3_ws/install/actions_cpp/share/ament_index/resource_index/packages/actions_cpp
[24.609s] -- Installing: /home/ml_nd/ROS2Level3_ws/install/actions_cpp/share/actions_cpp/cmake/actions_cppConfig.cmake
[24.609s] -- Installing: /home/ml_nd/ROS2Level3_ws/install/actions_cpp/share/actions_cpp/cmake/actions_cppConfig-version.cmake
[24.609s] -- Installing: /home/ml_nd/ROS2Level3_ws/install/actions_cpp/share/actions_cpp/package.xml
[24.613s] Invoked command in '/home/ml_nd/ROS2Level3_ws/build/actions_cpp' returned '0': AMENT_PREFIX_PATH=/home/ml_nd/ROS2Level3_ws/install/my_robot_interfaces:${AMENT_PREFIX_PATH} CMAKE_PREFIX_PATH=/home/ml_nd/ROS2Level3_ws/install/my_robot_interfaces:/opt/ros/humble LD_LIBRARY_PATH=/home/ml_nd/ROS2Level3_ws/install/my_robot_interfaces/lib:${LD_LIBRARY_PATH} PYTHONPATH=/home/ml_nd/ROS2Level3_ws/install/my_robot_interfaces/local/lib/python3.10/dist-packages:${PYTHONPATH} /usr/bin/cmake --install /home/ml_nd/ROS2Level3_ws/build/actions_cpp
