[0.461s] Invoking command in '/home/ml_nd/ROS2Level3_ws/build/my_robot_bringup': AMENT_PREFIX_PATH=/home/ml_nd/ROS2Level3_ws/install/lifecycle_cpp:/home/ml_nd/ROS2Level3_ws/install/my_robot_interfaces:/home/ml_nd/ROS2Level3_ws/install/lifecycle_py:${AMENT_PREFIX_PATH} CMAKE_PREFIX_PATH=/home/ml_nd/ROS2Level3_ws/install/lifecycle_cpp:/home/ml_nd/ROS2Level3_ws/install/my_robot_interfaces:/opt/ros/humble LD_LIBRARY_PATH=/home/ml_nd/ROS2Level3_ws/install/my_robot_interfaces/lib:${LD_LIBRARY_PATH} PYTHONPATH=/home/ml_nd/ROS2Level3_ws/install/my_robot_interfaces/local/lib/python3.10/dist-packages:/home/ml_nd/ROS2Level3_ws/install/lifecycle_py/lib/python3.10/site-packages:${PYTHONPATH} /usr/bin/cmake --build /home/ml_nd/ROS2Level3_ws/build/my_robot_bringup -- -j4 -l4
[0.526s] Invoked command in '/home/ml_nd/ROS2Level3_ws/build/my_robot_bringup' returned '0': AMENT_PREFIX_PATH=/home/ml_nd/ROS2Level3_ws/install/lifecycle_cpp:/home/ml_nd/ROS2Level3_ws/install/my_robot_interfaces:/home/ml_nd/ROS2Level3_ws/install/lifecycle_py:${AMENT_PREFIX_PATH} CMAKE_PREFIX_PATH=/home/ml_nd/ROS2Level3_ws/install/lifecycle_cpp:/home/ml_nd/ROS2Level3_ws/install/my_robot_interfaces:/opt/ros/humble LD_LIBRARY_PATH=/home/ml_nd/ROS2Level3_ws/install/my_robot_interfaces/lib:${LD_LIBRARY_PATH} PYTHONPATH=/home/ml_nd/ROS2Level3_ws/install/my_robot_interfaces/local/lib/python3.10/dist-packages:/home/ml_nd/ROS2Level3_ws/install/lifecycle_py/lib/python3.10/site-packages:${PYTHONPATH} /usr/bin/cmake --build /home/ml_nd/ROS2Level3_ws/build/my_robot_bringup -- -j4 -l4
[0.714s] Invoking command in '/home/ml_nd/ROS2Level3_ws/build/my_robot_bringup': AMENT_PREFIX_PATH=/home/ml_nd/ROS2Level3_ws/install/lifecycle_cpp:/home/ml_nd/ROS2Level3_ws/install/my_robot_interfaces:/home/ml_nd/ROS2Level3_ws/install/lifecycle_py:${AMENT_PREFIX_PATH} CMAKE_PREFIX_PATH=/home/ml_nd/ROS2Level3_ws/install/lifecycle_cpp:/home/ml_nd/ROS2Level3_ws/install/my_robot_interfaces:/opt/ros/humble LD_LIBRARY_PATH=/home/ml_nd/ROS2Level3_ws/install/my_robot_interfaces/lib:${LD_LIBRARY_PATH} PYTHONPATH=/home/ml_nd/ROS2Level3_ws/install/my_robot_interfaces/local/lib/python3.10/dist-packages:/home/ml_nd/ROS2Level3_ws/install/lifecycle_py/lib/python3.10/site-packages:${PYTHONPATH} /usr/bin/cmake --install /home/ml_nd/ROS2Level3_ws/build/my_robot_bringup
[0.730s] -- Install configuration: ""
[0.730s] -- Up-to-date: /home/ml_nd/ROS2Level3_ws/install/my_robot_bringup/share/my_robot_bringup//launch
[0.730s] -- Up-to-date: /home/ml_nd/ROS2Level3_ws/install/my_robot_bringup/share/my_robot_bringup//launch/move_robot.launch.xml
[0.731s] -- Up-to-date: /home/ml_nd/ROS2Level3_ws/install/my_robot_bringup/share/my_robot_bringup//launch/lifecycle_test.launch.xml
[0.731s] -- Up-to-date: /home/ml_nd/ROS2Level3_ws/install/my_robot_bringup/share/my_robot_bringup//launch/lifecycle_test.launch.py
[0.731s] -- Up-to-date: /home/ml_nd/ROS2Level3_ws/install/my_robot_bringup/share/ament_index/resource_index/package_run_dependencies/my_robot_bringup
[0.734s] -- Up-to-date: /home/ml_nd/ROS2Level3_ws/install/my_robot_bringup/share/ament_index/resource_index/parent_prefix_path/my_robot_bringup
[0.735s] -- Up-to-date: /home/ml_nd/ROS2Level3_ws/install/my_robot_bringup/share/my_robot_bringup/environment/ament_prefix_path.sh
[0.735s] -- Up-to-date: /home/ml_nd/ROS2Level3_ws/install/my_robot_bringup/share/my_robot_bringup/environment/ament_prefix_path.dsv
[0.735s] -- Up-to-date: /home/ml_nd/ROS2Level3_ws/install/my_robot_bringup/share/my_robot_bringup/environment/path.sh
[0.736s] -- Up-to-date: /home/ml_nd/ROS2Level3_ws/install/my_robot_bringup/share/my_robot_bringup/environment/path.dsv
[0.736s] -- Up-to-date: /home/ml_nd/ROS2Level3_ws/install/my_robot_bringup/share/my_robot_bringup/local_setup.bash
[0.737s] -- Up-to-date: /home/ml_nd/ROS2Level3_ws/install/my_robot_bringup/share/my_robot_bringup/local_setup.sh
[0.737s] -- Up-to-date: /home/ml_nd/ROS2Level3_ws/install/my_robot_bringup/share/my_robot_bringup/local_setup.zsh
[0.737s] -- Up-to-date: /home/ml_nd/ROS2Level3_ws/install/my_robot_bringup/share/my_robot_bringup/local_setup.dsv
[0.738s] -- Up-to-date: /home/ml_nd/ROS2Level3_ws/install/my_robot_bringup/share/my_robot_bringup/package.dsv
[0.738s] -- Up-to-date: /home/ml_nd/ROS2Level3_ws/install/my_robot_bringup/share/ament_index/resource_index/packages/my_robot_bringup
[0.738s] -- Up-to-date: /home/ml_nd/ROS2Level3_ws/install/my_robot_bringup/share/my_robot_bringup/cmake/my_robot_bringupConfig.cmake
[0.739s] -- Up-to-date: /home/ml_nd/ROS2Level3_ws/install/my_robot_bringup/share/my_robot_bringup/cmake/my_robot_bringupConfig-version.cmake
[0.739s] -- Up-to-date: /home/ml_nd/ROS2Level3_ws/install/my_robot_bringup/share/my_robot_bringup/package.xml
[0.745s] Invoked command in '/home/ml_nd/ROS2Level3_ws/build/my_robot_bringup' returned '0': AMENT_PREFIX_PATH=/home/ml_nd/ROS2Level3_ws/install/lifecycle_cpp:/home/ml_nd/ROS2Level3_ws/install/my_robot_interfaces:/home/ml_nd/ROS2Level3_ws/install/lifecycle_py:${AMENT_PREFIX_PATH} CMAKE_PREFIX_PATH=/home/ml_nd/ROS2Level3_ws/install/lifecycle_cpp:/home/ml_nd/ROS2Level3_ws/install/my_robot_interfaces:/opt/ros/humble LD_LIBRARY_PATH=/home/ml_nd/ROS2Level3_ws/install/my_robot_interfaces/lib:${LD_LIBRARY_PATH} PYTHONPATH=/home/ml_nd/ROS2Level3_ws/install/my_robot_interfaces/local/lib/python3.10/dist-packages:/home/ml_nd/ROS2Level3_ws/install/lifecycle_py/lib/python3.10/site-packages:${PYTHONPATH} /usr/bin/cmake --install /home/ml_nd/ROS2Level3_ws/build/my_robot_bringup
