[0.321s] Invoking command in '/home/ml_nd/ROS2Level3_ws/build/actions_cpp': AMENT_PREFIX_PATH=/home/ml_nd/ROS2Level3_ws/install/my_robot_interfaces:${AMENT_PREFIX_PATH} CMAKE_PREFIX_PATH=/home/ml_nd/ROS2Level3_ws/install/my_robot_interfaces:/opt/ros/humble LD_LIBRARY_PATH=/home/ml_nd/ROS2Level3_ws/install/my_robot_interfaces/lib:${LD_LIBRARY_PATH} PYTHONPATH=/home/ml_nd/ROS2Level3_ws/install/my_robot_interfaces/local/lib/python3.10/dist-packages:${PYTHONPATH} /usr/bin/cmake --build /home/ml_nd/ROS2Level3_ws/build/actions_cpp -- -j4 -l4
[0.412s] [ 20%] Built target count_until_server
[0.434s] [ 40%] Built target move_robot_server
[0.450s] [ 60%] Built target count_until_client
[0.463s] [ 80%] Built target move_robot_client
[0.463s] [100%] Built target count_until_server_queue_goals
[0.922s] Invoked command in '/home/ml_nd/ROS2Level3_ws/build/actions_cpp' returned '0': AMENT_PREFIX_PATH=/home/ml_nd/ROS2Level3_ws/install/my_robot_interfaces:${AMENT_PREFIX_PATH} CMAKE_PREFIX_PATH=/home/ml_nd/ROS2Level3_ws/install/my_robot_interfaces:/opt/ros/humble LD_LIBRARY_PATH=/home/ml_nd/ROS2Level3_ws/install/my_robot_interfaces/lib:${LD_LIBRARY_PATH} PYTHONPATH=/home/ml_nd/ROS2Level3_ws/install/my_robot_interfaces/local/lib/python3.10/dist-packages:${PYTHONPATH} /usr/bin/cmake --build /home/ml_nd/ROS2Level3_ws/build/actions_cpp -- -j4 -l4
[0.987s] Invoking command in '/home/ml_nd/ROS2Level3_ws/build/actions_cpp': AMENT_PREFIX_PATH=/home/ml_nd/ROS2Level3_ws/install/my_robot_interfaces:${AMENT_PREFIX_PATH} CMAKE_PREFIX_PATH=/home/ml_nd/ROS2Level3_ws/install/my_robot_interfaces:/opt/ros/humble LD_LIBRARY_PATH=/home/ml_nd/ROS2Level3_ws/install/my_robot_interfaces/lib:${LD_LIBRARY_PATH} PYTHONPATH=/home/ml_nd/ROS2Level3_ws/install/my_robot_interfaces/local/lib/python3.10/dist-packages:${PYTHONPATH} /usr/bin/cmake --install /home/ml_nd/ROS2Level3_ws/build/actions_cpp
[1.002s] -- Install configuration: ""
[1.002s] -- Up-to-date: /home/ml_nd/ROS2Level3_ws/install/actions_cpp/lib/actions_cpp/count_until_server
[1.002s] -- Up-to-date: /home/ml_nd/ROS2Level3_ws/install/actions_cpp/lib/actions_cpp/count_until_server_queue_goals
[1.002s] -- Up-to-date: /home/ml_nd/ROS2Level3_ws/install/actions_cpp/lib/actions_cpp/count_until_client
[1.003s] -- Up-to-date: /home/ml_nd/ROS2Level3_ws/install/actions_cpp/lib/actions_cpp/move_robot_server
[1.004s] -- Up-to-date: /home/ml_nd/ROS2Level3_ws/install/actions_cpp/lib/actions_cpp/move_robot_client
[1.004s] -- Up-to-date: /home/ml_nd/ROS2Level3_ws/install/actions_cpp/share/ament_index/resource_index/package_run_dependencies/actions_cpp
[1.004s] -- Up-to-date: /home/ml_nd/ROS2Level3_ws/install/actions_cpp/share/ament_index/resource_index/parent_prefix_path/actions_cpp
[1.004s] -- Up-to-date: /home/ml_nd/ROS2Level3_ws/install/actions_cpp/share/actions_cpp/environment/ament_prefix_path.sh
[1.004s] -- Up-to-date: /home/ml_nd/ROS2Level3_ws/install/actions_cpp/share/actions_cpp/environment/ament_prefix_path.dsv
[1.005s] -- Up-to-date: /home/ml_nd/ROS2Level3_ws/install/actions_cpp/share/actions_cpp/environment/path.sh
[1.005s] -- Up-to-date: /home/ml_nd/ROS2Level3_ws/install/actions_cpp/share/actions_cpp/environment/path.dsv
[1.005s] -- Up-to-date: /home/ml_nd/ROS2Level3_ws/install/actions_cpp/share/actions_cpp/local_setup.bash
[1.005s] -- Up-to-date: /home/ml_nd/ROS2Level3_ws/install/actions_cpp/share/actions_cpp/local_setup.sh
[1.005s] -- Up-to-date: /home/ml_nd/ROS2Level3_ws/install/actions_cpp/share/actions_cpp/local_setup.zsh
[1.005s] -- Up-to-date: /home/ml_nd/ROS2Level3_ws/install/actions_cpp/share/actions_cpp/local_setup.dsv
[1.005s] -- Installing: /home/ml_nd/ROS2Level3_ws/install/actions_cpp/share/actions_cpp/package.dsv
[1.006s] -- Up-to-date: /home/ml_nd/ROS2Level3_ws/install/actions_cpp/share/ament_index/resource_index/packages/actions_cpp
[1.006s] -- Up-to-date: /home/ml_nd/ROS2Level3_ws/install/actions_cpp/share/actions_cpp/cmake/actions_cppConfig.cmake
[1.006s] -- Up-to-date: /home/ml_nd/ROS2Level3_ws/install/actions_cpp/share/actions_cpp/cmake/actions_cppConfig-version.cmake
[1.006s] -- Up-to-date: /home/ml_nd/ROS2Level3_ws/install/actions_cpp/share/actions_cpp/package.xml
[1.017s] Invoked command in '/home/ml_nd/ROS2Level3_ws/build/actions_cpp' returned '0': AMENT_PREFIX_PATH=/home/ml_nd/ROS2Level3_ws/install/my_robot_interfaces:${AMENT_PREFIX_PATH} CMAKE_PREFIX_PATH=/home/ml_nd/ROS2Level3_ws/install/my_robot_interfaces:/opt/ros/humble LD_LIBRARY_PATH=/home/ml_nd/ROS2Level3_ws/install/my_robot_interfaces/lib:${LD_LIBRARY_PATH} PYTHONPATH=/home/ml_nd/ROS2Level3_ws/install/my_robot_interfaces/local/lib/python3.10/dist-packages:${PYTHONPATH} /usr/bin/cmake --install /home/ml_nd/ROS2Level3_ws/build/actions_cpp
