[0.080s] Invoking command in '/home/ml_nd/ROS2Level3_ws/build/my_robot_interfaces': CMAKE_PREFIX_PATH=/opt/ros/humble /usr/bin/cmake /home/ml_nd/ROS2Level3_ws/my_robot_interfaces -DCMAKE_INSTALL_PREFIX=/home/ml_nd/ROS2Level3_ws/install/my_robot_interfaces
[0.178s] -- The C compiler identification is GNU 11.4.0
[0.270s] -- The CXX compiler identification is GNU 11.4.0
[0.281s] -- Detecting C compiler ABI info
[0.360s] -- Detecting C compiler ABI info - done
[0.370s] -- Check for working C compiler: /usr/bin/cc - skipped
[0.371s] -- Detecting C compile features
[0.372s] -- Detecting C compile features - done
[0.376s] -- Detecting CXX compiler ABI info
[0.475s] -- Detecting CXX compiler ABI info - done
[0.483s] -- Check for working CXX compiler: /usr/bin/c++ - skipped
[0.483s] -- Detecting CXX compile features
[0.484s] -- Detecting CXX compile features - done
[0.488s] -- Found ament_cmake: 1.3.7 (/opt/ros/humble/share/ament_cmake/cmake)
[0.725s] -- Found Python3: /usr/bin/python3.10 (found version "3.10.12") found components: Interpreter 
[0.846s] -- Found rosidl_default_generators: 1.2.0 (/opt/ros/humble/share/rosidl_default_generators/cmake)
[0.850s] -- Using all available rosidl_typesupport_c: rosidl_typesupport_fastrtps_c;rosidl_typesupport_introspection_c
[0.860s] -- Found rosidl_adapter: 3.1.5 (/opt/ros/humble/share/rosidl_adapter/cmake)
[0.921s] -- Using all available rosidl_typesupport_cpp: rosidl_typesupport_fastrtps_cpp;rosidl_typesupport_introspection_cpp
[1.460s] -- Found ament_cmake_ros: 0.10.0 (/opt/ros/humble/share/ament_cmake_ros/cmake)
[1.727s] -- Using all available rosidl_typesupport_c: rosidl_typesupport_fastrtps_c;rosidl_typesupport_introspection_c
[2.053s] -- Using all available rosidl_typesupport_cpp: rosidl_typesupport_fastrtps_cpp;rosidl_typesupport_introspection_cpp
[2.082s] -- Found PythonInterp: /usr/bin/python3 (found suitable version "3.10.12", minimum required is "3.6") 
[2.084s] -- Found python_cmake_module: 0.10.0 (/opt/ros/humble/share/python_cmake_module/cmake)
[2.122s] -- Found PythonLibs: /usr/lib/x86_64-linux-gnu/libpython3.10.so (found suitable version "3.10.12", minimum required is "3.5") 
[2.122s] -- Using PYTHON_EXECUTABLE: /usr/bin/python3
[2.122s] -- Using PYTHON_INCLUDE_DIRS: /usr/include/python3.10
[2.122s] -- Using PYTHON_LIBRARIES: /usr/lib/x86_64-linux-gnu/libpython3.10.so
[2.154s] -- Found PythonExtra: .so  
[2.215s] -- Configuring done
[2.272s] -- Generating done
[2.276s] -- Build files have been written to: /home/ml_nd/ROS2Level3_ws/build/my_robot_interfaces
[2.285s] Invoked command in '/home/ml_nd/ROS2Level3_ws/build/my_robot_interfaces' returned '0': CMAKE_PREFIX_PATH=/opt/ros/humble /usr/bin/cmake /home/ml_nd/ROS2Level3_ws/my_robot_interfaces -DCMAKE_INSTALL_PREFIX=/home/ml_nd/ROS2Level3_ws/install/my_robot_interfaces
[2.287s] Invoking command in '/home/ml_nd/ROS2Level3_ws/build/my_robot_interfaces': CMAKE_PREFIX_PATH=/opt/ros/humble /usr/bin/cmake --build /home/ml_nd/ROS2Level3_ws/build/my_robot_interfaces -- -j4 -l4
[2.343s] [  2%] [34m[1mGenerating C code for ROS interfaces[0m
[2.376s] [  5%] [34m[1mGenerating C++ code for ROS interfaces[0m
[2.376s] [  5%] Built target ament_cmake_python_copy_my_robot_interfaces
[2.919s] running egg_info
[2.920s] creating my_robot_interfaces.egg-info
[2.920s] writing my_robot_interfaces.egg-info/PKG-INFO
[2.920s] writing dependency_links to my_robot_interfaces.egg-info/dependency_links.txt
[2.921s] writing top-level names to my_robot_interfaces.egg-info/top_level.txt
[2.921s] writing manifest file 'my_robot_interfaces.egg-info/SOURCES.txt'
[2.925s] reading manifest file 'my_robot_interfaces.egg-info/SOURCES.txt'
[2.925s] writing manifest file 'my_robot_interfaces.egg-info/SOURCES.txt'
[2.977s] [  5%] Built target ament_cmake_python_build_my_robot_interfaces_egg
[3.629s] [  5%] Built target my_robot_interfaces__cpp
[3.650s] [  7%] [34m[1mGenerating C++ introspection for ROS interfaces[0m
[3.650s] [ 10%] [34m[1mGenerating C++ type support for eProsima Fast-RTPS[0m
[3.652s] [ 12%] [34m[1mGenerating C++ type support dispatch for ROS interfaces[0m
[3.911s] [ 15%] [32mBuilding C object CMakeFiles/my_robot_interfaces__rosidl_generator_c.dir/rosidl_generator_c/my_robot_interfaces/action/detail/count_until__functions.c.o[0m
[4.239s] [ 17%] [32mBuilding C object CMakeFiles/my_robot_interfaces__rosidl_generator_c.dir/rosidl_generator_c/my_robot_interfaces/action/detail/move_robot__functions.c.o[0m
[4.597s] [ 20%] [32m[1mLinking C shared library libmy_robot_interfaces__rosidl_generator_c.so[0m
[4.689s] [ 20%] Built target my_robot_interfaces__rosidl_generator_c
[4.704s] [ 23%] [32mBuilding CXX object CMakeFiles/my_robot_interfaces__rosidl_typesupport_cpp.dir/rosidl_typesupport_cpp/my_robot_interfaces/action/count_until__type_support.cpp.o[0m
[4.710s] [ 25%] [34m[1mGenerating C type support for eProsima Fast-RTPS[0m
[4.974s] [ 28%] [32mBuilding CXX object CMakeFiles/my_robot_interfaces__rosidl_typesupport_introspection_cpp.dir/rosidl_typesupport_introspection_cpp/my_robot_interfaces/action/detail/count_until__type_support.cpp.o[0m
[5.188s] [ 30%] [32mBuilding CXX object CMakeFiles/my_robot_interfaces__rosidl_typesupport_fastrtps_cpp.dir/rosidl_typesupport_fastrtps_cpp/my_robot_interfaces/action/detail/dds_fastrtps/count_until__type_support.cpp.o[0m
[6.252s] [ 33%] [32mBuilding CXX object CMakeFiles/my_robot_interfaces__rosidl_typesupport_introspection_cpp.dir/rosidl_typesupport_introspection_cpp/my_robot_interfaces/action/detail/move_robot__type_support.cpp.o[0m
[6.255s] [ 35%] [32mBuilding CXX object CMakeFiles/my_robot_interfaces__rosidl_typesupport_cpp.dir/rosidl_typesupport_cpp/my_robot_interfaces/action/move_robot__type_support.cpp.o[0m
[6.583s] [ 38%] [32mBuilding CXX object CMakeFiles/my_robot_interfaces__rosidl_typesupport_fastrtps_c.dir/rosidl_typesupport_fastrtps_c/my_robot_interfaces/action/detail/count_until__type_support_c.cpp.o[0m
[6.674s] [ 41%] [32mBuilding CXX object CMakeFiles/my_robot_interfaces__rosidl_typesupport_fastrtps_cpp.dir/rosidl_typesupport_fastrtps_cpp/my_robot_interfaces/action/detail/dds_fastrtps/move_robot__type_support.cpp.o[0m
[7.614s] [ 43%] [32m[1mLinking CXX shared library libmy_robot_interfaces__rosidl_typesupport_introspection_cpp.so[0m
[7.737s] [ 46%] [32m[1mLinking CXX shared library libmy_robot_interfaces__rosidl_typesupport_cpp.so[0m
[7.849s] [ 46%] Built target my_robot_interfaces__rosidl_typesupport_introspection_cpp
[7.875s] [ 46%] Built target my_robot_interfaces__rosidl_typesupport_cpp
[7.875s] [ 48%] [34m[1mGenerating C introspection for ROS interfaces[0m
[7.883s] [ 51%] [34m[1mGenerating C type support dispatch for ROS interfaces[0m
[7.895s] [ 53%] [32mBuilding CXX object CMakeFiles/my_robot_interfaces__rosidl_typesupport_fastrtps_c.dir/rosidl_typesupport_fastrtps_c/my_robot_interfaces/action/detail/move_robot__type_support_c.cpp.o[0m
[7.955s] [ 56%] [32m[1mLinking CXX shared library libmy_robot_interfaces__rosidl_typesupport_fastrtps_cpp.so[0m
[8.314s] [ 56%] Built target my_robot_interfaces__rosidl_typesupport_fastrtps_cpp
[8.784s] [ 58%] [32mBuilding CXX object CMakeFiles/my_robot_interfaces__rosidl_typesupport_c.dir/rosidl_typesupport_c/my_robot_interfaces/action/count_until__type_support.cpp.o[0m
[8.794s] [ 61%] [32mBuilding CXX object CMakeFiles/my_robot_interfaces__rosidl_typesupport_c.dir/rosidl_typesupport_c/my_robot_interfaces/action/move_robot__type_support.cpp.o[0m
[8.872s] [ 64%] [32m[1mLinking CXX shared library libmy_robot_interfaces__rosidl_typesupport_fastrtps_c.so[0m
[8.911s] [ 66%] [32m[1mLinking CXX shared library libmy_robot_interfaces__rosidl_typesupport_c.so[0m
[9.010s] [ 66%] Built target my_robot_interfaces__rosidl_typesupport_c
[9.035s] [ 66%] Built target my_robot_interfaces__rosidl_typesupport_fastrtps_c
[9.117s] [ 69%] [32mBuilding C object CMakeFiles/my_robot_interfaces__rosidl_typesupport_introspection_c.dir/rosidl_typesupport_introspection_c/my_robot_interfaces/action/detail/move_robot__type_support.c.o[0m
[9.117s] [ 71%] [32mBuilding C object CMakeFiles/my_robot_interfaces__rosidl_typesupport_introspection_c.dir/rosidl_typesupport_introspection_c/my_robot_interfaces/action/detail/count_until__type_support.c.o[0m
[9.200s] [ 74%] [32m[1mLinking C shared library libmy_robot_interfaces__rosidl_typesupport_introspection_c.so[0m
[9.244s] [ 74%] Built target my_robot_interfaces__rosidl_typesupport_introspection_c
[9.272s] [ 74%] Built target my_robot_interfaces
[9.298s] [ 76%] [34m[1mGenerating Python code for ROS interfaces[0m
[11.114s] [ 76%] Built target my_robot_interfaces__py
[11.148s] [ 79%] [32mBuilding C object CMakeFiles/my_robot_interfaces__rosidl_generator_py.dir/rosidl_generator_py/my_robot_interfaces/action/_count_until_s.c.o[0m
[11.148s] [ 82%] [32mBuilding C object CMakeFiles/my_robot_interfaces__rosidl_generator_py.dir/rosidl_generator_py/my_robot_interfaces/action/_move_robot_s.c.o[0m
[11.398s] [ 84%] [32m[1mLinking C shared library rosidl_generator_py/my_robot_interfaces/libmy_robot_interfaces__rosidl_generator_py.so[0m
[11.471s] [ 84%] Built target my_robot_interfaces__rosidl_generator_py
[11.498s] [ 87%] [32mBuilding C object CMakeFiles/my_robot_interfaces__rosidl_typesupport_introspection_c__pyext.dir/rosidl_generator_py/my_robot_interfaces/_my_robot_interfaces_s.ep.rosidl_typesupport_introspection_c.c.o[0m
[11.500s] [ 89%] [32mBuilding C object CMakeFiles/my_robot_interfaces__rosidl_typesupport_c__pyext.dir/rosidl_generator_py/my_robot_interfaces/_my_robot_interfaces_s.ep.rosidl_typesupport_c.c.o[0m
[11.502s] [ 92%] [32mBuilding C object CMakeFiles/my_robot_interfaces__rosidl_typesupport_fastrtps_c__pyext.dir/rosidl_generator_py/my_robot_interfaces/_my_robot_interfaces_s.ep.rosidl_typesupport_fastrtps_c.c.o[0m
[11.738s] [ 94%] [32m[1mLinking C shared library rosidl_generator_py/my_robot_interfaces/my_robot_interfaces_s__rosidl_typesupport_c.cpython-310-x86_64-linux-gnu.so[0m
[11.784s] [ 97%] [32m[1mLinking C shared library rosidl_generator_py/my_robot_interfaces/my_robot_interfaces_s__rosidl_typesupport_fastrtps_c.cpython-310-x86_64-linux-gnu.so[0m
[11.800s] [ 97%] Built target my_robot_interfaces__rosidl_typesupport_c__pyext
[11.807s] [100%] [32m[1mLinking C shared library rosidl_generator_py/my_robot_interfaces/my_robot_interfaces_s__rosidl_typesupport_introspection_c.cpython-310-x86_64-linux-gnu.so[0m
[11.853s] [100%] Built target my_robot_interfaces__rosidl_typesupport_fastrtps_c__pyext
[11.871s] [100%] Built target my_robot_interfaces__rosidl_typesupport_introspection_c__pyext
[11.885s] Invoked command in '/home/ml_nd/ROS2Level3_ws/build/my_robot_interfaces' returned '0': CMAKE_PREFIX_PATH=/opt/ros/humble /usr/bin/cmake --build /home/ml_nd/ROS2Level3_ws/build/my_robot_interfaces -- -j4 -l4
[11.986s] Invoking command in '/home/ml_nd/ROS2Level3_ws/build/my_robot_interfaces': CMAKE_PREFIX_PATH=/opt/ros/humble /usr/bin/cmake --install /home/ml_nd/ROS2Level3_ws/build/my_robot_interfaces
[11.996s] -- Install configuration: ""
[11.996s] -- Installing: /home/ml_nd/ROS2Level3_ws/install/my_robot_interfaces/share/ament_index/resource_index/rosidl_interfaces/my_robot_interfaces
[11.997s] -- Installing: /home/ml_nd/ROS2Level3_ws/install/my_robot_interfaces/include/my_robot_interfaces/my_robot_interfaces
[11.997s] -- Installing: /home/ml_nd/ROS2Level3_ws/install/my_robot_interfaces/include/my_robot_interfaces/my_robot_interfaces/msg
[11.997s] -- Installing: /home/ml_nd/ROS2Level3_ws/install/my_robot_interfaces/include/my_robot_interfaces/my_robot_interfaces/msg/rosidl_generator_c__visibility_control.h
[11.998s] -- Installing: /home/ml_nd/ROS2Level3_ws/install/my_robot_interfaces/include/my_robot_interfaces/my_robot_interfaces/action
[11.998s] -- Installing: /home/ml_nd/ROS2Level3_ws/install/my_robot_interfaces/include/my_robot_interfaces/my_robot_interfaces/action/count_until.h
[11.998s] -- Installing: /home/ml_nd/ROS2Level3_ws/install/my_robot_interfaces/include/my_robot_interfaces/my_robot_interfaces/action/move_robot.h
[11.998s] -- Installing: /home/ml_nd/ROS2Level3_ws/install/my_robot_interfaces/include/my_robot_interfaces/my_robot_interfaces/action/detail
[11.998s] -- Installing: /home/ml_nd/ROS2Level3_ws/install/my_robot_interfaces/include/my_robot_interfaces/my_robot_interfaces/action/detail/move_robot__type_support.h
[11.999s] -- Installing: /home/ml_nd/ROS2Level3_ws/install/my_robot_interfaces/include/my_robot_interfaces/my_robot_interfaces/action/detail/count_until__type_support.h
[11.999s] -- Installing: /home/ml_nd/ROS2Level3_ws/install/my_robot_interfaces/include/my_robot_interfaces/my_robot_interfaces/action/detail/move_robot__functions.h
[11.999s] -- Installing: /home/ml_nd/ROS2Level3_ws/install/my_robot_interfaces/include/my_robot_interfaces/my_robot_interfaces/action/detail/count_until__functions.h
[11.999s] -- Installing: /home/ml_nd/ROS2Level3_ws/install/my_robot_interfaces/include/my_robot_interfaces/my_robot_interfaces/action/detail/count_until__functions.c
[11.999s] -- Installing: /home/ml_nd/ROS2Level3_ws/install/my_robot_interfaces/include/my_robot_interfaces/my_robot_interfaces/action/detail/count_until__struct.h
[12.000s] -- Installing: /home/ml_nd/ROS2Level3_ws/install/my_robot_interfaces/include/my_robot_interfaces/my_robot_interfaces/action/detail/move_robot__struct.h
[12.000s] -- Installing: /home/ml_nd/ROS2Level3_ws/install/my_robot_interfaces/include/my_robot_interfaces/my_robot_interfaces/action/detail/move_robot__functions.c
[12.000s] -- Installing: /home/ml_nd/ROS2Level3_ws/install/my_robot_interfaces/share/my_robot_interfaces/environment/library_path.sh
[12.000s] -- Installing: /home/ml_nd/ROS2Level3_ws/install/my_robot_interfaces/share/my_robot_interfaces/environment/library_path.dsv
[12.001s] -- Installing: /home/ml_nd/ROS2Level3_ws/install/my_robot_interfaces/lib/libmy_robot_interfaces__rosidl_generator_c.so
[12.001s] -- Set runtime path of "/home/ml_nd/ROS2Level3_ws/install/my_robot_interfaces/lib/libmy_robot_interfaces__rosidl_generator_c.so" to ""
[12.002s] -- Up-to-date: /home/ml_nd/ROS2Level3_ws/install/my_robot_interfaces/include/my_robot_interfaces/my_robot_interfaces
[12.002s] -- Up-to-date: /home/ml_nd/ROS2Level3_ws/install/my_robot_interfaces/include/my_robot_interfaces/my_robot_interfaces/msg
[12.002s] -- Installing: /home/ml_nd/ROS2Level3_ws/install/my_robot_interfaces/include/my_robot_interfaces/my_robot_interfaces/msg/rosidl_typesupport_fastrtps_c__visibility_control.h
[12.002s] -- Up-to-date: /home/ml_nd/ROS2Level3_ws/install/my_robot_interfaces/include/my_robot_interfaces/my_robot_interfaces/action
[12.002s] -- Up-to-date: /home/ml_nd/ROS2Level3_ws/install/my_robot_interfaces/include/my_robot_interfaces/my_robot_interfaces/action/detail
[12.002s] -- Installing: /home/ml_nd/ROS2Level3_ws/install/my_robot_interfaces/include/my_robot_interfaces/my_robot_interfaces/action/detail/move_robot__rosidl_typesupport_fastrtps_c.h
[12.002s] -- Installing: /home/ml_nd/ROS2Level3_ws/install/my_robot_interfaces/include/my_robot_interfaces/my_robot_interfaces/action/detail/count_until__rosidl_typesupport_fastrtps_c.h
[12.003s] -- Installing: /home/ml_nd/ROS2Level3_ws/install/my_robot_interfaces/lib/libmy_robot_interfaces__rosidl_typesupport_fastrtps_c.so
[12.003s] -- Set runtime path of "/home/ml_nd/ROS2Level3_ws/install/my_robot_interfaces/lib/libmy_robot_interfaces__rosidl_typesupport_fastrtps_c.so" to ""
[12.003s] -- Up-to-date: /home/ml_nd/ROS2Level3_ws/install/my_robot_interfaces/include/my_robot_interfaces/my_robot_interfaces
[12.003s] -- Up-to-date: /home/ml_nd/ROS2Level3_ws/install/my_robot_interfaces/include/my_robot_interfaces/my_robot_interfaces/msg
[12.004s] -- Installing: /home/ml_nd/ROS2Level3_ws/install/my_robot_interfaces/include/my_robot_interfaces/my_robot_interfaces/msg/rosidl_typesupport_introspection_c__visibility_control.h
[12.004s] -- Up-to-date: /home/ml_nd/ROS2Level3_ws/install/my_robot_interfaces/include/my_robot_interfaces/my_robot_interfaces/action
[12.004s] -- Up-to-date: /home/ml_nd/ROS2Level3_ws/install/my_robot_interfaces/include/my_robot_interfaces/my_robot_interfaces/action/detail
[12.004s] -- Installing: /home/ml_nd/ROS2Level3_ws/install/my_robot_interfaces/include/my_robot_interfaces/my_robot_interfaces/action/detail/count_until__type_support.c
[12.004s] -- Installing: /home/ml_nd/ROS2Level3_ws/install/my_robot_interfaces/include/my_robot_interfaces/my_robot_interfaces/action/detail/move_robot__rosidl_typesupport_introspection_c.h
[12.004s] -- Installing: /home/ml_nd/ROS2Level3_ws/install/my_robot_interfaces/include/my_robot_interfaces/my_robot_interfaces/action/detail/count_until__rosidl_typesupport_introspection_c.h
[12.004s] -- Installing: /home/ml_nd/ROS2Level3_ws/install/my_robot_interfaces/include/my_robot_interfaces/my_robot_interfaces/action/detail/move_robot__type_support.c
[12.004s] -- Installing: /home/ml_nd/ROS2Level3_ws/install/my_robot_interfaces/lib/libmy_robot_interfaces__rosidl_typesupport_introspection_c.so
[12.005s] -- Set runtime path of "/home/ml_nd/ROS2Level3_ws/install/my_robot_interfaces/lib/libmy_robot_interfaces__rosidl_typesupport_introspection_c.so" to ""
[12.005s] -- Installing: /home/ml_nd/ROS2Level3_ws/install/my_robot_interfaces/lib/libmy_robot_interfaces__rosidl_typesupport_c.so
[12.006s] -- Set runtime path of "/home/ml_nd/ROS2Level3_ws/install/my_robot_interfaces/lib/libmy_robot_interfaces__rosidl_typesupport_c.so" to ""
[12.006s] -- Up-to-date: /home/ml_nd/ROS2Level3_ws/install/my_robot_interfaces/include/my_robot_interfaces/my_robot_interfaces
[12.006s] -- Up-to-date: /home/ml_nd/ROS2Level3_ws/install/my_robot_interfaces/include/my_robot_interfaces/my_robot_interfaces/action
[12.006s] -- Installing: /home/ml_nd/ROS2Level3_ws/install/my_robot_interfaces/include/my_robot_interfaces/my_robot_interfaces/action/move_robot.hpp
[12.006s] -- Installing: /home/ml_nd/ROS2Level3_ws/install/my_robot_interfaces/include/my_robot_interfaces/my_robot_interfaces/action/count_until.hpp
[12.007s] -- Up-to-date: /home/ml_nd/ROS2Level3_ws/install/my_robot_interfaces/include/my_robot_interfaces/my_robot_interfaces/action/detail
[12.007s] -- Installing: /home/ml_nd/ROS2Level3_ws/install/my_robot_interfaces/include/my_robot_interfaces/my_robot_interfaces/action/detail/count_until__struct.hpp
[12.007s] -- Installing: /home/ml_nd/ROS2Level3_ws/install/my_robot_interfaces/include/my_robot_interfaces/my_robot_interfaces/action/detail/move_robot__builder.hpp
[12.007s] -- Installing: /home/ml_nd/ROS2Level3_ws/install/my_robot_interfaces/include/my_robot_interfaces/my_robot_interfaces/action/detail/count_until__traits.hpp
[12.007s] -- Installing: /home/ml_nd/ROS2Level3_ws/install/my_robot_interfaces/include/my_robot_interfaces/my_robot_interfaces/action/detail/move_robot__traits.hpp
[12.007s] -- Installing: /home/ml_nd/ROS2Level3_ws/install/my_robot_interfaces/include/my_robot_interfaces/my_robot_interfaces/action/detail/count_until__builder.hpp
[12.007s] -- Installing: /home/ml_nd/ROS2Level3_ws/install/my_robot_interfaces/include/my_robot_interfaces/my_robot_interfaces/action/detail/move_robot__struct.hpp
[12.008s] -- Up-to-date: /home/ml_nd/ROS2Level3_ws/install/my_robot_interfaces/include/my_robot_interfaces/my_robot_interfaces
[12.008s] -- Up-to-date: /home/ml_nd/ROS2Level3_ws/install/my_robot_interfaces/include/my_robot_interfaces/my_robot_interfaces/msg
[12.008s] -- Installing: /home/ml_nd/ROS2Level3_ws/install/my_robot_interfaces/include/my_robot_interfaces/my_robot_interfaces/msg/rosidl_typesupport_fastrtps_cpp__visibility_control.h
[12.008s] -- Up-to-date: /home/ml_nd/ROS2Level3_ws/install/my_robot_interfaces/include/my_robot_interfaces/my_robot_interfaces/action
[12.009s] -- Up-to-date: /home/ml_nd/ROS2Level3_ws/install/my_robot_interfaces/include/my_robot_interfaces/my_robot_interfaces/action/detail
[12.009s] -- Installing: /home/ml_nd/ROS2Level3_ws/install/my_robot_interfaces/include/my_robot_interfaces/my_robot_interfaces/action/detail/dds_fastrtps
[12.009s] -- Installing: /home/ml_nd/ROS2Level3_ws/install/my_robot_interfaces/include/my_robot_interfaces/my_robot_interfaces/action/detail/move_robot__rosidl_typesupport_fastrtps_cpp.hpp
[12.009s] -- Installing: /home/ml_nd/ROS2Level3_ws/install/my_robot_interfaces/include/my_robot_interfaces/my_robot_interfaces/action/detail/count_until__rosidl_typesupport_fastrtps_cpp.hpp
[12.009s] -- Installing: /home/ml_nd/ROS2Level3_ws/install/my_robot_interfaces/lib/libmy_robot_interfaces__rosidl_typesupport_fastrtps_cpp.so
[12.010s] -- Set runtime path of "/home/ml_nd/ROS2Level3_ws/install/my_robot_interfaces/lib/libmy_robot_interfaces__rosidl_typesupport_fastrtps_cpp.so" to ""
[12.011s] -- Up-to-date: /home/ml_nd/ROS2Level3_ws/install/my_robot_interfaces/include/my_robot_interfaces/my_robot_interfaces
[12.011s] -- Up-to-date: /home/ml_nd/ROS2Level3_ws/install/my_robot_interfaces/include/my_robot_interfaces/my_robot_interfaces/action
[12.011s] -- Up-to-date: /home/ml_nd/ROS2Level3_ws/install/my_robot_interfaces/include/my_robot_interfaces/my_robot_interfaces/action/detail
[12.012s] -- Installing: /home/ml_nd/ROS2Level3_ws/install/my_robot_interfaces/include/my_robot_interfaces/my_robot_interfaces/action/detail/move_robot__rosidl_typesupport_introspection_cpp.hpp
[12.012s] -- Installing: /home/ml_nd/ROS2Level3_ws/install/my_robot_interfaces/include/my_robot_interfaces/my_robot_interfaces/action/detail/count_until__type_support.cpp
[12.012s] -- Installing: /home/ml_nd/ROS2Level3_ws/install/my_robot_interfaces/include/my_robot_interfaces/my_robot_interfaces/action/detail/move_robot__type_support.cpp
[12.012s] -- Installing: /home/ml_nd/ROS2Level3_ws/install/my_robot_interfaces/include/my_robot_interfaces/my_robot_interfaces/action/detail/count_until__rosidl_typesupport_introspection_cpp.hpp
[12.013s] -- Installing: /home/ml_nd/ROS2Level3_ws/install/my_robot_interfaces/lib/libmy_robot_interfaces__rosidl_typesupport_introspection_cpp.so
[12.014s] -- Set runtime path of "/home/ml_nd/ROS2Level3_ws/install/my_robot_interfaces/lib/libmy_robot_interfaces__rosidl_typesupport_introspection_cpp.so" to ""
[12.014s] -- Installing: /home/ml_nd/ROS2Level3_ws/install/my_robot_interfaces/lib/libmy_robot_interfaces__rosidl_typesupport_cpp.so
[12.016s] -- Set runtime path of "/home/ml_nd/ROS2Level3_ws/install/my_robot_interfaces/lib/libmy_robot_interfaces__rosidl_typesupport_cpp.so" to ""
[12.016s] -- Installing: /home/ml_nd/ROS2Level3_ws/install/my_robot_interfaces/share/my_robot_interfaces/environment/pythonpath.sh
[12.017s] -- Installing: /home/ml_nd/ROS2Level3_ws/install/my_robot_interfaces/share/my_robot_interfaces/environment/pythonpath.dsv
[12.017s] -- Installing: /home/ml_nd/ROS2Level3_ws/install/my_robot_interfaces/local/lib/python3.10/dist-packages/my_robot_interfaces-0.0.0-py3.10.egg-info
[12.017s] -- Installing: /home/ml_nd/ROS2Level3_ws/install/my_robot_interfaces/local/lib/python3.10/dist-packages/my_robot_interfaces-0.0.0-py3.10.egg-info/SOURCES.txt
[12.017s] -- Installing: /home/ml_nd/ROS2Level3_ws/install/my_robot_interfaces/local/lib/python3.10/dist-packages/my_robot_interfaces-0.0.0-py3.10.egg-info/dependency_links.txt
[12.017s] -- Installing: /home/ml_nd/ROS2Level3_ws/install/my_robot_interfaces/local/lib/python3.10/dist-packages/my_robot_interfaces-0.0.0-py3.10.egg-info/top_level.txt
[12.017s] -- Installing: /home/ml_nd/ROS2Level3_ws/install/my_robot_interfaces/local/lib/python3.10/dist-packages/my_robot_interfaces-0.0.0-py3.10.egg-info/PKG-INFO
[12.017s] -- Installing: /home/ml_nd/ROS2Level3_ws/install/my_robot_interfaces/local/lib/python3.10/dist-packages/my_robot_interfaces
[12.018s] -- Installing: /home/ml_nd/ROS2Level3_ws/install/my_robot_interfaces/local/lib/python3.10/dist-packages/my_robot_interfaces/my_robot_interfaces_s__rosidl_typesupport_introspection_c.cpython-310-x86_64-linux-gnu.so
[12.018s] -- Installing: /home/ml_nd/ROS2Level3_ws/install/my_robot_interfaces/local/lib/python3.10/dist-packages/my_robot_interfaces/_my_robot_interfaces_s.ep.rosidl_typesupport_fastrtps_c.c
[12.018s] -- Installing: /home/ml_nd/ROS2Level3_ws/install/my_robot_interfaces/local/lib/python3.10/dist-packages/my_robot_interfaces/_my_robot_interfaces_s.ep.rosidl_typesupport_c.c
[12.018s] -- Installing: /home/ml_nd/ROS2Level3_ws/install/my_robot_interfaces/local/lib/python3.10/dist-packages/my_robot_interfaces/_my_robot_interfaces_s.ep.rosidl_typesupport_introspection_c.c
[12.018s] -- Installing: /home/ml_nd/ROS2Level3_ws/install/my_robot_interfaces/local/lib/python3.10/dist-packages/my_robot_interfaces/libmy_robot_interfaces__rosidl_generator_py.so
[12.018s] -- Installing: /home/ml_nd/ROS2Level3_ws/install/my_robot_interfaces/local/lib/python3.10/dist-packages/my_robot_interfaces/__init__.py
[12.019s] -- Installing: /home/ml_nd/ROS2Level3_ws/install/my_robot_interfaces/local/lib/python3.10/dist-packages/my_robot_interfaces/my_robot_interfaces_s__rosidl_typesupport_fastrtps_c.cpython-310-x86_64-linux-gnu.so
[12.019s] -- Installing: /home/ml_nd/ROS2Level3_ws/install/my_robot_interfaces/local/lib/python3.10/dist-packages/my_robot_interfaces/action
[12.019s] -- Installing: /home/ml_nd/ROS2Level3_ws/install/my_robot_interfaces/local/lib/python3.10/dist-packages/my_robot_interfaces/action/_count_until_s.c
[12.019s] -- Installing: /home/ml_nd/ROS2Level3_ws/install/my_robot_interfaces/local/lib/python3.10/dist-packages/my_robot_interfaces/action/_move_robot.py
[12.020s] -- Installing: /home/ml_nd/ROS2Level3_ws/install/my_robot_interfaces/local/lib/python3.10/dist-packages/my_robot_interfaces/action/__init__.py
[12.020s] -- Installing: /home/ml_nd/ROS2Level3_ws/install/my_robot_interfaces/local/lib/python3.10/dist-packages/my_robot_interfaces/action/_move_robot_s.c
[12.020s] -- Installing: /home/ml_nd/ROS2Level3_ws/install/my_robot_interfaces/local/lib/python3.10/dist-packages/my_robot_interfaces/action/_count_until.py
[12.020s] -- Installing: /home/ml_nd/ROS2Level3_ws/install/my_robot_interfaces/local/lib/python3.10/dist-packages/my_robot_interfaces/my_robot_interfaces_s__rosidl_typesupport_c.cpython-310-x86_64-linux-gnu.so
[12.077s] Listing '/home/ml_nd/ROS2Level3_ws/install/my_robot_interfaces/local/lib/python3.10/dist-packages/my_robot_interfaces'...
[12.077s] Compiling '/home/ml_nd/ROS2Level3_ws/install/my_robot_interfaces/local/lib/python3.10/dist-packages/my_robot_interfaces/__init__.py'...
[12.077s] Listing '/home/ml_nd/ROS2Level3_ws/install/my_robot_interfaces/local/lib/python3.10/dist-packages/my_robot_interfaces/action'...
[12.077s] Compiling '/home/ml_nd/ROS2Level3_ws/install/my_robot_interfaces/local/lib/python3.10/dist-packages/my_robot_interfaces/action/__init__.py'...
[12.077s] Compiling '/home/ml_nd/ROS2Level3_ws/install/my_robot_interfaces/local/lib/python3.10/dist-packages/my_robot_interfaces/action/_count_until.py'...
[12.077s] Compiling '/home/ml_nd/ROS2Level3_ws/install/my_robot_interfaces/local/lib/python3.10/dist-packages/my_robot_interfaces/action/_move_robot.py'...
[12.083s] -- Installing: /home/ml_nd/ROS2Level3_ws/install/my_robot_interfaces/local/lib/python3.10/dist-packages/my_robot_interfaces/my_robot_interfaces_s__rosidl_typesupport_fastrtps_c.cpython-310-x86_64-linux-gnu.so
[12.083s] -- Set runtime path of "/home/ml_nd/ROS2Level3_ws/install/my_robot_interfaces/local/lib/python3.10/dist-packages/my_robot_interfaces/my_robot_interfaces_s__rosidl_typesupport_fastrtps_c.cpython-310-x86_64-linux-gnu.so" to ""
[12.083s] -- Installing: /home/ml_nd/ROS2Level3_ws/install/my_robot_interfaces/local/lib/python3.10/dist-packages/my_robot_interfaces/my_robot_interfaces_s__rosidl_typesupport_introspection_c.cpython-310-x86_64-linux-gnu.so
[12.084s] -- Set runtime path of "/home/ml_nd/ROS2Level3_ws/install/my_robot_interfaces/local/lib/python3.10/dist-packages/my_robot_interfaces/my_robot_interfaces_s__rosidl_typesupport_introspection_c.cpython-310-x86_64-linux-gnu.so" to ""
[12.084s] -- Installing: /home/ml_nd/ROS2Level3_ws/install/my_robot_interfaces/local/lib/python3.10/dist-packages/my_robot_interfaces/my_robot_interfaces_s__rosidl_typesupport_c.cpython-310-x86_64-linux-gnu.so
[12.085s] -- Set runtime path of "/home/ml_nd/ROS2Level3_ws/install/my_robot_interfaces/local/lib/python3.10/dist-packages/my_robot_interfaces/my_robot_interfaces_s__rosidl_typesupport_c.cpython-310-x86_64-linux-gnu.so" to ""
[12.085s] -- Installing: /home/ml_nd/ROS2Level3_ws/install/my_robot_interfaces/lib/libmy_robot_interfaces__rosidl_generator_py.so
[12.086s] -- Set runtime path of "/home/ml_nd/ROS2Level3_ws/install/my_robot_interfaces/lib/libmy_robot_interfaces__rosidl_generator_py.so" to ""
[12.086s] -- Installing: /home/ml_nd/ROS2Level3_ws/install/my_robot_interfaces/share/my_robot_interfaces/action/CountUntil.idl
[12.086s] -- Installing: /home/ml_nd/ROS2Level3_ws/install/my_robot_interfaces/share/my_robot_interfaces/action/MoveRobot.idl
[12.086s] -- Installing: /home/ml_nd/ROS2Level3_ws/install/my_robot_interfaces/share/my_robot_interfaces/action/CountUntil.action
[12.087s] -- Installing: /home/ml_nd/ROS2Level3_ws/install/my_robot_interfaces/share/my_robot_interfaces/action/MoveRobot.action
[12.087s] -- Installing: /home/ml_nd/ROS2Level3_ws/install/my_robot_interfaces/share/ament_index/resource_index/package_run_dependencies/my_robot_interfaces
[12.087s] -- Installing: /home/ml_nd/ROS2Level3_ws/install/my_robot_interfaces/share/ament_index/resource_index/parent_prefix_path/my_robot_interfaces
[12.088s] -- Installing: /home/ml_nd/ROS2Level3_ws/install/my_robot_interfaces/share/my_robot_interfaces/environment/ament_prefix_path.sh
[12.088s] -- Installing: /home/ml_nd/ROS2Level3_ws/install/my_robot_interfaces/share/my_robot_interfaces/environment/ament_prefix_path.dsv
[12.088s] -- Installing: /home/ml_nd/ROS2Level3_ws/install/my_robot_interfaces/share/my_robot_interfaces/environment/path.sh
[12.088s] -- Installing: /home/ml_nd/ROS2Level3_ws/install/my_robot_interfaces/share/my_robot_interfaces/environment/path.dsv
[12.088s] -- Installing: /home/ml_nd/ROS2Level3_ws/install/my_robot_interfaces/share/my_robot_interfaces/local_setup.bash
[12.088s] -- Installing: /home/ml_nd/ROS2Level3_ws/install/my_robot_interfaces/share/my_robot_interfaces/local_setup.sh
[12.089s] -- Installing: /home/ml_nd/ROS2Level3_ws/install/my_robot_interfaces/share/my_robot_interfaces/local_setup.zsh
[12.089s] -- Installing: /home/ml_nd/ROS2Level3_ws/install/my_robot_interfaces/share/my_robot_interfaces/local_setup.dsv
[12.089s] -- Installing: /home/ml_nd/ROS2Level3_ws/install/my_robot_interfaces/share/my_robot_interfaces/package.dsv
[12.089s] -- Installing: /home/ml_nd/ROS2Level3_ws/install/my_robot_interfaces/share/ament_index/resource_index/packages/my_robot_interfaces
[12.089s] -- Installing: /home/ml_nd/ROS2Level3_ws/install/my_robot_interfaces/share/my_robot_interfaces/cmake/export_my_robot_interfaces__rosidl_generator_cExport.cmake
[12.089s] -- Installing: /home/ml_nd/ROS2Level3_ws/install/my_robot_interfaces/share/my_robot_interfaces/cmake/export_my_robot_interfaces__rosidl_generator_cExport-noconfig.cmake
[12.090s] -- Installing: /home/ml_nd/ROS2Level3_ws/install/my_robot_interfaces/share/my_robot_interfaces/cmake/export_my_robot_interfaces__rosidl_typesupport_fastrtps_cExport.cmake
[12.090s] -- Installing: /home/ml_nd/ROS2Level3_ws/install/my_robot_interfaces/share/my_robot_interfaces/cmake/export_my_robot_interfaces__rosidl_typesupport_fastrtps_cExport-noconfig.cmake
[12.090s] -- Installing: /home/ml_nd/ROS2Level3_ws/install/my_robot_interfaces/share/my_robot_interfaces/cmake/my_robot_interfaces__rosidl_typesupport_introspection_cExport.cmake
[12.090s] -- Installing: /home/ml_nd/ROS2Level3_ws/install/my_robot_interfaces/share/my_robot_interfaces/cmake/my_robot_interfaces__rosidl_typesupport_introspection_cExport-noconfig.cmake
[12.090s] -- Installing: /home/ml_nd/ROS2Level3_ws/install/my_robot_interfaces/share/my_robot_interfaces/cmake/my_robot_interfaces__rosidl_typesupport_cExport.cmake
[12.090s] -- Installing: /home/ml_nd/ROS2Level3_ws/install/my_robot_interfaces/share/my_robot_interfaces/cmake/my_robot_interfaces__rosidl_typesupport_cExport-noconfig.cmake
[12.091s] -- Installing: /home/ml_nd/ROS2Level3_ws/install/my_robot_interfaces/share/my_robot_interfaces/cmake/export_my_robot_interfaces__rosidl_generator_cppExport.cmake
[12.091s] -- Installing: /home/ml_nd/ROS2Level3_ws/install/my_robot_interfaces/share/my_robot_interfaces/cmake/export_my_robot_interfaces__rosidl_typesupport_fastrtps_cppExport.cmake
[12.091s] -- Installing: /home/ml_nd/ROS2Level3_ws/install/my_robot_interfaces/share/my_robot_interfaces/cmake/export_my_robot_interfaces__rosidl_typesupport_fastrtps_cppExport-noconfig.cmake
[12.091s] -- Installing: /home/ml_nd/ROS2Level3_ws/install/my_robot_interfaces/share/my_robot_interfaces/cmake/my_robot_interfaces__rosidl_typesupport_introspection_cppExport.cmake
[12.091s] -- Installing: /home/ml_nd/ROS2Level3_ws/install/my_robot_interfaces/share/my_robot_interfaces/cmake/my_robot_interfaces__rosidl_typesupport_introspection_cppExport-noconfig.cmake
[12.092s] -- Installing: /home/ml_nd/ROS2Level3_ws/install/my_robot_interfaces/share/my_robot_interfaces/cmake/my_robot_interfaces__rosidl_typesupport_cppExport.cmake
[12.092s] -- Installing: /home/ml_nd/ROS2Level3_ws/install/my_robot_interfaces/share/my_robot_interfaces/cmake/my_robot_interfaces__rosidl_typesupport_cppExport-noconfig.cmake
[12.092s] -- Installing: /home/ml_nd/ROS2Level3_ws/install/my_robot_interfaces/share/my_robot_interfaces/cmake/export_my_robot_interfaces__rosidl_generator_pyExport.cmake
[12.092s] -- Installing: /home/ml_nd/ROS2Level3_ws/install/my_robot_interfaces/share/my_robot_interfaces/cmake/export_my_robot_interfaces__rosidl_generator_pyExport-noconfig.cmake
[12.092s] -- Installing: /home/ml_nd/ROS2Level3_ws/install/my_robot_interfaces/share/my_robot_interfaces/cmake/rosidl_cmake-extras.cmake
[12.093s] -- Installing: /home/ml_nd/ROS2Level3_ws/install/my_robot_interfaces/share/my_robot_interfaces/cmake/ament_cmake_export_dependencies-extras.cmake
[12.093s] -- Installing: /home/ml_nd/ROS2Level3_ws/install/my_robot_interfaces/share/my_robot_interfaces/cmake/ament_cmake_export_include_directories-extras.cmake
[12.093s] -- Installing: /home/ml_nd/ROS2Level3_ws/install/my_robot_interfaces/share/my_robot_interfaces/cmake/ament_cmake_export_libraries-extras.cmake
[12.093s] -- Installing: /home/ml_nd/ROS2Level3_ws/install/my_robot_interfaces/share/my_robot_interfaces/cmake/ament_cmake_export_targets-extras.cmake
[12.093s] -- Installing: /home/ml_nd/ROS2Level3_ws/install/my_robot_interfaces/share/my_robot_interfaces/cmake/rosidl_cmake_export_typesupport_targets-extras.cmake
[12.094s] -- Installing: /home/ml_nd/ROS2Level3_ws/install/my_robot_interfaces/share/my_robot_interfaces/cmake/rosidl_cmake_export_typesupport_libraries-extras.cmake
[12.094s] -- Installing: /home/ml_nd/ROS2Level3_ws/install/my_robot_interfaces/share/my_robot_interfaces/cmake/my_robot_interfacesConfig.cmake
[12.094s] -- Installing: /home/ml_nd/ROS2Level3_ws/install/my_robot_interfaces/share/my_robot_interfaces/cmake/my_robot_interfacesConfig-version.cmake
[12.094s] -- Installing: /home/ml_nd/ROS2Level3_ws/install/my_robot_interfaces/share/my_robot_interfaces/package.xml
[12.097s] Invoked command in '/home/ml_nd/ROS2Level3_ws/build/my_robot_interfaces' returned '0': CMAKE_PREFIX_PATH=/opt/ros/humble /usr/bin/cmake --install /home/ml_nd/ROS2Level3_ws/build/my_robot_interfaces
