[1.240s] Invoking command in '/home/ml_nd/ROS2Level3_ws/src/actions_py': AMENT_PREFIX_PATH=/home/ml_nd/ROS2Level3_ws/install/my_robot_interfaces:${AMENT_PREFIX_PATH} CMAKE_PREFIX_PATH=/home/ml_nd/ROS2Level3_ws/install/my_robot_interfaces LD_LIBRARY_PATH=/home/ml_nd/ROS2Level3_ws/install/my_robot_interfaces/lib:${LD_LIBRARY_PATH} PYTHONPATH=/home/ml_nd/ROS2Level3_ws/build/actions_py/prefix_override:/home/ml_nd/ROS2Level3_ws/install/actions_py/lib/python3.10/site-packages:/home/ml_nd/ROS2Level3_ws/install/my_robot_interfaces/local/lib/python3.10/dist-packages:${PYTHONPATH} /usr/bin/python3 setup.py egg_info --egg-base ../../build/actions_py build --build-base /home/ml_nd/ROS2Level3_ws/build/actions_py/build install --record /home/ml_nd/ROS2Level3_ws/build/actions_py/install.log --single-version-externally-managed
[1.523s] running egg_info
[1.524s] writing ../../build/actions_py/actions_py.egg-info/PKG-INFO
[1.524s] writing dependency_links to ../../build/actions_py/actions_py.egg-info/dependency_links.txt
[1.525s] writing entry points to ../../build/actions_py/actions_py.egg-info/entry_points.txt
[1.525s] writing requirements to ../../build/actions_py/actions_py.egg-info/requires.txt
[1.525s] writing top-level names to ../../build/actions_py/actions_py.egg-info/top_level.txt
[1.528s] reading manifest file '../../build/actions_py/actions_py.egg-info/SOURCES.txt'
[1.529s] writing manifest file '../../build/actions_py/actions_py.egg-info/SOURCES.txt'
[1.529s] running build
[1.529s] running build_py
[1.531s] running install
[1.531s] /usr/lib/python3/dist-packages/setuptools/command/install.py:34: SetuptoolsDeprecationWarning: setup.py install is deprecated. Use build and pip and other standards-based tools.
[1.532s]   warnings.warn(
[1.532s] running install_lib
[1.533s] running install_data
[1.534s] running install_egg_info
[1.536s] removing '/home/ml_nd/ROS2Level3_ws/install/actions_py/lib/python3.10/site-packages/actions_py-0.0.0-py3.10.egg-info' (and everything under it)
[1.537s] Copying ../../build/actions_py/actions_py.egg-info to /home/ml_nd/ROS2Level3_ws/install/actions_py/lib/python3.10/site-packages/actions_py-0.0.0-py3.10.egg-info
[1.537s] running install_scripts
[1.558s] Installing count_until_client script to /home/ml_nd/ROS2Level3_ws/install/actions_py/lib/actions_py
[1.558s] Installing count_until_server script to /home/ml_nd/ROS2Level3_ws/install/actions_py/lib/actions_py
[1.558s] Installing move_robot_client script to /home/ml_nd/ROS2Level3_ws/install/actions_py/lib/actions_py
[1.558s] Installing move_robot_server script to /home/ml_nd/ROS2Level3_ws/install/actions_py/lib/actions_py
[1.558s] writing list of installed files to '/home/ml_nd/ROS2Level3_ws/build/actions_py/install.log'
[1.588s] Invoked command in '/home/ml_nd/ROS2Level3_ws/src/actions_py' returned '0': AMENT_PREFIX_PATH=/home/ml_nd/ROS2Level3_ws/install/my_robot_interfaces:${AMENT_PREFIX_PATH} CMAKE_PREFIX_PATH=/home/ml_nd/ROS2Level3_ws/install/my_robot_interfaces LD_LIBRARY_PATH=/home/ml_nd/ROS2Level3_ws/install/my_robot_interfaces/lib:${LD_LIBRARY_PATH} PYTHONPATH=/home/ml_nd/ROS2Level3_ws/build/actions_py/prefix_override:/home/ml_nd/ROS2Level3_ws/install/actions_py/lib/python3.10/site-packages:/home/ml_nd/ROS2Level3_ws/install/my_robot_interfaces/local/lib/python3.10/dist-packages:${PYTHONPATH} /usr/bin/python3 setup.py egg_info --egg-base ../../build/actions_py build --build-base /home/ml_nd/ROS2Level3_ws/build/actions_py/build install --record /home/ml_nd/ROS2Level3_ws/build/actions_py/install.log --single-version-externally-managed
