[1.732s] Invoking command in '/home/ml_nd/ROS2Level3_ws/src/actions_py': AMENT_PREFIX_PATH=/home/ml_nd/ROS2Level3_ws/install/my_robot_interfaces:${AMENT_PREFIX_PATH} CMAKE_PREFIX_PATH=/home/ml_nd/ROS2Level3_ws/install/my_robot_interfaces LD_LIBRARY_PATH=/home/ml_nd/ROS2Level3_ws/install/my_robot_interfaces/lib:${LD_LIBRARY_PATH} PYTHONPATH=/home/ml_nd/ROS2Level3_ws/build/actions_py/prefix_override:/home/ml_nd/ROS2Level3_ws/install/actions_py/lib/python3.10/site-packages:/home/ml_nd/ROS2Level3_ws/install/my_robot_interfaces/local/lib/python3.10/dist-packages:${PYTHONPATH} /usr/bin/python3 setup.py egg_info --egg-base ../../build/actions_py build --build-base /home/ml_nd/ROS2Level3_ws/build/actions_py/build install --record /home/ml_nd/ROS2Level3_ws/build/actions_py/install.log --single-version-externally-managed
[2.176s] running egg_info
[2.177s] writing ../../build/actions_py/actions_py.egg-info/PKG-INFO
[2.177s] writing dependency_links to ../../build/actions_py/actions_py.egg-info/dependency_links.txt
[2.178s] writing entry points to ../../build/actions_py/actions_py.egg-info/entry_points.txt
[2.178s] writing requirements to ../../build/actions_py/actions_py.egg-info/requires.txt
[2.178s] writing top-level names to ../../build/actions_py/actions_py.egg-info/top_level.txt
[2.181s] reading manifest file '../../build/actions_py/actions_py.egg-info/SOURCES.txt'
[2.183s] writing manifest file '../../build/actions_py/actions_py.egg-info/SOURCES.txt'
[2.183s] running build
[2.183s] running build_py
[2.185s] running install
[2.185s] /usr/lib/python3/dist-packages/setuptools/command/install.py:34: SetuptoolsDeprecationWarning: setup.py install is deprecated. Use build and pip and other standards-based tools.
[2.185s]   warnings.warn(
[2.186s] running install_lib
[2.189s] running install_data
[2.189s] running install_egg_info
[2.191s] removing '/home/ml_nd/ROS2Level3_ws/install/actions_py/lib/python3.10/site-packages/actions_py-0.0.0-py3.10.egg-info' (and everything under it)
[2.193s] Copying ../../build/actions_py/actions_py.egg-info to /home/ml_nd/ROS2Level3_ws/install/actions_py/lib/python3.10/site-packages/actions_py-0.0.0-py3.10.egg-info
[2.194s] running install_scripts
[2.234s] Installing count_until_client script to /home/ml_nd/ROS2Level3_ws/install/actions_py/lib/actions_py
[2.235s] Installing count_until_server script to /home/ml_nd/ROS2Level3_ws/install/actions_py/lib/actions_py
[2.235s] Installing move_robot_client script to /home/ml_nd/ROS2Level3_ws/install/actions_py/lib/actions_py
[2.235s] Installing move_robot_server script to /home/ml_nd/ROS2Level3_ws/install/actions_py/lib/actions_py
[2.235s] writing list of installed files to '/home/ml_nd/ROS2Level3_ws/build/actions_py/install.log'
[2.310s] Invoked command in '/home/ml_nd/ROS2Level3_ws/src/actions_py' returned '0': AMENT_PREFIX_PATH=/home/ml_nd/ROS2Level3_ws/install/my_robot_interfaces:${AMENT_PREFIX_PATH} CMAKE_PREFIX_PATH=/home/ml_nd/ROS2Level3_ws/install/my_robot_interfaces LD_LIBRARY_PATH=/home/ml_nd/ROS2Level3_ws/install/my_robot_interfaces/lib:${LD_LIBRARY_PATH} PYTHONPATH=/home/ml_nd/ROS2Level3_ws/build/actions_py/prefix_override:/home/ml_nd/ROS2Level3_ws/install/actions_py/lib/python3.10/site-packages:/home/ml_nd/ROS2Level3_ws/install/my_robot_interfaces/local/lib/python3.10/dist-packages:${PYTHONPATH} /usr/bin/python3 setup.py egg_info --egg-base ../../build/actions_py build --build-base /home/ml_nd/ROS2Level3_ws/build/actions_py/build install --record /home/ml_nd/ROS2Level3_ws/build/actions_py/install.log --single-version-externally-managed
