[1.285s] DEBUG:colcon:Command line arguments: ['/home/ml_nd/.local/bin/colcon', 'build']
[1.285s] DEBUG:colcon:Parsed command line arguments: Namespace(log_base=None, log_level=None, verb_name='build', build_base='build', install_base='install', merge_install=False, symlink_install=False, test_result_base=None, continue_on_error=False, executor='parallel', parallel_workers=4, event_handlers=None, ignore_user_meta=False, metas=['./colcon.meta'], base_paths=['.'], packages_ignore=None, packages_ignore_regex=None, paths=None, packages_up_to=None, packages_up_to_regex=None, packages_above=None, packages_above_and_dependencies=None, packages_above_depth=None, packages_select_by_dep=None, packages_skip_by_dep=None, packages_skip_up_to=None, packages_select_build_failed=False, packages_skip_build_finished=False, packages_select_test_failures=False, packages_skip_test_passed=False, packages_select=None, packages_skip=None, packages_select_regex=None, packages_skip_regex=None, packages_start=None, packages_end=None, allow_overriding=[], cmake_args=None, cmake_target=None, cmake_target_skip_unavailable=False, cmake_clean_cache=False, cmake_clean_first=False, cmake_force_configure=False, ament_cmake_args=None, catkin_cmake_args=None, catkin_skip_building_tests=False, verb_parser=<colcon_defaults.argument_parser.defaults.DefaultArgumentsDecorator object at 0x7f4c6cc2c850>, verb_extension=<colcon_core.verb.build.BuildVerb object at 0x7f4c6cc2cc10>, main=<bound method BuildVerb.main of <colcon_core.verb.build.BuildVerb object at 0x7f4c6cc2cc10>>)
[1.347s] Level 1:colcon.colcon_core.package_discovery:discover_packages(colcon_meta) check parameters
[1.347s] Level 1:colcon.colcon_core.package_discovery:discover_packages(recursive) check parameters
[1.347s] Level 1:colcon.colcon_core.package_discovery:discover_packages(ignore) check parameters
[1.347s] Level 1:colcon.colcon_core.package_discovery:discover_packages(path) check parameters
[1.347s] Level 1:colcon.colcon_core.package_discovery:discover_packages(colcon_meta) discover
[1.348s] Level 1:colcon.colcon_core.package_discovery:discover_packages(recursive) discover
[1.348s] INFO:colcon.colcon_core.package_discovery:Crawling recursively for packages in '/home/ml_nd/ROS2Level3_ws'
[1.348s] Level 1:colcon.colcon_core.package_identification:_identify(.) by extensions ['ignore', 'ignore_ament_install']
[1.348s] Level 1:colcon.colcon_core.package_identification:_identify(.) by extension 'ignore'
[1.348s] Level 1:colcon.colcon_core.package_identification:_identify(.) by extension 'ignore_ament_install'
[1.348s] Level 1:colcon.colcon_core.package_identification:_identify(.) by extensions ['colcon_pkg']
[1.348s] Level 1:colcon.colcon_core.package_identification:_identify(.) by extension 'colcon_pkg'
[1.348s] Level 1:colcon.colcon_core.package_identification:_identify(.) by extensions ['colcon_meta']
[1.348s] Level 1:colcon.colcon_core.package_identification:_identify(.) by extension 'colcon_meta'
[1.348s] Level 1:colcon.colcon_core.package_identification:_identify(.) by extensions ['ros']
[1.348s] Level 1:colcon.colcon_core.package_identification:_identify(.) by extension 'ros'
[1.363s] Level 1:colcon.colcon_core.package_identification:_identify(.) by extensions ['cmake', 'python']
[1.363s] Level 1:colcon.colcon_core.package_identification:_identify(.) by extension 'cmake'
[1.363s] Level 1:colcon.colcon_core.package_identification:_identify(.) by extension 'python'
[1.363s] Level 1:colcon.colcon_core.package_identification:_identify(.) by extensions ['python_setup_py']
[1.363s] Level 1:colcon.colcon_core.package_identification:_identify(.) by extension 'python_setup_py'
[1.363s] Level 1:colcon.colcon_core.package_identification:_identify(actions_cpp) by extensions ['ignore', 'ignore_ament_install']
[1.363s] Level 1:colcon.colcon_core.package_identification:_identify(actions_cpp) by extension 'ignore'
[1.363s] Level 1:colcon.colcon_core.package_identification:_identify(actions_cpp) by extension 'ignore_ament_install'
[1.363s] Level 1:colcon.colcon_core.package_identification:_identify(actions_cpp) by extensions ['colcon_pkg']
[1.364s] Level 1:colcon.colcon_core.package_identification:_identify(actions_cpp) by extension 'colcon_pkg'
[1.364s] Level 1:colcon.colcon_core.package_identification:_identify(actions_cpp) by extensions ['colcon_meta']
[1.364s] Level 1:colcon.colcon_core.package_identification:_identify(actions_cpp) by extension 'colcon_meta'
[1.364s] Level 1:colcon.colcon_core.package_identification:_identify(actions_cpp) by extensions ['ros']
[1.364s] Level 1:colcon.colcon_core.package_identification:_identify(actions_cpp) by extension 'ros'
[1.367s] DEBUG:colcon.colcon_core.package_identification:Package 'actions_cpp' with type 'ros.ament_cmake' and name 'actions_cpp'
[1.367s] Level 1:colcon.colcon_core.package_identification:_identify(actions_py) by extensions ['ignore', 'ignore_ament_install']
[1.367s] Level 1:colcon.colcon_core.package_identification:_identify(actions_py) by extension 'ignore'
[1.367s] Level 1:colcon.colcon_core.package_identification:_identify(actions_py) by extension 'ignore_ament_install'
[1.367s] Level 1:colcon.colcon_core.package_identification:_identify(actions_py) by extensions ['colcon_pkg']
[1.367s] Level 1:colcon.colcon_core.package_identification:_identify(actions_py) by extension 'colcon_pkg'
[1.367s] Level 1:colcon.colcon_core.package_identification:_identify(actions_py) by extensions ['colcon_meta']
[1.367s] Level 1:colcon.colcon_core.package_identification:_identify(actions_py) by extension 'colcon_meta'
[1.367s] Level 1:colcon.colcon_core.package_identification:_identify(actions_py) by extensions ['ros']
[1.367s] Level 1:colcon.colcon_core.package_identification:_identify(actions_py) by extension 'ros'
[1.368s] DEBUG:colcon.colcon_core.package_identification:Package 'actions_py' with type 'ros.ament_python' and name 'actions_py'
[1.368s] Level 1:colcon.colcon_core.package_identification:_identify(build) by extensions ['ignore', 'ignore_ament_install']
[1.368s] Level 1:colcon.colcon_core.package_identification:_identify(build) by extension 'ignore'
[1.368s] Level 1:colcon.colcon_core.package_identification:_identify(build) ignored
[1.368s] Level 1:colcon.colcon_core.package_identification:_identify(install) by extensions ['ignore', 'ignore_ament_install']
[1.368s] Level 1:colcon.colcon_core.package_identification:_identify(install) by extension 'ignore'
[1.368s] Level 1:colcon.colcon_core.package_identification:_identify(install) ignored
[1.369s] Level 1:colcon.colcon_core.package_identification:_identify(log) by extensions ['ignore', 'ignore_ament_install']
[1.369s] Level 1:colcon.colcon_core.package_identification:_identify(log) by extension 'ignore'
[1.369s] Level 1:colcon.colcon_core.package_identification:_identify(log) ignored
[1.369s] Level 1:colcon.colcon_core.package_identification:_identify(my_robot_interfaces) by extensions ['ignore', 'ignore_ament_install']
[1.369s] Level 1:colcon.colcon_core.package_identification:_identify(my_robot_interfaces) by extension 'ignore'
[1.369s] Level 1:colcon.colcon_core.package_identification:_identify(my_robot_interfaces) by extension 'ignore_ament_install'
[1.369s] Level 1:colcon.colcon_core.package_identification:_identify(my_robot_interfaces) by extensions ['colcon_pkg']
[1.369s] Level 1:colcon.colcon_core.package_identification:_identify(my_robot_interfaces) by extension 'colcon_pkg'
[1.369s] Level 1:colcon.colcon_core.package_identification:_identify(my_robot_interfaces) by extensions ['colcon_meta']
[1.369s] Level 1:colcon.colcon_core.package_identification:_identify(my_robot_interfaces) by extension 'colcon_meta'
[1.369s] Level 1:colcon.colcon_core.package_identification:_identify(my_robot_interfaces) by extensions ['ros']
[1.369s] Level 1:colcon.colcon_core.package_identification:_identify(my_robot_interfaces) by extension 'ros'
[1.370s] DEBUG:colcon.colcon_core.package_identification:Package 'my_robot_interfaces' with type 'ros.ament_cmake' and name 'my_robot_interfaces'
[1.370s] Level 1:colcon.colcon_core.package_identification:_identify(node_oop_template) by extensions ['ignore', 'ignore_ament_install']
[1.370s] Level 1:colcon.colcon_core.package_identification:_identify(node_oop_template) by extension 'ignore'
[1.370s] Level 1:colcon.colcon_core.package_identification:_identify(node_oop_template) by extension 'ignore_ament_install'
[1.370s] Level 1:colcon.colcon_core.package_identification:_identify(node_oop_template) by extensions ['colcon_pkg']
[1.370s] Level 1:colcon.colcon_core.package_identification:_identify(node_oop_template) by extension 'colcon_pkg'
[1.370s] Level 1:colcon.colcon_core.package_identification:_identify(node_oop_template) by extensions ['colcon_meta']
[1.370s] Level 1:colcon.colcon_core.package_identification:_identify(node_oop_template) by extension 'colcon_meta'
[1.370s] Level 1:colcon.colcon_core.package_identification:_identify(node_oop_template) by extensions ['ros']
[1.370s] Level 1:colcon.colcon_core.package_identification:_identify(node_oop_template) by extension 'ros'
[1.370s] Level 1:colcon.colcon_core.package_identification:_identify(node_oop_template) by extensions ['cmake', 'python']
[1.370s] Level 1:colcon.colcon_core.package_identification:_identify(node_oop_template) by extension 'cmake'
[1.370s] Level 1:colcon.colcon_core.package_identification:_identify(node_oop_template) by extension 'python'
[1.370s] Level 1:colcon.colcon_core.package_identification:_identify(node_oop_template) by extensions ['python_setup_py']
[1.370s] Level 1:colcon.colcon_core.package_identification:_identify(node_oop_template) by extension 'python_setup_py'
[1.370s] Level 1:colcon.colcon_core.package_discovery:discover_packages(recursive) using defaults
[1.370s] Level 1:colcon.colcon_core.package_discovery:discover_packages(ignore) discover
[1.370s] Level 1:colcon.colcon_core.package_discovery:discover_packages(ignore) using defaults
[1.370s] Level 1:colcon.colcon_core.package_discovery:discover_packages(path) discover
[1.370s] Level 1:colcon.colcon_core.package_discovery:discover_packages(path) using defaults
[1.498s] Level 1:colcon.colcon_core.package_discovery:discover_packages(prefix_path) check parameters
[1.498s] Level 1:colcon.colcon_core.package_discovery:discover_packages(prefix_path) discover
[1.539s] DEBUG:colcon.colcon_installed_package_information.package_discovery:Found 329 installed packages in /opt/ros/humble
[1.541s] Level 1:colcon.colcon_core.package_discovery:discover_packages(prefix_path) using defaults
[1.729s] Level 5:colcon.colcon_core.verb:set package 'my_robot_interfaces' build argument 'cmake_args' from command line to 'None'
[1.729s] Level 5:colcon.colcon_core.verb:set package 'my_robot_interfaces' build argument 'cmake_target' from command line to 'None'
[1.729s] Level 5:colcon.colcon_core.verb:set package 'my_robot_interfaces' build argument 'cmake_target_skip_unavailable' from command line to 'False'
[1.729s] Level 5:colcon.colcon_core.verb:set package 'my_robot_interfaces' build argument 'cmake_clean_cache' from command line to 'False'
[1.729s] Level 5:colcon.colcon_core.verb:set package 'my_robot_interfaces' build argument 'cmake_clean_first' from command line to 'False'
[1.729s] Level 5:colcon.colcon_core.verb:set package 'my_robot_interfaces' build argument 'cmake_force_configure' from command line to 'False'
[1.729s] Level 5:colcon.colcon_core.verb:set package 'my_robot_interfaces' build argument 'ament_cmake_args' from command line to 'None'
[1.729s] Level 5:colcon.colcon_core.verb:set package 'my_robot_interfaces' build argument 'catkin_cmake_args' from command line to 'None'
[1.729s] Level 5:colcon.colcon_core.verb:set package 'my_robot_interfaces' build argument 'catkin_skip_building_tests' from command line to 'False'
[1.729s] DEBUG:colcon.colcon_core.verb:Building package 'my_robot_interfaces' with the following arguments: {'ament_cmake_args': None, 'build_base': '/home/ml_nd/ROS2Level3_ws/build/my_robot_interfaces', 'catkin_cmake_args': None, 'catkin_skip_building_tests': False, 'cmake_args': None, 'cmake_clean_cache': False, 'cmake_clean_first': False, 'cmake_force_configure': False, 'cmake_target': None, 'cmake_target_skip_unavailable': False, 'install_base': '/home/ml_nd/ROS2Level3_ws/install/my_robot_interfaces', 'merge_install': False, 'path': '/home/ml_nd/ROS2Level3_ws/my_robot_interfaces', 'symlink_install': False, 'test_result_base': None}
[1.751s] Level 5:colcon.colcon_core.verb:set package 'actions_cpp' build argument 'cmake_args' from command line to 'None'
[1.751s] Level 5:colcon.colcon_core.verb:set package 'actions_cpp' build argument 'cmake_target' from command line to 'None'
[1.751s] Level 5:colcon.colcon_core.verb:set package 'actions_cpp' build argument 'cmake_target_skip_unavailable' from command line to 'False'
[1.751s] Level 5:colcon.colcon_core.verb:set package 'actions_cpp' build argument 'cmake_clean_cache' from command line to 'False'
[1.751s] Level 5:colcon.colcon_core.verb:set package 'actions_cpp' build argument 'cmake_clean_first' from command line to 'False'
[1.751s] Level 5:colcon.colcon_core.verb:set package 'actions_cpp' build argument 'cmake_force_configure' from command line to 'False'
[1.751s] Level 5:colcon.colcon_core.verb:set package 'actions_cpp' build argument 'ament_cmake_args' from command line to 'None'
[1.751s] Level 5:colcon.colcon_core.verb:set package 'actions_cpp' build argument 'catkin_cmake_args' from command line to 'None'
[1.752s] Level 5:colcon.colcon_core.verb:set package 'actions_cpp' build argument 'catkin_skip_building_tests' from command line to 'False'
[1.752s] DEBUG:colcon.colcon_core.verb:Building package 'actions_cpp' with the following arguments: {'ament_cmake_args': None, 'build_base': '/home/ml_nd/ROS2Level3_ws/build/actions_cpp', 'catkin_cmake_args': None, 'catkin_skip_building_tests': False, 'cmake_args': None, 'cmake_clean_cache': False, 'cmake_clean_first': False, 'cmake_force_configure': False, 'cmake_target': None, 'cmake_target_skip_unavailable': False, 'install_base': '/home/ml_nd/ROS2Level3_ws/install/actions_cpp', 'merge_install': False, 'path': '/home/ml_nd/ROS2Level3_ws/actions_cpp', 'symlink_install': False, 'test_result_base': None}
[1.773s] Level 5:colcon.colcon_core.verb:set package 'actions_py' build argument 'cmake_args' from command line to 'None'
[1.773s] Level 5:colcon.colcon_core.verb:set package 'actions_py' build argument 'cmake_target' from command line to 'None'
[1.773s] Level 5:colcon.colcon_core.verb:set package 'actions_py' build argument 'cmake_target_skip_unavailable' from command line to 'False'
[1.773s] Level 5:colcon.colcon_core.verb:set package 'actions_py' build argument 'cmake_clean_cache' from command line to 'False'
[1.773s] Level 5:colcon.colcon_core.verb:set package 'actions_py' build argument 'cmake_clean_first' from command line to 'False'
[1.773s] Level 5:colcon.colcon_core.verb:set package 'actions_py' build argument 'cmake_force_configure' from command line to 'False'
[1.773s] Level 5:colcon.colcon_core.verb:set package 'actions_py' build argument 'ament_cmake_args' from command line to 'None'
[1.773s] Level 5:colcon.colcon_core.verb:set package 'actions_py' build argument 'catkin_cmake_args' from command line to 'None'
[1.773s] Level 5:colcon.colcon_core.verb:set package 'actions_py' build argument 'catkin_skip_building_tests' from command line to 'False'
[1.773s] DEBUG:colcon.colcon_core.verb:Building package 'actions_py' with the following arguments: {'ament_cmake_args': None, 'build_base': '/home/ml_nd/ROS2Level3_ws/build/actions_py', 'catkin_cmake_args': None, 'catkin_skip_building_tests': False, 'cmake_args': None, 'cmake_clean_cache': False, 'cmake_clean_first': False, 'cmake_force_configure': False, 'cmake_target': None, 'cmake_target_skip_unavailable': False, 'install_base': '/home/ml_nd/ROS2Level3_ws/install/actions_py', 'merge_install': False, 'path': '/home/ml_nd/ROS2Level3_ws/actions_py', 'symlink_install': False, 'test_result_base': None}
[1.794s] INFO:colcon.colcon_core.executor:Executing jobs using 'parallel' executor
[1.816s] DEBUG:colcon.colcon_parallel_executor.executor.parallel:run_until_complete
[1.817s] INFO:colcon.colcon_ros.task.ament_cmake.build:Building ROS package in '/home/ml_nd/ROS2Level3_ws/my_robot_interfaces' with build type 'ament_cmake'
[1.817s] INFO:colcon.colcon_cmake.task.cmake.build:Building CMake package in '/home/ml_nd/ROS2Level3_ws/my_robot_interfaces'
[1.851s] INFO:colcon.colcon_core.plugin_system:Skipping extension 'colcon_core.shell.bat': Not used on non-Windows systems
[1.851s] INFO:colcon.colcon_core.shell:Skip shell extension 'powershell' for command environment: Not usable outside of PowerShell
[1.851s] DEBUG:colcon.colcon_core.shell:Skip shell extension 'dsv' for command environment
[1.899s] DEBUG:colcon.colcon_core.event_handler.log_command:Invoking command in '/home/ml_nd/ROS2Level3_ws/build/my_robot_interfaces': CMAKE_PREFIX_PATH=/opt/ros/humble /usr/bin/cmake /home/ml_nd/ROS2Level3_ws/my_robot_interfaces -DCMAKE_INSTALL_PREFIX=/home/ml_nd/ROS2Level3_ws/install/my_robot_interfaces
[4.105s] DEBUG:colcon.colcon_core.event_handler.log_command:Invoked command in '/home/ml_nd/ROS2Level3_ws/build/my_robot_interfaces' returned '0': CMAKE_PREFIX_PATH=/opt/ros/humble /usr/bin/cmake /home/ml_nd/ROS2Level3_ws/my_robot_interfaces -DCMAKE_INSTALL_PREFIX=/home/ml_nd/ROS2Level3_ws/install/my_robot_interfaces
[4.107s] DEBUG:colcon.colcon_core.event_handler.log_command:Invoking command in '/home/ml_nd/ROS2Level3_ws/build/my_robot_interfaces': CMAKE_PREFIX_PATH=/opt/ros/humble /usr/bin/cmake --build /home/ml_nd/ROS2Level3_ws/build/my_robot_interfaces -- -j4 -l4
[13.704s] DEBUG:colcon.colcon_core.event_handler.log_command:Invoked command in '/home/ml_nd/ROS2Level3_ws/build/my_robot_interfaces' returned '0': CMAKE_PREFIX_PATH=/opt/ros/humble /usr/bin/cmake --build /home/ml_nd/ROS2Level3_ws/build/my_robot_interfaces -- -j4 -l4
[13.805s] DEBUG:colcon.colcon_core.event_handler.log_command:Invoking command in '/home/ml_nd/ROS2Level3_ws/build/my_robot_interfaces': CMAKE_PREFIX_PATH=/opt/ros/humble /usr/bin/cmake --install /home/ml_nd/ROS2Level3_ws/build/my_robot_interfaces
[13.916s] Level 1:colcon.colcon_core.environment:create_environment_scripts_only(my_robot_interfaces)
[13.916s] DEBUG:colcon.colcon_core.event_handler.log_command:Invoked command in '/home/ml_nd/ROS2Level3_ws/build/my_robot_interfaces' returned '0': CMAKE_PREFIX_PATH=/opt/ros/humble /usr/bin/cmake --install /home/ml_nd/ROS2Level3_ws/build/my_robot_interfaces
[13.943s] Level 1:colcon.colcon_core.environment:checking '/home/ml_nd/ROS2Level3_ws/install/my_robot_interfaces' for CMake module files
[13.944s] Level 1:colcon.colcon_core.environment:checking '/home/ml_nd/ROS2Level3_ws/install/my_robot_interfaces' for CMake config files
[13.945s] Level 1:colcon.colcon_core.shell:create_environment_hook('my_robot_interfaces', 'cmake_prefix_path')
[13.967s] INFO:colcon.colcon_core.shell:Creating environment hook '/home/ml_nd/ROS2Level3_ws/install/my_robot_interfaces/share/my_robot_interfaces/hook/cmake_prefix_path.ps1'
[13.967s] INFO:colcon.colcon_core.shell:Creating environment descriptor '/home/ml_nd/ROS2Level3_ws/install/my_robot_interfaces/share/my_robot_interfaces/hook/cmake_prefix_path.dsv'
[13.968s] INFO:colcon.colcon_core.shell:Creating environment hook '/home/ml_nd/ROS2Level3_ws/install/my_robot_interfaces/share/my_robot_interfaces/hook/cmake_prefix_path.sh'
[13.968s] Level 1:colcon.colcon_core.environment:checking '/home/ml_nd/ROS2Level3_ws/install/my_robot_interfaces/lib'
[13.969s] Level 1:colcon.colcon_core.shell:create_environment_hook('my_robot_interfaces', 'ld_library_path_lib')
[14.004s] INFO:colcon.colcon_core.shell:Creating environment hook '/home/ml_nd/ROS2Level3_ws/install/my_robot_interfaces/share/my_robot_interfaces/hook/ld_library_path_lib.ps1'
[14.004s] INFO:colcon.colcon_core.shell:Creating environment descriptor '/home/ml_nd/ROS2Level3_ws/install/my_robot_interfaces/share/my_robot_interfaces/hook/ld_library_path_lib.dsv'
[14.005s] INFO:colcon.colcon_core.shell:Creating environment hook '/home/ml_nd/ROS2Level3_ws/install/my_robot_interfaces/share/my_robot_interfaces/hook/ld_library_path_lib.sh'
[14.007s] Level 1:colcon.colcon_core.environment:checking '/home/ml_nd/ROS2Level3_ws/install/my_robot_interfaces/bin'
[14.007s] Level 1:colcon.colcon_core.environment:checking '/home/ml_nd/ROS2Level3_ws/install/my_robot_interfaces/lib/pkgconfig/my_robot_interfaces.pc'
[14.008s] Level 1:colcon.colcon_core.environment:checking '/home/ml_nd/ROS2Level3_ws/install/my_robot_interfaces/lib/python3.10/site-packages'
[14.009s] Level 1:colcon.colcon_core.environment:checking '/home/ml_nd/ROS2Level3_ws/install/my_robot_interfaces/bin'
[14.027s] INFO:colcon.colcon_core.shell:Creating package script '/home/ml_nd/ROS2Level3_ws/install/my_robot_interfaces/share/my_robot_interfaces/package.ps1'
[14.028s] INFO:colcon.colcon_core.shell:Creating package descriptor '/home/ml_nd/ROS2Level3_ws/install/my_robot_interfaces/share/my_robot_interfaces/package.dsv'
[14.029s] INFO:colcon.colcon_core.shell:Creating package script '/home/ml_nd/ROS2Level3_ws/install/my_robot_interfaces/share/my_robot_interfaces/package.sh'
[14.030s] INFO:colcon.colcon_core.shell:Creating package script '/home/ml_nd/ROS2Level3_ws/install/my_robot_interfaces/share/my_robot_interfaces/package.bash'
[14.030s] INFO:colcon.colcon_core.shell:Creating package script '/home/ml_nd/ROS2Level3_ws/install/my_robot_interfaces/share/my_robot_interfaces/package.zsh'
[14.031s] Level 1:colcon.colcon_core.environment:create_file_with_runtime_dependencies(/home/ml_nd/ROS2Level3_ws/install/my_robot_interfaces/share/colcon-core/packages/my_robot_interfaces)
[14.156s] Level 1:colcon.colcon_core.environment:create_environment_scripts_only(my_robot_interfaces)
[14.175s] Level 1:colcon.colcon_core.environment:checking '/home/ml_nd/ROS2Level3_ws/install/my_robot_interfaces' for CMake module files
[14.176s] Level 1:colcon.colcon_core.environment:checking '/home/ml_nd/ROS2Level3_ws/install/my_robot_interfaces' for CMake config files
[14.176s] Level 1:colcon.colcon_core.shell:create_environment_hook('my_robot_interfaces', 'cmake_prefix_path')
[14.197s] INFO:colcon.colcon_core.shell:Creating environment hook '/home/ml_nd/ROS2Level3_ws/install/my_robot_interfaces/share/my_robot_interfaces/hook/cmake_prefix_path.ps1'
[14.197s] INFO:colcon.colcon_core.shell:Creating environment descriptor '/home/ml_nd/ROS2Level3_ws/install/my_robot_interfaces/share/my_robot_interfaces/hook/cmake_prefix_path.dsv'
[14.198s] INFO:colcon.colcon_core.shell:Creating environment hook '/home/ml_nd/ROS2Level3_ws/install/my_robot_interfaces/share/my_robot_interfaces/hook/cmake_prefix_path.sh'
[14.198s] Level 1:colcon.colcon_core.environment:checking '/home/ml_nd/ROS2Level3_ws/install/my_robot_interfaces/lib'
[14.198s] Level 1:colcon.colcon_core.shell:create_environment_hook('my_robot_interfaces', 'ld_library_path_lib')
[14.218s] INFO:colcon.colcon_core.shell:Creating environment hook '/home/ml_nd/ROS2Level3_ws/install/my_robot_interfaces/share/my_robot_interfaces/hook/ld_library_path_lib.ps1'
[14.218s] INFO:colcon.colcon_core.shell:Creating environment descriptor '/home/ml_nd/ROS2Level3_ws/install/my_robot_interfaces/share/my_robot_interfaces/hook/ld_library_path_lib.dsv'
[14.218s] INFO:colcon.colcon_core.shell:Creating environment hook '/home/ml_nd/ROS2Level3_ws/install/my_robot_interfaces/share/my_robot_interfaces/hook/ld_library_path_lib.sh'
[14.219s] Level 1:colcon.colcon_core.environment:checking '/home/ml_nd/ROS2Level3_ws/install/my_robot_interfaces/bin'
[14.219s] Level 1:colcon.colcon_core.environment:checking '/home/ml_nd/ROS2Level3_ws/install/my_robot_interfaces/lib/pkgconfig/my_robot_interfaces.pc'
[14.219s] Level 1:colcon.colcon_core.environment:checking '/home/ml_nd/ROS2Level3_ws/install/my_robot_interfaces/lib/python3.10/site-packages'
[14.219s] Level 1:colcon.colcon_core.environment:checking '/home/ml_nd/ROS2Level3_ws/install/my_robot_interfaces/bin'
[14.238s] INFO:colcon.colcon_core.shell:Creating package script '/home/ml_nd/ROS2Level3_ws/install/my_robot_interfaces/share/my_robot_interfaces/package.ps1'
[14.239s] INFO:colcon.colcon_core.shell:Creating package descriptor '/home/ml_nd/ROS2Level3_ws/install/my_robot_interfaces/share/my_robot_interfaces/package.dsv'
[14.239s] INFO:colcon.colcon_core.shell:Creating package script '/home/ml_nd/ROS2Level3_ws/install/my_robot_interfaces/share/my_robot_interfaces/package.sh'
[14.240s] INFO:colcon.colcon_core.shell:Creating package script '/home/ml_nd/ROS2Level3_ws/install/my_robot_interfaces/share/my_robot_interfaces/package.bash'
[14.240s] INFO:colcon.colcon_core.shell:Creating package script '/home/ml_nd/ROS2Level3_ws/install/my_robot_interfaces/share/my_robot_interfaces/package.zsh'
[14.241s] Level 1:colcon.colcon_core.environment:create_file_with_runtime_dependencies(/home/ml_nd/ROS2Level3_ws/install/my_robot_interfaces/share/colcon-core/packages/my_robot_interfaces)
[14.242s] INFO:colcon.colcon_ros.task.ament_cmake.build:Building ROS package in '/home/ml_nd/ROS2Level3_ws/actions_cpp' with build type 'ament_cmake'
[14.243s] INFO:colcon.colcon_cmake.task.cmake.build:Building CMake package in '/home/ml_nd/ROS2Level3_ws/actions_cpp'
[14.263s] INFO:colcon.colcon_core.shell:Skip shell extension 'powershell' for command environment: Not usable outside of PowerShell
[14.263s] DEBUG:colcon.colcon_core.shell:Skip shell extension 'dsv' for command environment
[14.311s] INFO:colcon.colcon_ros.task.ament_python.build:Building ROS package in '/home/ml_nd/ROS2Level3_ws/actions_py' with build type 'ament_python'
[14.311s] Level 1:colcon.colcon_core.shell:create_environment_hook('actions_py', 'ament_prefix_path')
[14.330s] INFO:colcon.colcon_core.shell:Creating environment hook '/home/ml_nd/ROS2Level3_ws/install/actions_py/share/actions_py/hook/ament_prefix_path.ps1'
[14.330s] INFO:colcon.colcon_core.shell:Creating environment descriptor '/home/ml_nd/ROS2Level3_ws/install/actions_py/share/actions_py/hook/ament_prefix_path.dsv'
[14.331s] INFO:colcon.colcon_core.shell:Creating environment hook '/home/ml_nd/ROS2Level3_ws/install/actions_py/share/actions_py/hook/ament_prefix_path.sh'
[14.361s] INFO:colcon.colcon_core.shell:Skip shell extension 'powershell' for command environment: Not usable outside of PowerShell
[14.362s] DEBUG:colcon.colcon_core.shell:Skip shell extension 'dsv' for command environment
[14.431s] DEBUG:colcon.colcon_core.event_handler.log_command:Invoking command in '/home/ml_nd/ROS2Level3_ws/build/actions_cpp': AMENT_PREFIX_PATH=/home/ml_nd/ROS2Level3_ws/install/my_robot_interfaces:${AMENT_PREFIX_PATH} CMAKE_PREFIX_PATH=/home/ml_nd/ROS2Level3_ws/install/my_robot_interfaces:/opt/ros/humble LD_LIBRARY_PATH=/home/ml_nd/ROS2Level3_ws/install/my_robot_interfaces/lib:${LD_LIBRARY_PATH} PYTHONPATH=/home/ml_nd/ROS2Level3_ws/install/my_robot_interfaces/local/lib/python3.10/dist-packages:${PYTHONPATH} /usr/bin/cmake /home/ml_nd/ROS2Level3_ws/actions_cpp -DCMAKE_INSTALL_PREFIX=/home/ml_nd/ROS2Level3_ws/install/actions_cpp
[14.837s] INFO:colcon.colcon_core.task.python.build:Building Python package in '/home/ml_nd/ROS2Level3_ws/actions_py'
[14.867s] INFO:colcon.colcon_core.shell:Skip shell extension 'powershell' for command environment: Not usable outside of PowerShell
[14.868s] DEBUG:colcon.colcon_core.shell:Skip shell extension 'dsv' for command environment
[15.755s] DEBUG:colcon.colcon_core.event_handler.log_command:Invoking command in '/home/ml_nd/ROS2Level3_ws/actions_py': AMENT_PREFIX_PATH=/home/ml_nd/ROS2Level3_ws/install/my_robot_interfaces:${AMENT_PREFIX_PATH} CMAKE_PREFIX_PATH=/home/ml_nd/ROS2Level3_ws/install/my_robot_interfaces LD_LIBRARY_PATH=/home/ml_nd/ROS2Level3_ws/install/my_robot_interfaces/lib:${LD_LIBRARY_PATH} PYTHONPATH=/home/ml_nd/ROS2Level3_ws/build/actions_py/prefix_override:/home/ml_nd/ROS2Level3_ws/install/actions_py/lib/python3.10/site-packages:/home/ml_nd/ROS2Level3_ws/install/my_robot_interfaces/local/lib/python3.10/dist-packages:${PYTHONPATH} /usr/bin/python3 setup.py egg_info --egg-base ../build/actions_py build --build-base /home/ml_nd/ROS2Level3_ws/build/actions_py/build install --record /home/ml_nd/ROS2Level3_ws/build/actions_py/install.log --single-version-externally-managed
[16.285s] DEBUG:colcon.colcon_core.event_handler.log_command:Invoked command in '/home/ml_nd/ROS2Level3_ws/actions_py' returned '0': AMENT_PREFIX_PATH=/home/ml_nd/ROS2Level3_ws/install/my_robot_interfaces:${AMENT_PREFIX_PATH} CMAKE_PREFIX_PATH=/home/ml_nd/ROS2Level3_ws/install/my_robot_interfaces LD_LIBRARY_PATH=/home/ml_nd/ROS2Level3_ws/install/my_robot_interfaces/lib:${LD_LIBRARY_PATH} PYTHONPATH=/home/ml_nd/ROS2Level3_ws/build/actions_py/prefix_override:/home/ml_nd/ROS2Level3_ws/install/actions_py/lib/python3.10/site-packages:/home/ml_nd/ROS2Level3_ws/install/my_robot_interfaces/local/lib/python3.10/dist-packages:${PYTHONPATH} /usr/bin/python3 setup.py egg_info --egg-base ../build/actions_py build --build-base /home/ml_nd/ROS2Level3_ws/build/actions_py/build install --record /home/ml_nd/ROS2Level3_ws/build/actions_py/install.log --single-version-externally-managed
[16.316s] Level 1:colcon.colcon_core.environment:checking '/home/ml_nd/ROS2Level3_ws/install/actions_py' for CMake module files
[16.316s] Level 1:colcon.colcon_core.environment:checking '/home/ml_nd/ROS2Level3_ws/install/actions_py' for CMake config files
[16.317s] Level 1:colcon.colcon_core.environment:checking '/home/ml_nd/ROS2Level3_ws/install/actions_py/lib'
[16.317s] Level 1:colcon.colcon_core.environment:checking '/home/ml_nd/ROS2Level3_ws/install/actions_py/bin'
[16.317s] Level 1:colcon.colcon_core.environment:checking '/home/ml_nd/ROS2Level3_ws/install/actions_py/lib/pkgconfig/actions_py.pc'
[16.318s] Level 1:colcon.colcon_core.environment:checking '/home/ml_nd/ROS2Level3_ws/install/actions_py/lib/python3.10/site-packages'
[16.318s] Level 1:colcon.colcon_core.shell:create_environment_hook('actions_py', 'pythonpath')
[16.351s] INFO:colcon.colcon_core.shell:Creating environment hook '/home/ml_nd/ROS2Level3_ws/install/actions_py/share/actions_py/hook/pythonpath.ps1'
[16.352s] INFO:colcon.colcon_core.shell:Creating environment descriptor '/home/ml_nd/ROS2Level3_ws/install/actions_py/share/actions_py/hook/pythonpath.dsv'
[16.352s] INFO:colcon.colcon_core.shell:Creating environment hook '/home/ml_nd/ROS2Level3_ws/install/actions_py/share/actions_py/hook/pythonpath.sh'
[16.353s] Level 1:colcon.colcon_core.environment:checking '/home/ml_nd/ROS2Level3_ws/install/actions_py/bin'
[16.354s] Level 1:colcon.colcon_core.environment:create_environment_scripts_only(actions_py)
[16.377s] INFO:colcon.colcon_core.shell:Creating package script '/home/ml_nd/ROS2Level3_ws/install/actions_py/share/actions_py/package.ps1'
[16.377s] INFO:colcon.colcon_core.shell:Creating package descriptor '/home/ml_nd/ROS2Level3_ws/install/actions_py/share/actions_py/package.dsv'
[16.378s] INFO:colcon.colcon_core.shell:Creating package script '/home/ml_nd/ROS2Level3_ws/install/actions_py/share/actions_py/package.sh'
[16.378s] INFO:colcon.colcon_core.shell:Creating package script '/home/ml_nd/ROS2Level3_ws/install/actions_py/share/actions_py/package.bash'
[16.378s] INFO:colcon.colcon_core.shell:Creating package script '/home/ml_nd/ROS2Level3_ws/install/actions_py/share/actions_py/package.zsh'
[16.378s] Level 1:colcon.colcon_core.environment:create_file_with_runtime_dependencies(/home/ml_nd/ROS2Level3_ws/install/actions_py/share/colcon-core/packages/actions_py)
[16.829s] DEBUG:colcon.colcon_core.event_handler.log_command:Invoked command in '/home/ml_nd/ROS2Level3_ws/build/actions_cpp' returned '0': AMENT_PREFIX_PATH=/home/ml_nd/ROS2Level3_ws/install/my_robot_interfaces:${AMENT_PREFIX_PATH} CMAKE_PREFIX_PATH=/home/ml_nd/ROS2Level3_ws/install/my_robot_interfaces:/opt/ros/humble LD_LIBRARY_PATH=/home/ml_nd/ROS2Level3_ws/install/my_robot_interfaces/lib:${LD_LIBRARY_PATH} PYTHONPATH=/home/ml_nd/ROS2Level3_ws/install/my_robot_interfaces/local/lib/python3.10/dist-packages:${PYTHONPATH} /usr/bin/cmake /home/ml_nd/ROS2Level3_ws/actions_cpp -DCMAKE_INSTALL_PREFIX=/home/ml_nd/ROS2Level3_ws/install/actions_cpp
[16.831s] DEBUG:colcon.colcon_core.event_handler.log_command:Invoking command in '/home/ml_nd/ROS2Level3_ws/build/actions_cpp': AMENT_PREFIX_PATH=/home/ml_nd/ROS2Level3_ws/install/my_robot_interfaces:${AMENT_PREFIX_PATH} CMAKE_PREFIX_PATH=/home/ml_nd/ROS2Level3_ws/install/my_robot_interfaces:/opt/ros/humble LD_LIBRARY_PATH=/home/ml_nd/ROS2Level3_ws/install/my_robot_interfaces/lib:${LD_LIBRARY_PATH} PYTHONPATH=/home/ml_nd/ROS2Level3_ws/install/my_robot_interfaces/local/lib/python3.10/dist-packages:${PYTHONPATH} /usr/bin/cmake --build /home/ml_nd/ROS2Level3_ws/build/actions_cpp -- -j4 -l4
[38.777s] DEBUG:colcon.colcon_core.event_handler.log_command:Invoked command in '/home/ml_nd/ROS2Level3_ws/build/actions_cpp' returned '0': AMENT_PREFIX_PATH=/home/ml_nd/ROS2Level3_ws/install/my_robot_interfaces:${AMENT_PREFIX_PATH} CMAKE_PREFIX_PATH=/home/ml_nd/ROS2Level3_ws/install/my_robot_interfaces:/opt/ros/humble LD_LIBRARY_PATH=/home/ml_nd/ROS2Level3_ws/install/my_robot_interfaces/lib:${LD_LIBRARY_PATH} PYTHONPATH=/home/ml_nd/ROS2Level3_ws/install/my_robot_interfaces/local/lib/python3.10/dist-packages:${PYTHONPATH} /usr/bin/cmake --build /home/ml_nd/ROS2Level3_ws/build/actions_cpp -- -j4 -l4
[38.829s] DEBUG:colcon.colcon_core.event_handler.log_command:Invoking command in '/home/ml_nd/ROS2Level3_ws/build/actions_cpp': AMENT_PREFIX_PATH=/home/ml_nd/ROS2Level3_ws/install/my_robot_interfaces:${AMENT_PREFIX_PATH} CMAKE_PREFIX_PATH=/home/ml_nd/ROS2Level3_ws/install/my_robot_interfaces:/opt/ros/humble LD_LIBRARY_PATH=/home/ml_nd/ROS2Level3_ws/install/my_robot_interfaces/lib:${LD_LIBRARY_PATH} PYTHONPATH=/home/ml_nd/ROS2Level3_ws/install/my_robot_interfaces/local/lib/python3.10/dist-packages:${PYTHONPATH} /usr/bin/cmake --install /home/ml_nd/ROS2Level3_ws/build/actions_cpp
[38.856s] Level 1:colcon.colcon_core.environment:create_environment_scripts_only(actions_cpp)
[38.857s] DEBUG:colcon.colcon_core.event_handler.log_command:Invoked command in '/home/ml_nd/ROS2Level3_ws/build/actions_cpp' returned '0': AMENT_PREFIX_PATH=/home/ml_nd/ROS2Level3_ws/install/my_robot_interfaces:${AMENT_PREFIX_PATH} CMAKE_PREFIX_PATH=/home/ml_nd/ROS2Level3_ws/install/my_robot_interfaces:/opt/ros/humble LD_LIBRARY_PATH=/home/ml_nd/ROS2Level3_ws/install/my_robot_interfaces/lib:${LD_LIBRARY_PATH} PYTHONPATH=/home/ml_nd/ROS2Level3_ws/install/my_robot_interfaces/local/lib/python3.10/dist-packages:${PYTHONPATH} /usr/bin/cmake --install /home/ml_nd/ROS2Level3_ws/build/actions_cpp
[38.880s] Level 1:colcon.colcon_core.environment:checking '/home/ml_nd/ROS2Level3_ws/install/actions_cpp' for CMake module files
[38.881s] Level 1:colcon.colcon_core.environment:checking '/home/ml_nd/ROS2Level3_ws/install/actions_cpp' for CMake config files
[38.881s] Level 1:colcon.colcon_core.shell:create_environment_hook('actions_cpp', 'cmake_prefix_path')
[38.904s] INFO:colcon.colcon_core.shell:Creating environment hook '/home/ml_nd/ROS2Level3_ws/install/actions_cpp/share/actions_cpp/hook/cmake_prefix_path.ps1'
[38.904s] INFO:colcon.colcon_core.shell:Creating environment descriptor '/home/ml_nd/ROS2Level3_ws/install/actions_cpp/share/actions_cpp/hook/cmake_prefix_path.dsv'
[38.905s] INFO:colcon.colcon_core.shell:Creating environment hook '/home/ml_nd/ROS2Level3_ws/install/actions_cpp/share/actions_cpp/hook/cmake_prefix_path.sh'
[38.906s] Level 1:colcon.colcon_core.environment:checking '/home/ml_nd/ROS2Level3_ws/install/actions_cpp/lib'
[38.906s] Level 1:colcon.colcon_core.environment:checking '/home/ml_nd/ROS2Level3_ws/install/actions_cpp/bin'
[38.906s] Level 1:colcon.colcon_core.environment:checking '/home/ml_nd/ROS2Level3_ws/install/actions_cpp/lib/pkgconfig/actions_cpp.pc'
[38.907s] Level 1:colcon.colcon_core.environment:checking '/home/ml_nd/ROS2Level3_ws/install/actions_cpp/lib/python3.10/site-packages'
[38.907s] Level 1:colcon.colcon_core.environment:checking '/home/ml_nd/ROS2Level3_ws/install/actions_cpp/bin'
[38.928s] INFO:colcon.colcon_core.shell:Creating package script '/home/ml_nd/ROS2Level3_ws/install/actions_cpp/share/actions_cpp/package.ps1'
[38.928s] INFO:colcon.colcon_core.shell:Creating package descriptor '/home/ml_nd/ROS2Level3_ws/install/actions_cpp/share/actions_cpp/package.dsv'
[38.929s] INFO:colcon.colcon_core.shell:Creating package script '/home/ml_nd/ROS2Level3_ws/install/actions_cpp/share/actions_cpp/package.sh'
[38.930s] INFO:colcon.colcon_core.shell:Creating package script '/home/ml_nd/ROS2Level3_ws/install/actions_cpp/share/actions_cpp/package.bash'
[38.930s] INFO:colcon.colcon_core.shell:Creating package script '/home/ml_nd/ROS2Level3_ws/install/actions_cpp/share/actions_cpp/package.zsh'
[38.931s] Level 1:colcon.colcon_core.environment:create_file_with_runtime_dependencies(/home/ml_nd/ROS2Level3_ws/install/actions_cpp/share/colcon-core/packages/actions_cpp)
[39.008s] Level 1:colcon.colcon_core.environment:create_environment_scripts_only(actions_cpp)
[39.027s] Level 1:colcon.colcon_core.environment:checking '/home/ml_nd/ROS2Level3_ws/install/actions_cpp' for CMake module files
[39.027s] Level 1:colcon.colcon_core.environment:checking '/home/ml_nd/ROS2Level3_ws/install/actions_cpp' for CMake config files
[39.028s] Level 1:colcon.colcon_core.shell:create_environment_hook('actions_cpp', 'cmake_prefix_path')
[39.047s] INFO:colcon.colcon_core.shell:Creating environment hook '/home/ml_nd/ROS2Level3_ws/install/actions_cpp/share/actions_cpp/hook/cmake_prefix_path.ps1'
[39.047s] INFO:colcon.colcon_core.shell:Creating environment descriptor '/home/ml_nd/ROS2Level3_ws/install/actions_cpp/share/actions_cpp/hook/cmake_prefix_path.dsv'
[39.048s] INFO:colcon.colcon_core.shell:Creating environment hook '/home/ml_nd/ROS2Level3_ws/install/actions_cpp/share/actions_cpp/hook/cmake_prefix_path.sh'
[39.048s] Level 1:colcon.colcon_core.environment:checking '/home/ml_nd/ROS2Level3_ws/install/actions_cpp/lib'
[39.048s] Level 1:colcon.colcon_core.environment:checking '/home/ml_nd/ROS2Level3_ws/install/actions_cpp/bin'
[39.048s] Level 1:colcon.colcon_core.environment:checking '/home/ml_nd/ROS2Level3_ws/install/actions_cpp/lib/pkgconfig/actions_cpp.pc'
[39.049s] Level 1:colcon.colcon_core.environment:checking '/home/ml_nd/ROS2Level3_ws/install/actions_cpp/lib/python3.10/site-packages'
[39.049s] Level 1:colcon.colcon_core.environment:checking '/home/ml_nd/ROS2Level3_ws/install/actions_cpp/bin'
[39.080s] INFO:colcon.colcon_core.shell:Creating package script '/home/ml_nd/ROS2Level3_ws/install/actions_cpp/share/actions_cpp/package.ps1'
[39.081s] INFO:colcon.colcon_core.shell:Creating package descriptor '/home/ml_nd/ROS2Level3_ws/install/actions_cpp/share/actions_cpp/package.dsv'
[39.082s] INFO:colcon.colcon_core.shell:Creating package script '/home/ml_nd/ROS2Level3_ws/install/actions_cpp/share/actions_cpp/package.sh'
[39.082s] INFO:colcon.colcon_core.shell:Creating package script '/home/ml_nd/ROS2Level3_ws/install/actions_cpp/share/actions_cpp/package.bash'
[39.083s] INFO:colcon.colcon_core.shell:Creating package script '/home/ml_nd/ROS2Level3_ws/install/actions_cpp/share/actions_cpp/package.zsh'
[39.084s] Level 1:colcon.colcon_core.environment:create_file_with_runtime_dependencies(/home/ml_nd/ROS2Level3_ws/install/actions_cpp/share/colcon-core/packages/actions_cpp)
[39.084s] DEBUG:colcon.colcon_parallel_executor.executor.parallel:closing loop
[39.085s] DEBUG:colcon.colcon_parallel_executor.executor.parallel:loop closed
[39.085s] DEBUG:colcon.colcon_parallel_executor.executor.parallel:run_until_complete finished with '0'
[39.085s] DEBUG:colcon.colcon_core.event_reactor:joining thread
[39.124s] INFO:colcon.colcon_core.plugin_system:Skipping extension 'colcon_notification.desktop_notification.terminal_notifier': Not used on non-Darwin systems
[39.125s] INFO:colcon.colcon_core.plugin_system:Skipping extension 'colcon_notification.desktop_notification.win32': Not used on non-Windows systems
[39.125s] INFO:colcon.colcon_notification.desktop_notification:Sending desktop notification using 'notify2'
[39.151s] DEBUG:colcon.colcon_core.event_reactor:joined thread
[39.173s] INFO:colcon.colcon_core.shell:Creating prefix script '/home/ml_nd/ROS2Level3_ws/install/local_setup.ps1'
[39.174s] INFO:colcon.colcon_core.shell:Creating prefix util module '/home/ml_nd/ROS2Level3_ws/install/_local_setup_util_ps1.py'
[39.176s] INFO:colcon.colcon_core.shell:Creating prefix chain script '/home/ml_nd/ROS2Level3_ws/install/setup.ps1'
[39.197s] INFO:colcon.colcon_core.shell:Creating prefix script '/home/ml_nd/ROS2Level3_ws/install/local_setup.sh'
[39.198s] INFO:colcon.colcon_core.shell:Creating prefix util module '/home/ml_nd/ROS2Level3_ws/install/_local_setup_util_sh.py'
[39.199s] INFO:colcon.colcon_core.shell:Creating prefix chain script '/home/ml_nd/ROS2Level3_ws/install/setup.sh'
[39.224s] INFO:colcon.colcon_core.shell:Creating prefix script '/home/ml_nd/ROS2Level3_ws/install/local_setup.bash'
[39.225s] INFO:colcon.colcon_core.shell:Creating prefix chain script '/home/ml_nd/ROS2Level3_ws/install/setup.bash'
[39.257s] INFO:colcon.colcon_core.shell:Creating prefix script '/home/ml_nd/ROS2Level3_ws/install/local_setup.zsh'
[39.258s] INFO:colcon.colcon_core.shell:Creating prefix chain script '/home/ml_nd/ROS2Level3_ws/install/setup.zsh'
