[0.133s] Invoking command in '/home/ml_nd/ROS2Level3_ws/build/my_robot_interfaces': CMAKE_PREFIX_PATH=/opt/ros/humble /usr/bin/cmake --build /home/ml_nd/ROS2Level3_ws/build/my_robot_interfaces -- -j4 -l4
[0.202s] [35m[1mConsolidate compiler generated dependencies of target my_robot_interfaces__rosidl_generator_c[0m
[0.217s] [  2%] Built target my_robot_interfaces__cpp
[0.229s] [ 12%] Built target my_robot_interfaces__rosidl_generator_c
[0.233s] [ 12%] Built target ament_cmake_python_copy_my_robot_interfaces
[0.237s] [35m[1mConsolidate compiler generated dependencies of target my_robot_interfaces__rosidl_typesupport_fastrtps_cpp[0m
[0.247s] [35m[1mConsolidate compiler generated dependencies of target my_robot_interfaces__rosidl_typesupport_introspection_cpp[0m
[0.251s] [35m[1mConsolidate compiler generated dependencies of target my_robot_interfaces__rosidl_typesupport_cpp[0m
[0.257s] [35m[1mConsolidate compiler generated dependencies of target my_robot_interfaces__rosidl_typesupport_fastrtps_c[0m
[0.275s] [ 23%] Built target my_robot_interfaces__rosidl_typesupport_introspection_cpp
[0.278s] [ 33%] Built target my_robot_interfaces__rosidl_typesupport_fastrtps_cpp
[0.281s] [ 43%] Built target my_robot_interfaces__rosidl_typesupport_cpp
[0.289s] [ 53%] Built target my_robot_interfaces__rosidl_typesupport_fastrtps_c
[0.293s] [35m[1mConsolidate compiler generated dependencies of target my_robot_interfaces__rosidl_typesupport_introspection_c[0m
[0.305s] [35m[1mConsolidate compiler generated dependencies of target my_robot_interfaces__rosidl_typesupport_c[0m
[0.312s] [ 64%] Built target my_robot_interfaces__rosidl_typesupport_introspection_c
[0.323s] [ 74%] Built target my_robot_interfaces__rosidl_typesupport_c
[0.354s] [ 74%] Built target my_robot_interfaces
[0.384s] [ 76%] Built target my_robot_interfaces__py
[0.400s] [35m[1mConsolidate compiler generated dependencies of target my_robot_interfaces__rosidl_generator_py[0m
[0.424s] [ 84%] Built target my_robot_interfaces__rosidl_generator_py
[0.443s] [35m[1mConsolidate compiler generated dependencies of target my_robot_interfaces__rosidl_typesupport_introspection_c__pyext[0m
[0.444s] [35m[1mConsolidate compiler generated dependencies of target my_robot_interfaces__rosidl_typesupport_c__pyext[0m
[0.457s] [35m[1mConsolidate compiler generated dependencies of target my_robot_interfaces__rosidl_typesupport_fastrtps_c__pyext[0m
[0.468s] [ 89%] Built target my_robot_interfaces__rosidl_typesupport_introspection_c__pyext
[0.473s] [ 94%] Built target my_robot_interfaces__rosidl_typesupport_c__pyext
[0.484s] [100%] Built target my_robot_interfaces__rosidl_typesupport_fastrtps_c__pyext
[0.634s] running egg_info
[0.635s] writing my_robot_interfaces.egg-info/PKG-INFO
[0.636s] writing dependency_links to my_robot_interfaces.egg-info/dependency_links.txt
[0.636s] writing top-level names to my_robot_interfaces.egg-info/top_level.txt
[0.640s] reading manifest file 'my_robot_interfaces.egg-info/SOURCES.txt'
[0.641s] writing manifest file 'my_robot_interfaces.egg-info/SOURCES.txt'
[0.671s] [100%] Built target ament_cmake_python_build_my_robot_interfaces_egg
[0.684s] Invoked command in '/home/ml_nd/ROS2Level3_ws/build/my_robot_interfaces' returned '0': CMAKE_PREFIX_PATH=/opt/ros/humble /usr/bin/cmake --build /home/ml_nd/ROS2Level3_ws/build/my_robot_interfaces -- -j4 -l4
[0.773s] Invoking command in '/home/ml_nd/ROS2Level3_ws/build/my_robot_interfaces': CMAKE_PREFIX_PATH=/opt/ros/humble /usr/bin/cmake --install /home/ml_nd/ROS2Level3_ws/build/my_robot_interfaces
[0.782s] -- Install configuration: ""
[0.782s] -- Up-to-date: /home/ml_nd/ROS2Level3_ws/install/my_robot_interfaces/share/ament_index/resource_index/rosidl_interfaces/my_robot_interfaces
[0.782s] -- Up-to-date: /home/ml_nd/ROS2Level3_ws/install/my_robot_interfaces/include/my_robot_interfaces/my_robot_interfaces
[0.782s] -- Up-to-date: /home/ml_nd/ROS2Level3_ws/install/my_robot_interfaces/include/my_robot_interfaces/my_robot_interfaces/msg
[0.783s] -- Up-to-date: /home/ml_nd/ROS2Level3_ws/install/my_robot_interfaces/include/my_robot_interfaces/my_robot_interfaces/msg/rosidl_generator_c__visibility_control.h
[0.783s] -- Up-to-date: /home/ml_nd/ROS2Level3_ws/install/my_robot_interfaces/include/my_robot_interfaces/my_robot_interfaces/action
[0.783s] -- Up-to-date: /home/ml_nd/ROS2Level3_ws/install/my_robot_interfaces/include/my_robot_interfaces/my_robot_interfaces/action/count_until.h
[0.783s] -- Up-to-date: /home/ml_nd/ROS2Level3_ws/install/my_robot_interfaces/include/my_robot_interfaces/my_robot_interfaces/action/move_robot.h
[0.783s] -- Up-to-date: /home/ml_nd/ROS2Level3_ws/install/my_robot_interfaces/include/my_robot_interfaces/my_robot_interfaces/action/detail
[0.783s] -- Up-to-date: /home/ml_nd/ROS2Level3_ws/install/my_robot_interfaces/include/my_robot_interfaces/my_robot_interfaces/action/detail/move_robot__type_support.h
[0.784s] -- Up-to-date: /home/ml_nd/ROS2Level3_ws/install/my_robot_interfaces/include/my_robot_interfaces/my_robot_interfaces/action/detail/count_until__type_support.h
[0.784s] -- Up-to-date: /home/ml_nd/ROS2Level3_ws/install/my_robot_interfaces/include/my_robot_interfaces/my_robot_interfaces/action/detail/move_robot__functions.h
[0.784s] -- Up-to-date: /home/ml_nd/ROS2Level3_ws/install/my_robot_interfaces/include/my_robot_interfaces/my_robot_interfaces/action/detail/count_until__functions.h
[0.784s] -- Up-to-date: /home/ml_nd/ROS2Level3_ws/install/my_robot_interfaces/include/my_robot_interfaces/my_robot_interfaces/action/detail/count_until__functions.c
[0.784s] -- Up-to-date: /home/ml_nd/ROS2Level3_ws/install/my_robot_interfaces/include/my_robot_interfaces/my_robot_interfaces/action/detail/count_until__struct.h
[0.784s] -- Up-to-date: /home/ml_nd/ROS2Level3_ws/install/my_robot_interfaces/include/my_robot_interfaces/my_robot_interfaces/action/detail/move_robot__struct.h
[0.785s] -- Up-to-date: /home/ml_nd/ROS2Level3_ws/install/my_robot_interfaces/include/my_robot_interfaces/my_robot_interfaces/action/detail/move_robot__functions.c
[0.785s] -- Up-to-date: /home/ml_nd/ROS2Level3_ws/install/my_robot_interfaces/share/my_robot_interfaces/environment/library_path.sh
[0.785s] -- Up-to-date: /home/ml_nd/ROS2Level3_ws/install/my_robot_interfaces/share/my_robot_interfaces/environment/library_path.dsv
[0.785s] -- Up-to-date: /home/ml_nd/ROS2Level3_ws/install/my_robot_interfaces/lib/libmy_robot_interfaces__rosidl_generator_c.so
[0.785s] -- Up-to-date: /home/ml_nd/ROS2Level3_ws/install/my_robot_interfaces/include/my_robot_interfaces/my_robot_interfaces
[0.785s] -- Up-to-date: /home/ml_nd/ROS2Level3_ws/install/my_robot_interfaces/include/my_robot_interfaces/my_robot_interfaces/msg
[0.785s] -- Up-to-date: /home/ml_nd/ROS2Level3_ws/install/my_robot_interfaces/include/my_robot_interfaces/my_robot_interfaces/msg/rosidl_typesupport_fastrtps_c__visibility_control.h
[0.786s] -- Up-to-date: /home/ml_nd/ROS2Level3_ws/install/my_robot_interfaces/include/my_robot_interfaces/my_robot_interfaces/action
[0.786s] -- Up-to-date: /home/ml_nd/ROS2Level3_ws/install/my_robot_interfaces/include/my_robot_interfaces/my_robot_interfaces/action/detail
[0.786s] -- Up-to-date: /home/ml_nd/ROS2Level3_ws/install/my_robot_interfaces/include/my_robot_interfaces/my_robot_interfaces/action/detail/move_robot__rosidl_typesupport_fastrtps_c.h
[0.786s] -- Up-to-date: /home/ml_nd/ROS2Level3_ws/install/my_robot_interfaces/include/my_robot_interfaces/my_robot_interfaces/action/detail/count_until__rosidl_typesupport_fastrtps_c.h
[0.786s] -- Up-to-date: /home/ml_nd/ROS2Level3_ws/install/my_robot_interfaces/lib/libmy_robot_interfaces__rosidl_typesupport_fastrtps_c.so
[0.787s] -- Up-to-date: /home/ml_nd/ROS2Level3_ws/install/my_robot_interfaces/include/my_robot_interfaces/my_robot_interfaces
[0.787s] -- Up-to-date: /home/ml_nd/ROS2Level3_ws/install/my_robot_interfaces/include/my_robot_interfaces/my_robot_interfaces/msg
[0.787s] -- Up-to-date: /home/ml_nd/ROS2Level3_ws/install/my_robot_interfaces/include/my_robot_interfaces/my_robot_interfaces/msg/rosidl_typesupport_introspection_c__visibility_control.h
[0.787s] -- Up-to-date: /home/ml_nd/ROS2Level3_ws/install/my_robot_interfaces/include/my_robot_interfaces/my_robot_interfaces/action
[0.787s] -- Up-to-date: /home/ml_nd/ROS2Level3_ws/install/my_robot_interfaces/include/my_robot_interfaces/my_robot_interfaces/action/detail
[0.787s] -- Up-to-date: /home/ml_nd/ROS2Level3_ws/install/my_robot_interfaces/include/my_robot_interfaces/my_robot_interfaces/action/detail/count_until__type_support.c
[0.787s] -- Up-to-date: /home/ml_nd/ROS2Level3_ws/install/my_robot_interfaces/include/my_robot_interfaces/my_robot_interfaces/action/detail/move_robot__rosidl_typesupport_introspection_c.h
[0.788s] -- Up-to-date: /home/ml_nd/ROS2Level3_ws/install/my_robot_interfaces/include/my_robot_interfaces/my_robot_interfaces/action/detail/count_until__rosidl_typesupport_introspection_c.h
[0.788s] -- Up-to-date: /home/ml_nd/ROS2Level3_ws/install/my_robot_interfaces/include/my_robot_interfaces/my_robot_interfaces/action/detail/move_robot__type_support.c
[0.788s] -- Up-to-date: /home/ml_nd/ROS2Level3_ws/install/my_robot_interfaces/lib/libmy_robot_interfaces__rosidl_typesupport_introspection_c.so
[0.788s] -- Up-to-date: /home/ml_nd/ROS2Level3_ws/install/my_robot_interfaces/lib/libmy_robot_interfaces__rosidl_typesupport_c.so
[0.788s] -- Up-to-date: /home/ml_nd/ROS2Level3_ws/install/my_robot_interfaces/include/my_robot_interfaces/my_robot_interfaces
[0.788s] -- Up-to-date: /home/ml_nd/ROS2Level3_ws/install/my_robot_interfaces/include/my_robot_interfaces/my_robot_interfaces/action
[0.789s] -- Up-to-date: /home/ml_nd/ROS2Level3_ws/install/my_robot_interfaces/include/my_robot_interfaces/my_robot_interfaces/action/move_robot.hpp
[0.789s] -- Up-to-date: /home/ml_nd/ROS2Level3_ws/install/my_robot_interfaces/include/my_robot_interfaces/my_robot_interfaces/action/count_until.hpp
[0.789s] -- Up-to-date: /home/ml_nd/ROS2Level3_ws/install/my_robot_interfaces/include/my_robot_interfaces/my_robot_interfaces/action/detail
[0.789s] -- Up-to-date: /home/ml_nd/ROS2Level3_ws/install/my_robot_interfaces/include/my_robot_interfaces/my_robot_interfaces/action/detail/count_until__struct.hpp
[0.789s] -- Up-to-date: /home/ml_nd/ROS2Level3_ws/install/my_robot_interfaces/include/my_robot_interfaces/my_robot_interfaces/action/detail/move_robot__builder.hpp
[0.789s] -- Up-to-date: /home/ml_nd/ROS2Level3_ws/install/my_robot_interfaces/include/my_robot_interfaces/my_robot_interfaces/action/detail/count_until__traits.hpp
[0.790s] -- Up-to-date: /home/ml_nd/ROS2Level3_ws/install/my_robot_interfaces/include/my_robot_interfaces/my_robot_interfaces/action/detail/move_robot__traits.hpp
[0.790s] -- Up-to-date: /home/ml_nd/ROS2Level3_ws/install/my_robot_interfaces/include/my_robot_interfaces/my_robot_interfaces/action/detail/count_until__builder.hpp
[0.790s] -- Up-to-date: /home/ml_nd/ROS2Level3_ws/install/my_robot_interfaces/include/my_robot_interfaces/my_robot_interfaces/action/detail/move_robot__struct.hpp
[0.790s] -- Up-to-date: /home/ml_nd/ROS2Level3_ws/install/my_robot_interfaces/include/my_robot_interfaces/my_robot_interfaces
[0.790s] -- Up-to-date: /home/ml_nd/ROS2Level3_ws/install/my_robot_interfaces/include/my_robot_interfaces/my_robot_interfaces/msg
[0.790s] -- Up-to-date: /home/ml_nd/ROS2Level3_ws/install/my_robot_interfaces/include/my_robot_interfaces/my_robot_interfaces/msg/rosidl_typesupport_fastrtps_cpp__visibility_control.h
[0.790s] -- Up-to-date: /home/ml_nd/ROS2Level3_ws/install/my_robot_interfaces/include/my_robot_interfaces/my_robot_interfaces/action
[0.790s] -- Up-to-date: /home/ml_nd/ROS2Level3_ws/install/my_robot_interfaces/include/my_robot_interfaces/my_robot_interfaces/action/detail
[0.791s] -- Up-to-date: /home/ml_nd/ROS2Level3_ws/install/my_robot_interfaces/include/my_robot_interfaces/my_robot_interfaces/action/detail/dds_fastrtps
[0.791s] -- Up-to-date: /home/ml_nd/ROS2Level3_ws/install/my_robot_interfaces/include/my_robot_interfaces/my_robot_interfaces/action/detail/move_robot__rosidl_typesupport_fastrtps_cpp.hpp
[0.791s] -- Up-to-date: /home/ml_nd/ROS2Level3_ws/install/my_robot_interfaces/include/my_robot_interfaces/my_robot_interfaces/action/detail/count_until__rosidl_typesupport_fastrtps_cpp.hpp
[0.791s] -- Up-to-date: /home/ml_nd/ROS2Level3_ws/install/my_robot_interfaces/lib/libmy_robot_interfaces__rosidl_typesupport_fastrtps_cpp.so
[0.791s] -- Up-to-date: /home/ml_nd/ROS2Level3_ws/install/my_robot_interfaces/include/my_robot_interfaces/my_robot_interfaces
[0.791s] -- Up-to-date: /home/ml_nd/ROS2Level3_ws/install/my_robot_interfaces/include/my_robot_interfaces/my_robot_interfaces/action
[0.791s] -- Up-to-date: /home/ml_nd/ROS2Level3_ws/install/my_robot_interfaces/include/my_robot_interfaces/my_robot_interfaces/action/detail
[0.791s] -- Up-to-date: /home/ml_nd/ROS2Level3_ws/install/my_robot_interfaces/include/my_robot_interfaces/my_robot_interfaces/action/detail/move_robot__rosidl_typesupport_introspection_cpp.hpp
[0.791s] -- Up-to-date: /home/ml_nd/ROS2Level3_ws/install/my_robot_interfaces/include/my_robot_interfaces/my_robot_interfaces/action/detail/count_until__type_support.cpp
[0.792s] -- Up-to-date: /home/ml_nd/ROS2Level3_ws/install/my_robot_interfaces/include/my_robot_interfaces/my_robot_interfaces/action/detail/move_robot__type_support.cpp
[0.792s] -- Up-to-date: /home/ml_nd/ROS2Level3_ws/install/my_robot_interfaces/include/my_robot_interfaces/my_robot_interfaces/action/detail/count_until__rosidl_typesupport_introspection_cpp.hpp
[0.792s] -- Up-to-date: /home/ml_nd/ROS2Level3_ws/install/my_robot_interfaces/lib/libmy_robot_interfaces__rosidl_typesupport_introspection_cpp.so
[0.792s] -- Up-to-date: /home/ml_nd/ROS2Level3_ws/install/my_robot_interfaces/lib/libmy_robot_interfaces__rosidl_typesupport_cpp.so
[0.792s] -- Up-to-date: /home/ml_nd/ROS2Level3_ws/install/my_robot_interfaces/share/my_robot_interfaces/environment/pythonpath.sh
[0.792s] -- Up-to-date: /home/ml_nd/ROS2Level3_ws/install/my_robot_interfaces/share/my_robot_interfaces/environment/pythonpath.dsv
[0.792s] -- Up-to-date: /home/ml_nd/ROS2Level3_ws/install/my_robot_interfaces/local/lib/python3.10/dist-packages/my_robot_interfaces-0.0.0-py3.10.egg-info
[0.792s] -- Installing: /home/ml_nd/ROS2Level3_ws/install/my_robot_interfaces/local/lib/python3.10/dist-packages/my_robot_interfaces-0.0.0-py3.10.egg-info/SOURCES.txt
[0.792s] -- Installing: /home/ml_nd/ROS2Level3_ws/install/my_robot_interfaces/local/lib/python3.10/dist-packages/my_robot_interfaces-0.0.0-py3.10.egg-info/dependency_links.txt
[0.793s] -- Installing: /home/ml_nd/ROS2Level3_ws/install/my_robot_interfaces/local/lib/python3.10/dist-packages/my_robot_interfaces-0.0.0-py3.10.egg-info/top_level.txt
[0.793s] -- Installing: /home/ml_nd/ROS2Level3_ws/install/my_robot_interfaces/local/lib/python3.10/dist-packages/my_robot_interfaces-0.0.0-py3.10.egg-info/PKG-INFO
[0.793s] -- Up-to-date: /home/ml_nd/ROS2Level3_ws/install/my_robot_interfaces/local/lib/python3.10/dist-packages/my_robot_interfaces
[0.793s] -- Up-to-date: /home/ml_nd/ROS2Level3_ws/install/my_robot_interfaces/local/lib/python3.10/dist-packages/my_robot_interfaces/my_robot_interfaces_s__rosidl_typesupport_introspection_c.cpython-310-x86_64-linux-gnu.so
[0.793s] -- Up-to-date: /home/ml_nd/ROS2Level3_ws/install/my_robot_interfaces/local/lib/python3.10/dist-packages/my_robot_interfaces/_my_robot_interfaces_s.ep.rosidl_typesupport_fastrtps_c.c
[0.793s] -- Up-to-date: /home/ml_nd/ROS2Level3_ws/install/my_robot_interfaces/local/lib/python3.10/dist-packages/my_robot_interfaces/_my_robot_interfaces_s.ep.rosidl_typesupport_c.c
[0.793s] -- Up-to-date: /home/ml_nd/ROS2Level3_ws/install/my_robot_interfaces/local/lib/python3.10/dist-packages/my_robot_interfaces/_my_robot_interfaces_s.ep.rosidl_typesupport_introspection_c.c
[0.793s] -- Up-to-date: /home/ml_nd/ROS2Level3_ws/install/my_robot_interfaces/local/lib/python3.10/dist-packages/my_robot_interfaces/libmy_robot_interfaces__rosidl_generator_py.so
[0.794s] -- Up-to-date: /home/ml_nd/ROS2Level3_ws/install/my_robot_interfaces/local/lib/python3.10/dist-packages/my_robot_interfaces/__init__.py
[0.794s] -- Up-to-date: /home/ml_nd/ROS2Level3_ws/install/my_robot_interfaces/local/lib/python3.10/dist-packages/my_robot_interfaces/my_robot_interfaces_s__rosidl_typesupport_fastrtps_c.cpython-310-x86_64-linux-gnu.so
[0.794s] -- Up-to-date: /home/ml_nd/ROS2Level3_ws/install/my_robot_interfaces/local/lib/python3.10/dist-packages/my_robot_interfaces/action
[0.794s] -- Up-to-date: /home/ml_nd/ROS2Level3_ws/install/my_robot_interfaces/local/lib/python3.10/dist-packages/my_robot_interfaces/action/_count_until_s.c
[0.794s] -- Up-to-date: /home/ml_nd/ROS2Level3_ws/install/my_robot_interfaces/local/lib/python3.10/dist-packages/my_robot_interfaces/action/_move_robot.py
[0.794s] -- Up-to-date: /home/ml_nd/ROS2Level3_ws/install/my_robot_interfaces/local/lib/python3.10/dist-packages/my_robot_interfaces/action/__init__.py
[0.794s] -- Up-to-date: /home/ml_nd/ROS2Level3_ws/install/my_robot_interfaces/local/lib/python3.10/dist-packages/my_robot_interfaces/action/_move_robot_s.c
[0.794s] -- Up-to-date: /home/ml_nd/ROS2Level3_ws/install/my_robot_interfaces/local/lib/python3.10/dist-packages/my_robot_interfaces/action/_count_until.py
[0.794s] -- Up-to-date: /home/ml_nd/ROS2Level3_ws/install/my_robot_interfaces/local/lib/python3.10/dist-packages/my_robot_interfaces/my_robot_interfaces_s__rosidl_typesupport_c.cpython-310-x86_64-linux-gnu.so
[0.819s] Listing '/home/ml_nd/ROS2Level3_ws/install/my_robot_interfaces/local/lib/python3.10/dist-packages/my_robot_interfaces'...
[0.820s] Listing '/home/ml_nd/ROS2Level3_ws/install/my_robot_interfaces/local/lib/python3.10/dist-packages/my_robot_interfaces/action'...
[0.824s] -- Up-to-date: /home/ml_nd/ROS2Level3_ws/install/my_robot_interfaces/local/lib/python3.10/dist-packages/my_robot_interfaces/my_robot_interfaces_s__rosidl_typesupport_fastrtps_c.cpython-310-x86_64-linux-gnu.so
[0.824s] -- Up-to-date: /home/ml_nd/ROS2Level3_ws/install/my_robot_interfaces/local/lib/python3.10/dist-packages/my_robot_interfaces/my_robot_interfaces_s__rosidl_typesupport_introspection_c.cpython-310-x86_64-linux-gnu.so
[0.825s] -- Up-to-date: /home/ml_nd/ROS2Level3_ws/install/my_robot_interfaces/local/lib/python3.10/dist-packages/my_robot_interfaces/my_robot_interfaces_s__rosidl_typesupport_c.cpython-310-x86_64-linux-gnu.so
[0.825s] -- Up-to-date: /home/ml_nd/ROS2Level3_ws/install/my_robot_interfaces/lib/libmy_robot_interfaces__rosidl_generator_py.so
[0.825s] -- Up-to-date: /home/ml_nd/ROS2Level3_ws/install/my_robot_interfaces/share/my_robot_interfaces/action/CountUntil.idl
[0.826s] -- Up-to-date: /home/ml_nd/ROS2Level3_ws/install/my_robot_interfaces/share/my_robot_interfaces/action/MoveRobot.idl
[0.826s] -- Up-to-date: /home/ml_nd/ROS2Level3_ws/install/my_robot_interfaces/share/my_robot_interfaces/action/CountUntil.action
[0.826s] -- Installing: /home/ml_nd/ROS2Level3_ws/install/my_robot_interfaces/share/my_robot_interfaces/action/MoveRobot.action
[0.827s] -- Up-to-date: /home/ml_nd/ROS2Level3_ws/install/my_robot_interfaces/share/ament_index/resource_index/package_run_dependencies/my_robot_interfaces
[0.827s] -- Up-to-date: /home/ml_nd/ROS2Level3_ws/install/my_robot_interfaces/share/ament_index/resource_index/parent_prefix_path/my_robot_interfaces
[0.827s] -- Up-to-date: /home/ml_nd/ROS2Level3_ws/install/my_robot_interfaces/share/my_robot_interfaces/environment/ament_prefix_path.sh
[0.828s] -- Up-to-date: /home/ml_nd/ROS2Level3_ws/install/my_robot_interfaces/share/my_robot_interfaces/environment/ament_prefix_path.dsv
[0.828s] -- Up-to-date: /home/ml_nd/ROS2Level3_ws/install/my_robot_interfaces/share/my_robot_interfaces/environment/path.sh
[0.829s] -- Up-to-date: /home/ml_nd/ROS2Level3_ws/install/my_robot_interfaces/share/my_robot_interfaces/environment/path.dsv
[0.829s] -- Up-to-date: /home/ml_nd/ROS2Level3_ws/install/my_robot_interfaces/share/my_robot_interfaces/local_setup.bash
[0.829s] -- Up-to-date: /home/ml_nd/ROS2Level3_ws/install/my_robot_interfaces/share/my_robot_interfaces/local_setup.sh
[0.829s] -- Up-to-date: /home/ml_nd/ROS2Level3_ws/install/my_robot_interfaces/share/my_robot_interfaces/local_setup.zsh
[0.830s] -- Up-to-date: /home/ml_nd/ROS2Level3_ws/install/my_robot_interfaces/share/my_robot_interfaces/local_setup.dsv
[0.830s] -- Installing: /home/ml_nd/ROS2Level3_ws/install/my_robot_interfaces/share/my_robot_interfaces/package.dsv
[0.830s] -- Up-to-date: /home/ml_nd/ROS2Level3_ws/install/my_robot_interfaces/share/ament_index/resource_index/packages/my_robot_interfaces
[0.830s] -- Up-to-date: /home/ml_nd/ROS2Level3_ws/install/my_robot_interfaces/share/my_robot_interfaces/cmake/export_my_robot_interfaces__rosidl_generator_cExport.cmake
[0.830s] -- Up-to-date: /home/ml_nd/ROS2Level3_ws/install/my_robot_interfaces/share/my_robot_interfaces/cmake/export_my_robot_interfaces__rosidl_generator_cExport-noconfig.cmake
[0.830s] -- Up-to-date: /home/ml_nd/ROS2Level3_ws/install/my_robot_interfaces/share/my_robot_interfaces/cmake/export_my_robot_interfaces__rosidl_typesupport_fastrtps_cExport.cmake
[0.830s] -- Up-to-date: /home/ml_nd/ROS2Level3_ws/install/my_robot_interfaces/share/my_robot_interfaces/cmake/export_my_robot_interfaces__rosidl_typesupport_fastrtps_cExport-noconfig.cmake
[0.830s] -- Up-to-date: /home/ml_nd/ROS2Level3_ws/install/my_robot_interfaces/share/my_robot_interfaces/cmake/my_robot_interfaces__rosidl_typesupport_introspection_cExport.cmake
[0.831s] -- Up-to-date: /home/ml_nd/ROS2Level3_ws/install/my_robot_interfaces/share/my_robot_interfaces/cmake/my_robot_interfaces__rosidl_typesupport_introspection_cExport-noconfig.cmake
[0.831s] -- Up-to-date: /home/ml_nd/ROS2Level3_ws/install/my_robot_interfaces/share/my_robot_interfaces/cmake/my_robot_interfaces__rosidl_typesupport_cExport.cmake
[0.831s] -- Up-to-date: /home/ml_nd/ROS2Level3_ws/install/my_robot_interfaces/share/my_robot_interfaces/cmake/my_robot_interfaces__rosidl_typesupport_cExport-noconfig.cmake
[0.831s] -- Up-to-date: /home/ml_nd/ROS2Level3_ws/install/my_robot_interfaces/share/my_robot_interfaces/cmake/export_my_robot_interfaces__rosidl_generator_cppExport.cmake
[0.831s] -- Up-to-date: /home/ml_nd/ROS2Level3_ws/install/my_robot_interfaces/share/my_robot_interfaces/cmake/export_my_robot_interfaces__rosidl_typesupport_fastrtps_cppExport.cmake
[0.832s] -- Up-to-date: /home/ml_nd/ROS2Level3_ws/install/my_robot_interfaces/share/my_robot_interfaces/cmake/export_my_robot_interfaces__rosidl_typesupport_fastrtps_cppExport-noconfig.cmake
[0.833s] -- Up-to-date: /home/ml_nd/ROS2Level3_ws/install/my_robot_interfaces/share/my_robot_interfaces/cmake/my_robot_interfaces__rosidl_typesupport_introspection_cppExport.cmake
[0.833s] -- Up-to-date: /home/ml_nd/ROS2Level3_ws/install/my_robot_interfaces/share/my_robot_interfaces/cmake/my_robot_interfaces__rosidl_typesupport_introspection_cppExport-noconfig.cmake
[0.833s] -- Up-to-date: /home/ml_nd/ROS2Level3_ws/install/my_robot_interfaces/share/my_robot_interfaces/cmake/my_robot_interfaces__rosidl_typesupport_cppExport.cmake
[0.833s] -- Up-to-date: /home/ml_nd/ROS2Level3_ws/install/my_robot_interfaces/share/my_robot_interfaces/cmake/my_robot_interfaces__rosidl_typesupport_cppExport-noconfig.cmake
[0.833s] -- Up-to-date: /home/ml_nd/ROS2Level3_ws/install/my_robot_interfaces/share/my_robot_interfaces/cmake/export_my_robot_interfaces__rosidl_generator_pyExport.cmake
[0.833s] -- Up-to-date: /home/ml_nd/ROS2Level3_ws/install/my_robot_interfaces/share/my_robot_interfaces/cmake/export_my_robot_interfaces__rosidl_generator_pyExport-noconfig.cmake
[0.834s] -- Up-to-date: /home/ml_nd/ROS2Level3_ws/install/my_robot_interfaces/share/my_robot_interfaces/cmake/rosidl_cmake-extras.cmake
[0.834s] -- Up-to-date: /home/ml_nd/ROS2Level3_ws/install/my_robot_interfaces/share/my_robot_interfaces/cmake/ament_cmake_export_dependencies-extras.cmake
[0.834s] -- Up-to-date: /home/ml_nd/ROS2Level3_ws/install/my_robot_interfaces/share/my_robot_interfaces/cmake/ament_cmake_export_include_directories-extras.cmake
[0.834s] -- Up-to-date: /home/ml_nd/ROS2Level3_ws/install/my_robot_interfaces/share/my_robot_interfaces/cmake/ament_cmake_export_libraries-extras.cmake
[0.834s] -- Up-to-date: /home/ml_nd/ROS2Level3_ws/install/my_robot_interfaces/share/my_robot_interfaces/cmake/ament_cmake_export_targets-extras.cmake
[0.834s] -- Up-to-date: /home/ml_nd/ROS2Level3_ws/install/my_robot_interfaces/share/my_robot_interfaces/cmake/rosidl_cmake_export_typesupport_targets-extras.cmake
[0.835s] -- Up-to-date: /home/ml_nd/ROS2Level3_ws/install/my_robot_interfaces/share/my_robot_interfaces/cmake/rosidl_cmake_export_typesupport_libraries-extras.cmake
[0.835s] -- Up-to-date: /home/ml_nd/ROS2Level3_ws/install/my_robot_interfaces/share/my_robot_interfaces/cmake/my_robot_interfacesConfig.cmake
[0.835s] -- Up-to-date: /home/ml_nd/ROS2Level3_ws/install/my_robot_interfaces/share/my_robot_interfaces/cmake/my_robot_interfacesConfig-version.cmake
[0.835s] -- Up-to-date: /home/ml_nd/ROS2Level3_ws/install/my_robot_interfaces/share/my_robot_interfaces/package.xml
[0.835s] Invoked command in '/home/ml_nd/ROS2Level3_ws/build/my_robot_interfaces' returned '0': CMAKE_PREFIX_PATH=/opt/ros/humble /usr/bin/cmake --install /home/ml_nd/ROS2Level3_ws/build/my_robot_interfaces
