[2.129s] Invoking command in '/home/ml_nd/ROS2Level3_ws/src/lifecycle_py': PYTHONPATH=/home/ml_nd/ROS2Level3_ws/build/lifecycle_py/prefix_override:/home/ml_nd/ROS2Level3_ws/install/lifecycle_py/lib/python3.10/site-packages:${PYTHONPATH} /usr/bin/python3 setup.py egg_info --egg-base ../../build/lifecycle_py build --build-base /home/ml_nd/ROS2Level3_ws/build/lifecycle_py/build install --record /home/ml_nd/ROS2Level3_ws/build/lifecycle_py/install.log --single-version-externally-managed
[2.665s] running egg_info
[2.666s] writing ../../build/lifecycle_py/lifecycle_py.egg-info/PKG-INFO
[2.666s] writing dependency_links to ../../build/lifecycle_py/lifecycle_py.egg-info/dependency_links.txt
[2.666s] writing entry points to ../../build/lifecycle_py/lifecycle_py.egg-info/entry_points.txt
[2.666s] writing requirements to ../../build/lifecycle_py/lifecycle_py.egg-info/requires.txt
[2.667s] writing top-level names to ../../build/lifecycle_py/lifecycle_py.egg-info/top_level.txt
[2.669s] reading manifest file '../../build/lifecycle_py/lifecycle_py.egg-info/SOURCES.txt'
[2.674s] writing manifest file '../../build/lifecycle_py/lifecycle_py.egg-info/SOURCES.txt'
[2.674s] running build
[2.679s] running build_py
[2.679s] /usr/lib/python3/dist-packages/setuptools/command/install.py:34: SetuptoolsDeprecationWarning: setup.py install is deprecated. Use build and pip and other standards-based tools.
[2.679s]   warnings.warn(
[2.679s] running install
[2.680s] running install_lib
[2.681s] running install_data
[2.682s] running install_egg_info
[2.684s] removing '/home/ml_nd/ROS2Level3_ws/install/lifecycle_py/lib/python3.10/site-packages/lifecycle_py-0.0.0-py3.10.egg-info' (and everything under it)
[2.685s] Copying ../../build/lifecycle_py/lifecycle_py.egg-info to /home/ml_nd/ROS2Level3_ws/install/lifecycle_py/lib/python3.10/site-packages/lifecycle_py-0.0.0-py3.10.egg-info
[2.686s] running install_scripts
[2.726s] Installing lifecycle_node_manager script to /home/ml_nd/ROS2Level3_ws/install/lifecycle_py/lib/lifecycle_py
[2.726s] Installing move_robot_server script to /home/ml_nd/ROS2Level3_ws/install/lifecycle_py/lib/lifecycle_py
[2.726s] Installing move_robot_startup script to /home/ml_nd/ROS2Level3_ws/install/lifecycle_py/lib/lifecycle_py
[2.726s] Installing number_publisher script to /home/ml_nd/ROS2Level3_ws/install/lifecycle_py/lib/lifecycle_py
[2.727s] writing list of installed files to '/home/ml_nd/ROS2Level3_ws/build/lifecycle_py/install.log'
[2.901s] Invoked command in '/home/ml_nd/ROS2Level3_ws/src/lifecycle_py' returned '0': PYTHONPATH=/home/ml_nd/ROS2Level3_ws/build/lifecycle_py/prefix_override:/home/ml_nd/ROS2Level3_ws/install/lifecycle_py/lib/python3.10/site-packages:${PYTHONPATH} /usr/bin/python3 setup.py egg_info --egg-base ../../build/lifecycle_py build --build-base /home/ml_nd/ROS2Level3_ws/build/lifecycle_py/build install --record /home/ml_nd/ROS2Level3_ws/build/lifecycle_py/install.log --single-version-externally-managed
