running egg_info
writing ../../build/lifecycle_py/lifecycle_py.egg-info/PKG-INFO
writing dependency_links to ../../build/lifecycle_py/lifecycle_py.egg-info/dependency_links.txt
writing entry points to ../../build/lifecycle_py/lifecycle_py.egg-info/entry_points.txt
writing requirements to ../../build/lifecycle_py/lifecycle_py.egg-info/requires.txt
writing top-level names to ../../build/lifecycle_py/lifecycle_py.egg-info/top_level.txt
reading manifest file '../../build/lifecycle_py/lifecycle_py.egg-info/SOURCES.txt'
writing manifest file '../../build/lifecycle_py/lifecycle_py.egg-info/SOURCES.txt'
running build
running build_py
copying lifecycle_py/move_robot_startup.py -> /home/ml_nd/ROS2Level3_ws/build/lifecycle_py/build/lib/lifecycle_py
copying lifecycle_py/lifecycle_node_manager.py -> /home/ml_nd/ROS2Level3_ws/build/lifecycle_py/build/lib/lifecycle_py
copying lifecycle_py/move_robot_server.py -> /home/ml_nd/ROS2Level3_ws/build/lifecycle_py/build/lib/lifecycle_py
copying lifecycle_py/number_publisher.py -> /home/ml_nd/ROS2Level3_ws/build/lifecycle_py/build/lib/lifecycle_py
running install
/usr/lib/python3/dist-packages/setuptools/command/install.py:34: SetuptoolsDeprecationWarning: setup.py install is deprecated. Use build and pip and other standards-based tools.
  warnings.warn(
running install_lib
copying /home/ml_nd/ROS2Level3_ws/build/lifecycle_py/build/lib/lifecycle_py/move_robot_startup.py -> /home/ml_nd/ROS2Level3_ws/install/lifecycle_py/lib/python3.10/site-packages/lifecycle_py
copying /home/ml_nd/ROS2Level3_ws/build/lifecycle_py/build/lib/lifecycle_py/lifecycle_node_manager.py -> /home/ml_nd/ROS2Level3_ws/install/lifecycle_py/lib/python3.10/site-packages/lifecycle_py
copying /home/ml_nd/ROS2Level3_ws/build/lifecycle_py/build/lib/lifecycle_py/move_robot_server.py -> /home/ml_nd/ROS2Level3_ws/install/lifecycle_py/lib/python3.10/site-packages/lifecycle_py
copying /home/ml_nd/ROS2Level3_ws/build/lifecycle_py/build/lib/lifecycle_py/number_publisher.py -> /home/ml_nd/ROS2Level3_ws/install/lifecycle_py/lib/python3.10/site-packages/lifecycle_py
byte-compiling /home/ml_nd/ROS2Level3_ws/install/lifecycle_py/lib/python3.10/site-packages/lifecycle_py/move_robot_startup.py to move_robot_startup.cpython-310.pyc
byte-compiling /home/ml_nd/ROS2Level3_ws/install/lifecycle_py/lib/python3.10/site-packages/lifecycle_py/lifecycle_node_manager.py to lifecycle_node_manager.cpython-310.pyc
byte-compiling /home/ml_nd/ROS2Level3_ws/install/lifecycle_py/lib/python3.10/site-packages/lifecycle_py/move_robot_server.py to move_robot_server.cpython-310.pyc
running install_data
running install_egg_info
removing '/home/ml_nd/ROS2Level3_ws/install/lifecycle_py/lib/python3.10/site-packages/lifecycle_py-0.0.0-py3.10.egg-info' (and everything under it)
Copying ../../build/lifecycle_py/lifecycle_py.egg-info to /home/ml_nd/ROS2Level3_ws/install/lifecycle_py/lib/python3.10/site-packages/lifecycle_py-0.0.0-py3.10.egg-info
running install_scripts
Installing lifecycle_node_manager script to /home/ml_nd/ROS2Level3_ws/install/lifecycle_py/lib/lifecycle_py
Installing move_robot_server script to /home/ml_nd/ROS2Level3_ws/install/lifecycle_py/lib/lifecycle_py
Installing move_robot_startup script to /home/ml_nd/ROS2Level3_ws/install/lifecycle_py/lib/lifecycle_py
Installing number_publisher script to /home/ml_nd/ROS2Level3_ws/install/lifecycle_py/lib/lifecycle_py
writing list of installed files to '/home/ml_nd/ROS2Level3_ws/build/lifecycle_py/install.log'
