[1.291s] Invoking command in '/home/ml_nd/ROS2Level3_ws/src/lifecycle_py': PYTHONPATH=/home/ml_nd/ROS2Level3_ws/build/lifecycle_py/prefix_override:/home/ml_nd/ROS2Level3_ws/install/lifecycle_py/lib/python3.10/site-packages:${PYTHONPATH} /usr/bin/python3 setup.py egg_info --egg-base ../../build/lifecycle_py build --build-base /home/ml_nd/ROS2Level3_ws/build/lifecycle_py/build install --record /home/ml_nd/ROS2Level3_ws/build/lifecycle_py/install.log --single-version-externally-managed
[1.648s] running egg_info
[1.649s] writing ../../build/lifecycle_py/lifecycle_py.egg-info/PKG-INFO
[1.649s] writing dependency_links to ../../build/lifecycle_py/lifecycle_py.egg-info/dependency_links.txt
[1.650s] writing entry points to ../../build/lifecycle_py/lifecycle_py.egg-info/entry_points.txt
[1.650s] writing requirements to ../../build/lifecycle_py/lifecycle_py.egg-info/requires.txt
[1.650s] writing top-level names to ../../build/lifecycle_py/lifecycle_py.egg-info/top_level.txt
[1.653s] reading manifest file '../../build/lifecycle_py/lifecycle_py.egg-info/SOURCES.txt'
[1.654s] writing manifest file '../../build/lifecycle_py/lifecycle_py.egg-info/SOURCES.txt'
[1.654s] running build
[1.655s] running build_py
[1.655s] copying lifecycle_py/move_robot_startup.py -> /home/ml_nd/ROS2Level3_ws/build/lifecycle_py/build/lib/lifecycle_py
[1.656s] copying lifecycle_py/lifecycle_node_manager.py -> /home/ml_nd/ROS2Level3_ws/build/lifecycle_py/build/lib/lifecycle_py
[1.656s] copying lifecycle_py/move_robot_server.py -> /home/ml_nd/ROS2Level3_ws/build/lifecycle_py/build/lib/lifecycle_py
[1.656s] copying lifecycle_py/number_publisher.py -> /home/ml_nd/ROS2Level3_ws/build/lifecycle_py/build/lib/lifecycle_py
[1.657s] running install
[1.657s] /usr/lib/python3/dist-packages/setuptools/command/install.py:34: SetuptoolsDeprecationWarning: setup.py install is deprecated. Use build and pip and other standards-based tools.
[1.657s]   warnings.warn(
[1.657s] running install_lib
[1.658s] copying /home/ml_nd/ROS2Level3_ws/build/lifecycle_py/build/lib/lifecycle_py/move_robot_startup.py -> /home/ml_nd/ROS2Level3_ws/install/lifecycle_py/lib/python3.10/site-packages/lifecycle_py
[1.659s] copying /home/ml_nd/ROS2Level3_ws/build/lifecycle_py/build/lib/lifecycle_py/lifecycle_node_manager.py -> /home/ml_nd/ROS2Level3_ws/install/lifecycle_py/lib/python3.10/site-packages/lifecycle_py
[1.659s] copying /home/ml_nd/ROS2Level3_ws/build/lifecycle_py/build/lib/lifecycle_py/move_robot_server.py -> /home/ml_nd/ROS2Level3_ws/install/lifecycle_py/lib/python3.10/site-packages/lifecycle_py
[1.659s] copying /home/ml_nd/ROS2Level3_ws/build/lifecycle_py/build/lib/lifecycle_py/number_publisher.py -> /home/ml_nd/ROS2Level3_ws/install/lifecycle_py/lib/python3.10/site-packages/lifecycle_py
[1.660s] byte-compiling /home/ml_nd/ROS2Level3_ws/install/lifecycle_py/lib/python3.10/site-packages/lifecycle_py/move_robot_startup.py to move_robot_startup.cpython-310.pyc
[1.660s] byte-compiling /home/ml_nd/ROS2Level3_ws/install/lifecycle_py/lib/python3.10/site-packages/lifecycle_py/lifecycle_node_manager.py to lifecycle_node_manager.cpython-310.pyc
[1.661s] byte-compiling /home/ml_nd/ROS2Level3_ws/install/lifecycle_py/lib/python3.10/site-packages/lifecycle_py/move_robot_server.py to move_robot_server.cpython-310.pyc
[1.662s] running install_data
[1.663s] running install_egg_info
[1.664s] removing '/home/ml_nd/ROS2Level3_ws/install/lifecycle_py/lib/python3.10/site-packages/lifecycle_py-0.0.0-py3.10.egg-info' (and everything under it)
[1.665s] Copying ../../build/lifecycle_py/lifecycle_py.egg-info to /home/ml_nd/ROS2Level3_ws/install/lifecycle_py/lib/python3.10/site-packages/lifecycle_py-0.0.0-py3.10.egg-info
[1.666s] running install_scripts
[1.687s] Installing lifecycle_node_manager script to /home/ml_nd/ROS2Level3_ws/install/lifecycle_py/lib/lifecycle_py
[1.688s] Installing move_robot_server script to /home/ml_nd/ROS2Level3_ws/install/lifecycle_py/lib/lifecycle_py
[1.688s] Installing move_robot_startup script to /home/ml_nd/ROS2Level3_ws/install/lifecycle_py/lib/lifecycle_py
[1.688s] Installing number_publisher script to /home/ml_nd/ROS2Level3_ws/install/lifecycle_py/lib/lifecycle_py
[1.689s] writing list of installed files to '/home/ml_nd/ROS2Level3_ws/build/lifecycle_py/install.log'
[1.744s] Invoked command in '/home/ml_nd/ROS2Level3_ws/src/lifecycle_py' returned '0': PYTHONPATH=/home/ml_nd/ROS2Level3_ws/build/lifecycle_py/prefix_override:/home/ml_nd/ROS2Level3_ws/install/lifecycle_py/lib/python3.10/site-packages:${PYTHONPATH} /usr/bin/python3 setup.py egg_info --egg-base ../../build/lifecycle_py build --build-base /home/ml_nd/ROS2Level3_ws/build/lifecycle_py/build install --record /home/ml_nd/ROS2Level3_ws/build/lifecycle_py/install.log --single-version-externally-managed
