[0.175s] Invoking command in '/home/ml_nd/ROS2Level3_ws/build/actions_cpp': AMENT_PREFIX_PATH=/home/ml_nd/ROS2Level3_ws/install/my_robot_interfaces:${AMENT_PREFIX_PATH} CMAKE_PREFIX_PATH=/home/ml_nd/ROS2Level3_ws/install/my_robot_interfaces:/opt/ros/humble LD_LIBRARY_PATH=/home/ml_nd/ROS2Level3_ws/install/my_robot_interfaces/lib:${LD_LIBRARY_PATH} PYTHONPATH=/home/ml_nd/ROS2Level3_ws/install/my_robot_interfaces/local/lib/python3.10/dist-packages:${PYTHONPATH} /usr/bin/cmake --build /home/ml_nd/ROS2Level3_ws/build/actions_cpp -- -j4 -l4
[0.236s] [35m[1mConsolidate compiler generated dependencies of target count_until_server[0m
[0.267s] [35m[1mConsolidate compiler generated dependencies of target count_until_client[0m
[0.273s] [35m[1mConsolidate compiler generated dependencies of target count_until_server_queue_goals[0m
[0.289s] [35m[1mConsolidate compiler generated dependencies of target move_robot_server[0m
[0.299s] [ 20%] Built target count_until_server
[0.333s] [35m[1mConsolidate compiler generated dependencies of target move_robot_client[0m
[0.344s] [ 40%] Built target count_until_client
[0.351s] [ 60%] Built target count_until_server_queue_goals
[0.357s] [ 80%] Built target move_robot_server
[0.365s] [100%] Built target move_robot_client
[0.616s] Invoked command in '/home/ml_nd/ROS2Level3_ws/build/actions_cpp' returned '0': AMENT_PREFIX_PATH=/home/ml_nd/ROS2Level3_ws/install/my_robot_interfaces:${AMENT_PREFIX_PATH} CMAKE_PREFIX_PATH=/home/ml_nd/ROS2Level3_ws/install/my_robot_interfaces:/opt/ros/humble LD_LIBRARY_PATH=/home/ml_nd/ROS2Level3_ws/install/my_robot_interfaces/lib:${LD_LIBRARY_PATH} PYTHONPATH=/home/ml_nd/ROS2Level3_ws/install/my_robot_interfaces/local/lib/python3.10/dist-packages:${PYTHONPATH} /usr/bin/cmake --build /home/ml_nd/ROS2Level3_ws/build/actions_cpp -- -j4 -l4
[0.697s] Invoking command in '/home/ml_nd/ROS2Level3_ws/build/actions_cpp': AMENT_PREFIX_PATH=/home/ml_nd/ROS2Level3_ws/install/my_robot_interfaces:${AMENT_PREFIX_PATH} CMAKE_PREFIX_PATH=/home/ml_nd/ROS2Level3_ws/install/my_robot_interfaces:/opt/ros/humble LD_LIBRARY_PATH=/home/ml_nd/ROS2Level3_ws/install/my_robot_interfaces/lib:${LD_LIBRARY_PATH} PYTHONPATH=/home/ml_nd/ROS2Level3_ws/install/my_robot_interfaces/local/lib/python3.10/dist-packages:${PYTHONPATH} /usr/bin/cmake --install /home/ml_nd/ROS2Level3_ws/build/actions_cpp
[0.718s] -- Install configuration: ""
[0.719s] -- Up-to-date: /home/ml_nd/ROS2Level3_ws/install/actions_cpp/lib/actions_cpp/count_until_server
[0.725s] -- Up-to-date: /home/ml_nd/ROS2Level3_ws/install/actions_cpp/lib/actions_cpp/count_until_server_queue_goals
[0.725s] -- Up-to-date: /home/ml_nd/ROS2Level3_ws/install/actions_cpp/lib/actions_cpp/count_until_client
[0.726s] -- Up-to-date: /home/ml_nd/ROS2Level3_ws/install/actions_cpp/lib/actions_cpp/move_robot_server
[0.726s] -- Up-to-date: /home/ml_nd/ROS2Level3_ws/install/actions_cpp/lib/actions_cpp/move_robot_client
[0.726s] -- Up-to-date: /home/ml_nd/ROS2Level3_ws/install/actions_cpp/share/ament_index/resource_index/package_run_dependencies/actions_cpp
[0.727s] -- Up-to-date: /home/ml_nd/ROS2Level3_ws/install/actions_cpp/share/ament_index/resource_index/parent_prefix_path/actions_cpp
[0.727s] -- Up-to-date: /home/ml_nd/ROS2Level3_ws/install/actions_cpp/share/actions_cpp/environment/ament_prefix_path.sh
[0.728s] -- Up-to-date: /home/ml_nd/ROS2Level3_ws/install/actions_cpp/share/actions_cpp/environment/ament_prefix_path.dsv
[0.728s] -- Up-to-date: /home/ml_nd/ROS2Level3_ws/install/actions_cpp/share/actions_cpp/environment/path.sh
[0.728s] -- Up-to-date: /home/ml_nd/ROS2Level3_ws/install/actions_cpp/share/actions_cpp/environment/path.dsv
[0.728s] -- Up-to-date: /home/ml_nd/ROS2Level3_ws/install/actions_cpp/share/actions_cpp/local_setup.bash
[0.728s] -- Up-to-date: /home/ml_nd/ROS2Level3_ws/install/actions_cpp/share/actions_cpp/local_setup.sh
[0.730s] -- Up-to-date: /home/ml_nd/ROS2Level3_ws/install/actions_cpp/share/actions_cpp/local_setup.zsh
[0.730s] -- Up-to-date: /home/ml_nd/ROS2Level3_ws/install/actions_cpp/share/actions_cpp/local_setup.dsv
[0.730s] -- Installing: /home/ml_nd/ROS2Level3_ws/install/actions_cpp/share/actions_cpp/package.dsv
[0.730s] -- Up-to-date: /home/ml_nd/ROS2Level3_ws/install/actions_cpp/share/ament_index/resource_index/packages/actions_cpp
[0.730s] -- Up-to-date: /home/ml_nd/ROS2Level3_ws/install/actions_cpp/share/actions_cpp/cmake/actions_cppConfig.cmake
[0.731s] -- Up-to-date: /home/ml_nd/ROS2Level3_ws/install/actions_cpp/share/actions_cpp/cmake/actions_cppConfig-version.cmake
[0.731s] -- Up-to-date: /home/ml_nd/ROS2Level3_ws/install/actions_cpp/share/actions_cpp/package.xml
[0.858s] Invoked command in '/home/ml_nd/ROS2Level3_ws/build/actions_cpp' returned '0': AMENT_PREFIX_PATH=/home/ml_nd/ROS2Level3_ws/install/my_robot_interfaces:${AMENT_PREFIX_PATH} CMAKE_PREFIX_PATH=/home/ml_nd/ROS2Level3_ws/install/my_robot_interfaces:/opt/ros/humble LD_LIBRARY_PATH=/home/ml_nd/ROS2Level3_ws/install/my_robot_interfaces/lib:${LD_LIBRARY_PATH} PYTHONPATH=/home/ml_nd/ROS2Level3_ws/install/my_robot_interfaces/local/lib/python3.10/dist-packages:${PYTHONPATH} /usr/bin/cmake --install /home/ml_nd/ROS2Level3_ws/build/actions_cpp
