[0.694s] Invoking command in '/home/ml_nd/ROS2Level3_ws/build/executors_cpp': CMAKE_PREFIX_PATH=/opt/ros/humble /usr/bin/cmake /home/ml_nd/ROS2Level3_ws/src/executors_cpp -DCMAKE_INSTALL_PREFIX=/home/ml_nd/ROS2Level3_ws/install/executors_cpp
[0.773s] -- The C compiler identification is GNU 11.4.0
[0.838s] -- The CXX compiler identification is GNU 11.4.0
[0.845s] -- Detecting C compiler ABI info
[0.933s] -- Detecting C compiler ABI info - done
[0.948s] -- Check for working C compiler: /usr/bin/cc - skipped
[0.949s] -- Detecting C compile features
[0.949s] -- Detecting C compile features - done
[0.957s] -- Detecting CXX compiler ABI info
[1.053s] -- Detecting CXX compiler ABI info - done
[1.067s] -- Check for working CXX compiler: /usr/bin/c++ - skipped
[1.067s] -- Detecting CXX compile features
[1.068s] -- Detecting CXX compile features - done
[1.071s] -- Found ament_cmake: 1.3.7 (/opt/ros/humble/share/ament_cmake/cmake)
[1.395s] -- Found Python3: /usr/bin/python3.10 (found version "3.10.12") found components: Interpreter 
[1.586s] -- Found rclcpp: 16.0.8 (/opt/ros/humble/share/rclcpp/cmake)
[1.695s] -- Found rosidl_generator_c: 3.1.5 (/opt/ros/humble/share/rosidl_generator_c/cmake)
[1.710s] -- Found rosidl_adapter: 3.1.5 (/opt/ros/humble/share/rosidl_adapter/cmake)
[1.734s] -- Found rosidl_generator_cpp: 3.1.5 (/opt/ros/humble/share/rosidl_generator_cpp/cmake)
[1.778s] -- Using all available rosidl_typesupport_c: rosidl_typesupport_fastrtps_c;rosidl_typesupport_introspection_c
[1.828s] -- Using all available rosidl_typesupport_cpp: rosidl_typesupport_fastrtps_cpp;rosidl_typesupport_introspection_cpp
[2.057s] -- Found rmw_implementation_cmake: 6.1.1 (/opt/ros/humble/share/rmw_implementation_cmake/cmake)
[2.062s] -- Found rmw_fastrtps_cpp: 6.2.6 (/opt/ros/humble/share/rmw_fastrtps_cpp/cmake)
[2.482s] -- Found OpenSSL: /usr/lib/x86_64-linux-gnu/libcrypto.so (found version "3.0.2")  
[2.534s] -- Found FastRTPS: /opt/ros/humble/include  
[2.615s] -- Using RMW implementation 'rmw_fastrtps_cpp' as default
[2.652s] -- Looking for pthread.h
[2.763s] -- Looking for pthread.h - found
[2.763s] -- Performing Test CMAKE_HAVE_LIBC_PTHREAD
[2.879s] -- Performing Test CMAKE_HAVE_LIBC_PTHREAD - Success
[2.881s] -- Found Threads: TRUE  
[3.294s] -- Configuring done
[3.310s] -- Generating done
[3.312s] -- Build files have been written to: /home/ml_nd/ROS2Level3_ws/build/executors_cpp
[3.630s] Invoked command in '/home/ml_nd/ROS2Level3_ws/build/executors_cpp' returned '0': CMAKE_PREFIX_PATH=/opt/ros/humble /usr/bin/cmake /home/ml_nd/ROS2Level3_ws/src/executors_cpp -DCMAKE_INSTALL_PREFIX=/home/ml_nd/ROS2Level3_ws/install/executors_cpp
[3.632s] Invoking command in '/home/ml_nd/ROS2Level3_ws/build/executors_cpp': CMAKE_PREFIX_PATH=/opt/ros/humble /usr/bin/cmake --build /home/ml_nd/ROS2Level3_ws/build/executors_cpp -- -j4 -l4
[3.729s] [ 25%] [32mBuilding CXX object CMakeFiles/multi_threaded_executor.dir/src/multi_threaded_executor.cpp.o[0m
[3.731s] [ 50%] [32mBuilding CXX object CMakeFiles/single_threaded_executor.dir/src/single_threaded_executor.cpp.o[0m
[8.207s] [ 75%] [32m[1mLinking CXX executable multi_threaded_executor[0m
[8.210s] [100%] [32m[1mLinking CXX executable single_threaded_executor[0m
[8.407s] [100%] Built target single_threaded_executor
[8.412s] [100%] Built target multi_threaded_executor
[8.426s] Invoked command in '/home/ml_nd/ROS2Level3_ws/build/executors_cpp' returned '0': CMAKE_PREFIX_PATH=/opt/ros/humble /usr/bin/cmake --build /home/ml_nd/ROS2Level3_ws/build/executors_cpp -- -j4 -l4
[8.459s] Invoking command in '/home/ml_nd/ROS2Level3_ws/build/executors_cpp': CMAKE_PREFIX_PATH=/opt/ros/humble /usr/bin/cmake --install /home/ml_nd/ROS2Level3_ws/build/executors_cpp
[8.467s] -- Install configuration: ""
[8.467s] -- Installing: /home/ml_nd/ROS2Level3_ws/install/executors_cpp/lib/executors_cpp/single_threaded_executor
[8.468s] -- Set runtime path of "/home/ml_nd/ROS2Level3_ws/install/executors_cpp/lib/executors_cpp/single_threaded_executor" to ""
[8.468s] -- Installing: /home/ml_nd/ROS2Level3_ws/install/executors_cpp/lib/executors_cpp/multi_threaded_executor
[8.469s] -- Set runtime path of "/home/ml_nd/ROS2Level3_ws/install/executors_cpp/lib/executors_cpp/multi_threaded_executor" to ""
[8.469s] -- Installing: /home/ml_nd/ROS2Level3_ws/install/executors_cpp/share/ament_index/resource_index/package_run_dependencies/executors_cpp
[8.469s] -- Installing: /home/ml_nd/ROS2Level3_ws/install/executors_cpp/share/ament_index/resource_index/parent_prefix_path/executors_cpp
[8.469s] -- Installing: /home/ml_nd/ROS2Level3_ws/install/executors_cpp/share/executors_cpp/environment/ament_prefix_path.sh
[8.470s] -- Installing: /home/ml_nd/ROS2Level3_ws/install/executors_cpp/share/executors_cpp/environment/ament_prefix_path.dsv
[8.470s] -- Installing: /home/ml_nd/ROS2Level3_ws/install/executors_cpp/share/executors_cpp/environment/path.sh
[8.470s] -- Installing: /home/ml_nd/ROS2Level3_ws/install/executors_cpp/share/executors_cpp/environment/path.dsv
[8.470s] -- Installing: /home/ml_nd/ROS2Level3_ws/install/executors_cpp/share/executors_cpp/local_setup.bash
[8.470s] -- Installing: /home/ml_nd/ROS2Level3_ws/install/executors_cpp/share/executors_cpp/local_setup.sh
[8.471s] -- Installing: /home/ml_nd/ROS2Level3_ws/install/executors_cpp/share/executors_cpp/local_setup.zsh
[8.471s] -- Installing: /home/ml_nd/ROS2Level3_ws/install/executors_cpp/share/executors_cpp/local_setup.dsv
[8.471s] -- Installing: /home/ml_nd/ROS2Level3_ws/install/executors_cpp/share/executors_cpp/package.dsv
[8.471s] -- Installing: /home/ml_nd/ROS2Level3_ws/install/executors_cpp/share/ament_index/resource_index/packages/executors_cpp
[8.471s] -- Installing: /home/ml_nd/ROS2Level3_ws/install/executors_cpp/share/executors_cpp/cmake/executors_cppConfig.cmake
[8.472s] -- Installing: /home/ml_nd/ROS2Level3_ws/install/executors_cpp/share/executors_cpp/cmake/executors_cppConfig-version.cmake
[8.472s] -- Installing: /home/ml_nd/ROS2Level3_ws/install/executors_cpp/share/executors_cpp/package.xml
[8.474s] Invoked command in '/home/ml_nd/ROS2Level3_ws/build/executors_cpp' returned '0': CMAKE_PREFIX_PATH=/opt/ros/humble /usr/bin/cmake --install /home/ml_nd/ROS2Level3_ws/build/executors_cpp
